<html>
<head>
<title>TestNG:  frame</title>
<link href="../testng.css" rel="stylesheet" type="text/css" />
<link href="../my-testng.css" rel="stylesheet" type="text/css" />

<style type="text/css">
.log { display: none;} 
.stack-trace { display: none;} 
</style>
<script type="text/javascript">
<!--
function flip(e) {
  current = e.style.display;
  if (current == 'block') {
    e.style.display = 'none';
    return 0;
  }
  else {
    e.style.display = 'block';
    return 1;
  }
}

function toggleBox(szDivId, elem, msg1, msg2)
{
  var res = -1;  if (document.getElementById) {
    res = flip(document.getElementById(szDivId));
  }
  else if (document.all) {
    // this is the way old msie versions work
    res = flip(document.all[szDivId]);
  }
  if(elem) {
    if(res == 0) elem.innerHTML = msg1; else elem.innerHTML = msg2;
  }

}

function toggleAllBoxes() {
  if (document.getElementsByTagName) {
    d = document.getElementsByTagName('div');
    for (i = 0; i < d.length; i++) {
      if (d[i].className == 'log') {
        flip(d[i]);
      }
    }
  }
}

// -->
</script>

</head>
<body>
<h2 align='center'>frame</h2><table border='1' align="center">
<tr>
<td>Tests passed/Failed/Skipped:</td><td>82/38/0</td>
</tr><tr>
<td>Started on:</td><td>Sun Aug 17 22:11:49 CST 2014</td>
</tr>
<tr><td>Total time:</td><td>2550 seconds (2550080 ms)</td>
</tr><tr>
<td>Included groups:</td><td></td>
</tr><tr>
<td>Excluded groups:</td><td></td>
</tr>
</table><p/>
<small><i>(Hover the method name to see the test class name)</i></small><p/>
<table width='100%' border='1' class='invocation-failed'>
<tr><td colspan='4' align='center'><b>FAILED TESTS</b></td></tr>
<tr><td><b>Test method</b></td>
<td width="30%"><b>Exception</b></td>
<td width="10%"><b>Time (seconds)</b></td>
<td><b>Instance</b></td>
</tr>
<tr>
<td title='com.code.test.ibnmsConfig.AgListTest.deployAG()'><b>deployAG</b><br>Test class: com.code.test.ibnmsConfig.AgListTest<br>Parameters: [Ljava.lang.String;@125797cf<br/>
<a href="#Output-1822237219" onClick='toggleBox("Output-1822237219", this, "Show output", "Hide output");'>Show output</a>

<a href="#Output-1822237219" onClick="toggleAllBoxes();">Show all outputs</a>
<div class='log' id="Output-1822237219">
TakesScreenshot截图<br/>
{用例描述=部署agent, 操作类型=部署, 期望值=已部署, 结束标记=结束, 用例编号=CASE1, 是否运行=是, 备注=, 主机名称_AG=seleniumIBMName1, 状态字段=部署状态}<br/>
</div>
</td>
<td><div><pre>java.lang.AssertionError: {用例描述=部署agent, 操作类型=部署, 期望值=已部署, 结束标记=结束, 用例编号=CASE1, 是否运行=是, 备注=, 主机名称_AG=seleniumIBMName1, 状态字段=部署状态} expected [已部署] but found [未部署]
	at com.code.common.Tools.assertEquals(Unknown Source)
	at com.code.test.ibnmsConfig.AgListTest.deployAG(Unknown Source)
... Removed 26 stack frames</pre></div><a href='#' onClick='toggleBox("stack-trace1822237219", this, "Click to show all stack frames", "Click to hide stack frames")'>Click to show all stack frames</a>
<div class='stack-trace' id='stack-trace1822237219'><pre>java.lang.AssertionError: {用例描述=部署agent, 操作类型=部署, 期望值=已部署, 结束标记=结束, 用例编号=CASE1, 是否运行=是, 备注=, 主机名称_AG=seleniumIBMName1, 状态字段=部署状态} expected [已部署] but found [未部署]
	at org.testng.Assert.fail(Assert.java:94)
	at org.testng.Assert.failNotEquals(Assert.java:494)
	at org.testng.Assert.assertEquals(Assert.java:123)
	at com.code.common.Tools.assertEquals(Unknown Source)
	at com.code.test.ibnmsConfig.AgListTest.deployAG(Unknown Source)
	at sun.reflect.NativeMethodAccessorImpl.invoke0(Native Method)
	at sun.reflect.NativeMethodAccessorImpl.invoke(NativeMethodAccessorImpl.java:39)
	at sun.reflect.DelegatingMethodAccessorImpl.invoke(DelegatingMethodAccessorImpl.java:25)
	at java.lang.reflect.Method.invoke(Method.java:597)
	at org.testng.internal.MethodInvocationHelper.invokeMethod(MethodInvocationHelper.java:84)
	at org.testng.internal.Invoker.invokeMethod(Invoker.java:714)
	at org.testng.internal.Invoker.invokeTestMethod(Invoker.java:901)
	at org.testng.internal.Invoker.invokeTestMethods(Invoker.java:1231)
	at org.testng.internal.TestMethodWorker.invokeTestMethods(TestMethodWorker.java:127)
	at org.testng.internal.TestMethodWorker.run(TestMethodWorker.java:111)
	at org.testng.TestRunner.privateRun(TestRunner.java:767)
	at org.testng.TestRunner.run(TestRunner.java:617)
	at org.testng.SuiteRunner.runTest(SuiteRunner.java:334)
	at org.testng.SuiteRunner.runSequentially(SuiteRunner.java:329)
	at org.testng.SuiteRunner.privateRun(SuiteRunner.java:291)
	at org.testng.SuiteRunner.run(SuiteRunner.java:240)
	at org.testng.SuiteRunnerWorker.runSuite(SuiteRunnerWorker.java:52)
	at org.testng.SuiteRunnerWorker.run(SuiteRunnerWorker.java:86)
	at org.testng.TestNG.runSuitesSequentially(TestNG.java:1224)
	at org.testng.TestNG.runSuitesLocally(TestNG.java:1149)
	at org.testng.TestNG.run(TestNG.java:1057)
	at org.testng.TestNG.privateMain(TestNG.java:1364)
	at org.testng.TestNG.main(TestNG.java:1333)
</pre></div></td>
<td>27</td>
<td>com.code.test.ibnmsConfig.AgListTest@3a4c5b4</td></tr>
<tr>
<td title='com.code.test.ibnmsConfig.AgListTest.deployAG()'><b>deployAG</b><br>Test class: com.code.test.ibnmsConfig.AgListTest<br>Parameters: [Ljava.lang.String;@764e75bc<br/>
<a href="#Output-1543748404" onClick='toggleBox("Output-1543748404", this, "Show output", "Hide output");'>Show output</a>

<a href="#Output-1543748404" onClick="toggleAllBoxes();">Show all outputs</a>
<div class='log' id="Output-1543748404">
点击元素失败！<br/>
TakesScreenshot截图<br/>
TakesScreenshot截图<br/>
{用例描述=启动agent, 操作类型=启动, 期望值=运行中, 结束标记=结束, 用例编号=CASE2, 是否运行=是, 备注=, 主机名称_AG=seleniumIBMName1, 状态字段=运行状态}<br/>
</div>
</td>
<td><div><pre>java.lang.AssertionError: {用例描述=启动agent, 操作类型=启动, 期望值=运行中, 结束标记=结束, 用例编号=CASE2, 是否运行=是, 备注=, 主机名称_AG=seleniumIBMName1, 状态字段=运行状态} expected [运行中] but found [已停止]
	at com.code.common.Tools.assertEquals(Unknown Source)
	at com.code.test.ibnmsConfig.AgListTest.deployAG(Unknown Source)
... Removed 26 stack frames</pre></div><a href='#' onClick='toggleBox("stack-trace1543748404", this, "Click to show all stack frames", "Click to hide stack frames")'>Click to show all stack frames</a>
<div class='stack-trace' id='stack-trace1543748404'><pre>java.lang.AssertionError: {用例描述=启动agent, 操作类型=启动, 期望值=运行中, 结束标记=结束, 用例编号=CASE2, 是否运行=是, 备注=, 主机名称_AG=seleniumIBMName1, 状态字段=运行状态} expected [运行中] but found [已停止]
	at org.testng.Assert.fail(Assert.java:94)
	at org.testng.Assert.failNotEquals(Assert.java:494)
	at org.testng.Assert.assertEquals(Assert.java:123)
	at com.code.common.Tools.assertEquals(Unknown Source)
	at com.code.test.ibnmsConfig.AgListTest.deployAG(Unknown Source)
	at sun.reflect.NativeMethodAccessorImpl.invoke0(Native Method)
	at sun.reflect.NativeMethodAccessorImpl.invoke(NativeMethodAccessorImpl.java:39)
	at sun.reflect.DelegatingMethodAccessorImpl.invoke(DelegatingMethodAccessorImpl.java:25)
	at java.lang.reflect.Method.invoke(Method.java:597)
	at org.testng.internal.MethodInvocationHelper.invokeMethod(MethodInvocationHelper.java:84)
	at org.testng.internal.Invoker.invokeMethod(Invoker.java:714)
	at org.testng.internal.Invoker.invokeTestMethod(Invoker.java:901)
	at org.testng.internal.Invoker.invokeTestMethods(Invoker.java:1231)
	at org.testng.internal.TestMethodWorker.invokeTestMethods(TestMethodWorker.java:127)
	at org.testng.internal.TestMethodWorker.run(TestMethodWorker.java:111)
	at org.testng.TestRunner.privateRun(TestRunner.java:767)
	at org.testng.TestRunner.run(TestRunner.java:617)
	at org.testng.SuiteRunner.runTest(SuiteRunner.java:334)
	at org.testng.SuiteRunner.runSequentially(SuiteRunner.java:329)
	at org.testng.SuiteRunner.privateRun(SuiteRunner.java:291)
	at org.testng.SuiteRunner.run(SuiteRunner.java:240)
	at org.testng.SuiteRunnerWorker.runSuite(SuiteRunnerWorker.java:52)
	at org.testng.SuiteRunnerWorker.run(SuiteRunnerWorker.java:86)
	at org.testng.TestNG.runSuitesSequentially(TestNG.java:1224)
	at org.testng.TestNG.runSuitesLocally(TestNG.java:1149)
	at org.testng.TestNG.run(TestNG.java:1057)
	at org.testng.TestNG.privateMain(TestNG.java:1364)
	at org.testng.TestNG.main(TestNG.java:1333)
</pre></div></td>
<td>39</td>
<td>com.code.test.ibnmsConfig.AgListTest@3a4c5b4</td></tr>
<tr>
<td title='com.code.test.ibnmsConfig.AgListTest.deployAG()'><b>deployAG</b><br>Test class: com.code.test.ibnmsConfig.AgListTest<br>Parameters: [Ljava.lang.String;@1913c652<br/>
<a href="#Output-1132952642" onClick='toggleBox("Output-1132952642", this, "Show output", "Hide output");'>Show output</a>

<a href="#Output-1132952642" onClick="toggleAllBoxes();">Show all outputs</a>
<div class='log' id="Output-1132952642">
点击元素失败！<br/>
TakesScreenshot截图<br/>
TakesScreenshot截图<br/>
{用例描述=卸载agent, 操作类型=卸载, 期望值=未部署, 结束标记=结束, 用例编号=CASE4, 是否运行=是, 备注=, 主机名称_AG=seleniumIBMName1, 状态字段=部署状态}<br/>
</div>
</td>
<td><div><pre>java.lang.AssertionError: {用例描述=卸载agent, 操作类型=卸载, 期望值=未部署, 结束标记=结束, 用例编号=CASE4, 是否运行=是, 备注=, 主机名称_AG=seleniumIBMName1, 状态字段=部署状态} expected [未部署] but found [已部署]
	at com.code.common.Tools.assertEquals(Unknown Source)
	at com.code.test.ibnmsConfig.AgListTest.deployAG(Unknown Source)
... Removed 26 stack frames</pre></div><a href='#' onClick='toggleBox("stack-trace1132952642", this, "Click to show all stack frames", "Click to hide stack frames")'>Click to show all stack frames</a>
<div class='stack-trace' id='stack-trace1132952642'><pre>java.lang.AssertionError: {用例描述=卸载agent, 操作类型=卸载, 期望值=未部署, 结束标记=结束, 用例编号=CASE4, 是否运行=是, 备注=, 主机名称_AG=seleniumIBMName1, 状态字段=部署状态} expected [未部署] but found [已部署]
	at org.testng.Assert.fail(Assert.java:94)
	at org.testng.Assert.failNotEquals(Assert.java:494)
	at org.testng.Assert.assertEquals(Assert.java:123)
	at com.code.common.Tools.assertEquals(Unknown Source)
	at com.code.test.ibnmsConfig.AgListTest.deployAG(Unknown Source)
	at sun.reflect.NativeMethodAccessorImpl.invoke0(Native Method)
	at sun.reflect.NativeMethodAccessorImpl.invoke(NativeMethodAccessorImpl.java:39)
	at sun.reflect.DelegatingMethodAccessorImpl.invoke(DelegatingMethodAccessorImpl.java:25)
	at java.lang.reflect.Method.invoke(Method.java:597)
	at org.testng.internal.MethodInvocationHelper.invokeMethod(MethodInvocationHelper.java:84)
	at org.testng.internal.Invoker.invokeMethod(Invoker.java:714)
	at org.testng.internal.Invoker.invokeTestMethod(Invoker.java:901)
	at org.testng.internal.Invoker.invokeTestMethods(Invoker.java:1231)
	at org.testng.internal.TestMethodWorker.invokeTestMethods(TestMethodWorker.java:127)
	at org.testng.internal.TestMethodWorker.run(TestMethodWorker.java:111)
	at org.testng.TestRunner.privateRun(TestRunner.java:767)
	at org.testng.TestRunner.run(TestRunner.java:617)
	at org.testng.SuiteRunner.runTest(SuiteRunner.java:334)
	at org.testng.SuiteRunner.runSequentially(SuiteRunner.java:329)
	at org.testng.SuiteRunner.privateRun(SuiteRunner.java:291)
	at org.testng.SuiteRunner.run(SuiteRunner.java:240)
	at org.testng.SuiteRunnerWorker.runSuite(SuiteRunnerWorker.java:52)
	at org.testng.SuiteRunnerWorker.run(SuiteRunnerWorker.java:86)
	at org.testng.TestNG.runSuitesSequentially(TestNG.java:1224)
	at org.testng.TestNG.runSuitesLocally(TestNG.java:1149)
	at org.testng.TestNG.run(TestNG.java:1057)
	at org.testng.TestNG.privateMain(TestNG.java:1364)
	at org.testng.TestNG.main(TestNG.java:1333)
</pre></div></td>
<td>40</td>
<td>com.code.test.ibnmsConfig.AgListTest@3a4c5b4</td></tr>
<tr>
<td title='com.code.test.ibnmsConfig.AgListTest.deployAG()'><b>deployAG</b><br>Test class: com.code.test.ibnmsConfig.AgListTest<br>Parameters: [Ljava.lang.String;@61413e5a<br/>
<a href="#Output-682921507" onClick='toggleBox("Output-682921507", this, "Show output", "Hide output");'>Show output</a>

<a href="#Output-682921507" onClick="toggleAllBoxes();">Show all outputs</a>
<div class='log' id="Output-682921507">
TakesScreenshot截图<br/>
{用例描述=部署可用agent, 操作类型=部署, 期望值=已部署, 结束标记=结束, 用例编号=CASE5, 是否运行=是, 备注=, 主机名称_AG=31test_bnms, 状态字段=部署状态}<br/>
</div>
</td>
<td><div><pre>java.lang.AssertionError: {用例描述=部署可用agent, 操作类型=部署, 期望值=已部署, 结束标记=结束, 用例编号=CASE5, 是否运行=是, 备注=, 主机名称_AG=31test_bnms, 状态字段=部署状态} expected [已部署] but found [未部署]
	at com.code.common.Tools.assertEquals(Unknown Source)
	at com.code.test.ibnmsConfig.AgListTest.deployAG(Unknown Source)
... Removed 26 stack frames</pre></div><a href='#' onClick='toggleBox("stack-trace682921507", this, "Click to show all stack frames", "Click to hide stack frames")'>Click to show all stack frames</a>
<div class='stack-trace' id='stack-trace682921507'><pre>java.lang.AssertionError: {用例描述=部署可用agent, 操作类型=部署, 期望值=已部署, 结束标记=结束, 用例编号=CASE5, 是否运行=是, 备注=, 主机名称_AG=31test_bnms, 状态字段=部署状态} expected [已部署] but found [未部署]
	at org.testng.Assert.fail(Assert.java:94)
	at org.testng.Assert.failNotEquals(Assert.java:494)
	at org.testng.Assert.assertEquals(Assert.java:123)
	at com.code.common.Tools.assertEquals(Unknown Source)
	at com.code.test.ibnmsConfig.AgListTest.deployAG(Unknown Source)
	at sun.reflect.NativeMethodAccessorImpl.invoke0(Native Method)
	at sun.reflect.NativeMethodAccessorImpl.invoke(NativeMethodAccessorImpl.java:39)
	at sun.reflect.DelegatingMethodAccessorImpl.invoke(DelegatingMethodAccessorImpl.java:25)
	at java.lang.reflect.Method.invoke(Method.java:597)
	at org.testng.internal.MethodInvocationHelper.invokeMethod(MethodInvocationHelper.java:84)
	at org.testng.internal.Invoker.invokeMethod(Invoker.java:714)
	at org.testng.internal.Invoker.invokeTestMethod(Invoker.java:901)
	at org.testng.internal.Invoker.invokeTestMethods(Invoker.java:1231)
	at org.testng.internal.TestMethodWorker.invokeTestMethods(TestMethodWorker.java:127)
	at org.testng.internal.TestMethodWorker.run(TestMethodWorker.java:111)
	at org.testng.TestRunner.privateRun(TestRunner.java:767)
	at org.testng.TestRunner.run(TestRunner.java:617)
	at org.testng.SuiteRunner.runTest(SuiteRunner.java:334)
	at org.testng.SuiteRunner.runSequentially(SuiteRunner.java:329)
	at org.testng.SuiteRunner.privateRun(SuiteRunner.java:291)
	at org.testng.SuiteRunner.run(SuiteRunner.java:240)
	at org.testng.SuiteRunnerWorker.runSuite(SuiteRunnerWorker.java:52)
	at org.testng.SuiteRunnerWorker.run(SuiteRunnerWorker.java:86)
	at org.testng.TestNG.runSuitesSequentially(TestNG.java:1224)
	at org.testng.TestNG.runSuitesLocally(TestNG.java:1149)
	at org.testng.TestNG.run(TestNG.java:1057)
	at org.testng.TestNG.privateMain(TestNG.java:1364)
	at org.testng.TestNG.main(TestNG.java:1333)
</pre></div></td>
<td>27</td>
<td>com.code.test.ibnmsConfig.AgListTest@3a4c5b4</td></tr>
<tr>
<td title='com.code.test.ibnmsConfig.AgListTest.deployAG()'><b>deployAG</b><br>Test class: com.code.test.ibnmsConfig.AgListTest<br>Parameters: [Ljava.lang.String;@264b898<br/>
<a href="#Output-864272376" onClick='toggleBox("Output-864272376", this, "Show output", "Hide output");'>Show output</a>

<a href="#Output-864272376" onClick="toggleAllBoxes();">Show all outputs</a>
<div class='log' id="Output-864272376">
TakesScreenshot截图<br/>
{用例描述=启动可用agent, 操作类型=启动, 期望值=运行中, 结束标记=结束, 用例编号=CASE6, 是否运行=是, 备注=, 主机名称_AG=31test_bnms, 状态字段=运行状态}<br/>
</div>
</td>
<td><div><pre>java.lang.AssertionError: {用例描述=启动可用agent, 操作类型=启动, 期望值=运行中, 结束标记=结束, 用例编号=CASE6, 是否运行=是, 备注=, 主机名称_AG=31test_bnms, 状态字段=运行状态} expected [运行中] but found [已停止]
	at com.code.common.Tools.assertEquals(Unknown Source)
	at com.code.test.ibnmsConfig.AgListTest.deployAG(Unknown Source)
... Removed 26 stack frames</pre></div><a href='#' onClick='toggleBox("stack-trace864272376", this, "Click to show all stack frames", "Click to hide stack frames")'>Click to show all stack frames</a>
<div class='stack-trace' id='stack-trace864272376'><pre>java.lang.AssertionError: {用例描述=启动可用agent, 操作类型=启动, 期望值=运行中, 结束标记=结束, 用例编号=CASE6, 是否运行=是, 备注=, 主机名称_AG=31test_bnms, 状态字段=运行状态} expected [运行中] but found [已停止]
	at org.testng.Assert.fail(Assert.java:94)
	at org.testng.Assert.failNotEquals(Assert.java:494)
	at org.testng.Assert.assertEquals(Assert.java:123)
	at com.code.common.Tools.assertEquals(Unknown Source)
	at com.code.test.ibnmsConfig.AgListTest.deployAG(Unknown Source)
	at sun.reflect.NativeMethodAccessorImpl.invoke0(Native Method)
	at sun.reflect.NativeMethodAccessorImpl.invoke(NativeMethodAccessorImpl.java:39)
	at sun.reflect.DelegatingMethodAccessorImpl.invoke(DelegatingMethodAccessorImpl.java:25)
	at java.lang.reflect.Method.invoke(Method.java:597)
	at org.testng.internal.MethodInvocationHelper.invokeMethod(MethodInvocationHelper.java:84)
	at org.testng.internal.Invoker.invokeMethod(Invoker.java:714)
	at org.testng.internal.Invoker.invokeTestMethod(Invoker.java:901)
	at org.testng.internal.Invoker.invokeTestMethods(Invoker.java:1231)
	at org.testng.internal.TestMethodWorker.invokeTestMethods(TestMethodWorker.java:127)
	at org.testng.internal.TestMethodWorker.run(TestMethodWorker.java:111)
	at org.testng.TestRunner.privateRun(TestRunner.java:767)
	at org.testng.TestRunner.run(TestRunner.java:617)
	at org.testng.SuiteRunner.runTest(SuiteRunner.java:334)
	at org.testng.SuiteRunner.runSequentially(SuiteRunner.java:329)
	at org.testng.SuiteRunner.privateRun(SuiteRunner.java:291)
	at org.testng.SuiteRunner.run(SuiteRunner.java:240)
	at org.testng.SuiteRunnerWorker.runSuite(SuiteRunnerWorker.java:52)
	at org.testng.SuiteRunnerWorker.run(SuiteRunnerWorker.java:86)
	at org.testng.TestNG.runSuitesSequentially(TestNG.java:1224)
	at org.testng.TestNG.runSuitesLocally(TestNG.java:1149)
	at org.testng.TestNG.run(TestNG.java:1057)
	at org.testng.TestNG.privateMain(TestNG.java:1364)
	at org.testng.TestNG.main(TestNG.java:1333)
</pre></div></td>
<td>19</td>
<td>com.code.test.ibnmsConfig.AgListTest@3a4c5b4</td></tr>
<tr>
<td title='com.code.test.ibnmsConfig.AgListTest.deployAG()'><b>deployAG</b><br>Test class: com.code.test.ibnmsConfig.AgListTest<br>Parameters: [Ljava.lang.String;@6204cfa9<br/>
<a href="#Output-1228257582" onClick='toggleBox("Output-1228257582", this, "Show output", "Hide output");'>Show output</a>

<a href="#Output-1228257582" onClick="toggleAllBoxes();">Show all outputs</a>
<div class='log' id="Output-1228257582">
TakesScreenshot截图<br/>
{用例描述=卸载可用agent, 操作类型=卸载, 期望值=未部署, 结束标记=结束, 用例编号=CASE8, 是否运行=是, 备注=, 主机名称_AG=31test_bnms, 状态字段=部署状态}<br/>
</div>
</td>
<td><div><pre>java.lang.AssertionError: {用例描述=卸载可用agent, 操作类型=卸载, 期望值=未部署, 结束标记=结束, 用例编号=CASE8, 是否运行=是, 备注=, 主机名称_AG=31test_bnms, 状态字段=部署状态} expected [未部署] but found [已部署]
	at com.code.common.Tools.assertEquals(Unknown Source)
	at com.code.test.ibnmsConfig.AgListTest.deployAG(Unknown Source)
... Removed 26 stack frames</pre></div><a href='#' onClick='toggleBox("stack-trace1228257582", this, "Click to show all stack frames", "Click to hide stack frames")'>Click to show all stack frames</a>
<div class='stack-trace' id='stack-trace1228257582'><pre>java.lang.AssertionError: {用例描述=卸载可用agent, 操作类型=卸载, 期望值=未部署, 结束标记=结束, 用例编号=CASE8, 是否运行=是, 备注=, 主机名称_AG=31test_bnms, 状态字段=部署状态} expected [未部署] but found [已部署]
	at org.testng.Assert.fail(Assert.java:94)
	at org.testng.Assert.failNotEquals(Assert.java:494)
	at org.testng.Assert.assertEquals(Assert.java:123)
	at com.code.common.Tools.assertEquals(Unknown Source)
	at com.code.test.ibnmsConfig.AgListTest.deployAG(Unknown Source)
	at sun.reflect.NativeMethodAccessorImpl.invoke0(Native Method)
	at sun.reflect.NativeMethodAccessorImpl.invoke(NativeMethodAccessorImpl.java:39)
	at sun.reflect.DelegatingMethodAccessorImpl.invoke(DelegatingMethodAccessorImpl.java:25)
	at java.lang.reflect.Method.invoke(Method.java:597)
	at org.testng.internal.MethodInvocationHelper.invokeMethod(MethodInvocationHelper.java:84)
	at org.testng.internal.Invoker.invokeMethod(Invoker.java:714)
	at org.testng.internal.Invoker.invokeTestMethod(Invoker.java:901)
	at org.testng.internal.Invoker.invokeTestMethods(Invoker.java:1231)
	at org.testng.internal.TestMethodWorker.invokeTestMethods(TestMethodWorker.java:127)
	at org.testng.internal.TestMethodWorker.run(TestMethodWorker.java:111)
	at org.testng.TestRunner.privateRun(TestRunner.java:767)
	at org.testng.TestRunner.run(TestRunner.java:617)
	at org.testng.SuiteRunner.runTest(SuiteRunner.java:334)
	at org.testng.SuiteRunner.runSequentially(SuiteRunner.java:329)
	at org.testng.SuiteRunner.privateRun(SuiteRunner.java:291)
	at org.testng.SuiteRunner.run(SuiteRunner.java:240)
	at org.testng.SuiteRunnerWorker.runSuite(SuiteRunnerWorker.java:52)
	at org.testng.SuiteRunnerWorker.run(SuiteRunnerWorker.java:86)
	at org.testng.TestNG.runSuitesSequentially(TestNG.java:1224)
	at org.testng.TestNG.runSuitesLocally(TestNG.java:1149)
	at org.testng.TestNG.run(TestNG.java:1057)
	at org.testng.TestNG.privateMain(TestNG.java:1364)
	at org.testng.TestNG.main(TestNG.java:1333)
</pre></div></td>
<td>22</td>
<td>com.code.test.ibnmsConfig.AgListTest@3a4c5b4</td></tr>
<tr>
<td title='com.code.test.ibnmsConfig.AgListTest.deployAG()'><b>deployAG</b><br>Test class: com.code.test.ibnmsConfig.AgListTest<br>Parameters: [Ljava.lang.String;@29dd9285<br/>
<a href="#Output-763150365" onClick='toggleBox("Output-763150365", this, "Show output", "Hide output");'>Show output</a>

<a href="#Output-763150365" onClick="toggleAllBoxes();">Show all outputs</a>
<div class='log' id="Output-763150365">
TakesScreenshot截图<br/>
{用例描述=部署可用agent, 操作类型=部署, 期望值=已部署, 结束标记=结束, 用例编号=CASE5, 是否运行=是, 备注=, 主机名称_AG=31test_bnms, 状态字段=部署状态}<br/>
</div>
</td>
<td><div><pre>java.lang.AssertionError: {用例描述=部署可用agent, 操作类型=部署, 期望值=已部署, 结束标记=结束, 用例编号=CASE5, 是否运行=是, 备注=, 主机名称_AG=31test_bnms, 状态字段=部署状态} expected [已部署] but found [未部署]
	at com.code.common.Tools.assertEquals(Unknown Source)
	at com.code.test.ibnmsConfig.AgListTest.deployAG(Unknown Source)
... Removed 26 stack frames</pre></div><a href='#' onClick='toggleBox("stack-trace763150365", this, "Click to show all stack frames", "Click to hide stack frames")'>Click to show all stack frames</a>
<div class='stack-trace' id='stack-trace763150365'><pre>java.lang.AssertionError: {用例描述=部署可用agent, 操作类型=部署, 期望值=已部署, 结束标记=结束, 用例编号=CASE5, 是否运行=是, 备注=, 主机名称_AG=31test_bnms, 状态字段=部署状态} expected [已部署] but found [未部署]
	at org.testng.Assert.fail(Assert.java:94)
	at org.testng.Assert.failNotEquals(Assert.java:494)
	at org.testng.Assert.assertEquals(Assert.java:123)
	at com.code.common.Tools.assertEquals(Unknown Source)
	at com.code.test.ibnmsConfig.AgListTest.deployAG(Unknown Source)
	at sun.reflect.NativeMethodAccessorImpl.invoke0(Native Method)
	at sun.reflect.NativeMethodAccessorImpl.invoke(NativeMethodAccessorImpl.java:39)
	at sun.reflect.DelegatingMethodAccessorImpl.invoke(DelegatingMethodAccessorImpl.java:25)
	at java.lang.reflect.Method.invoke(Method.java:597)
	at org.testng.internal.MethodInvocationHelper.invokeMethod(MethodInvocationHelper.java:84)
	at org.testng.internal.Invoker.invokeMethod(Invoker.java:714)
	at org.testng.internal.Invoker.invokeTestMethod(Invoker.java:901)
	at org.testng.internal.Invoker.invokeTestMethods(Invoker.java:1231)
	at org.testng.internal.TestMethodWorker.invokeTestMethods(TestMethodWorker.java:127)
	at org.testng.internal.TestMethodWorker.run(TestMethodWorker.java:111)
	at org.testng.TestRunner.privateRun(TestRunner.java:767)
	at org.testng.TestRunner.run(TestRunner.java:617)
	at org.testng.SuiteRunner.runTest(SuiteRunner.java:334)
	at org.testng.SuiteRunner.runSequentially(SuiteRunner.java:329)
	at org.testng.SuiteRunner.privateRun(SuiteRunner.java:291)
	at org.testng.SuiteRunner.run(SuiteRunner.java:240)
	at org.testng.SuiteRunnerWorker.runSuite(SuiteRunnerWorker.java:52)
	at org.testng.SuiteRunnerWorker.run(SuiteRunnerWorker.java:86)
	at org.testng.TestNG.runSuitesSequentially(TestNG.java:1224)
	at org.testng.TestNG.runSuitesLocally(TestNG.java:1149)
	at org.testng.TestNG.run(TestNG.java:1057)
	at org.testng.TestNG.privateMain(TestNG.java:1364)
	at org.testng.TestNG.main(TestNG.java:1333)
</pre></div></td>
<td>26</td>
<td>com.code.test.ibnmsConfig.AgListTest@3a4c5b4</td></tr>
<tr>
<td title='com.code.test.ibnmsConfig.AgListTest.deployAG()'><b>deployAG</b><br>Test class: com.code.test.ibnmsConfig.AgListTest<br>Parameters: [Ljava.lang.String;@11be6f3c<br/>
<a href="#Output-1203129835" onClick='toggleBox("Output-1203129835", this, "Show output", "Hide output");'>Show output</a>

<a href="#Output-1203129835" onClick="toggleAllBoxes();">Show all outputs</a>
<div class='log' id="Output-1203129835">
TakesScreenshot截图<br/>
{用例描述=启动可用agent, 操作类型=启动, 期望值=运行中, 结束标记=结束, 用例编号=CASE6, 是否运行=是, 备注=, 主机名称_AG=31test_bnms, 状态字段=运行状态}<br/>
</div>
</td>
<td><div><pre>java.lang.AssertionError: {用例描述=启动可用agent, 操作类型=启动, 期望值=运行中, 结束标记=结束, 用例编号=CASE6, 是否运行=是, 备注=, 主机名称_AG=31test_bnms, 状态字段=运行状态} expected [运行中] but found [已停止]
	at com.code.common.Tools.assertEquals(Unknown Source)
	at com.code.test.ibnmsConfig.AgListTest.deployAG(Unknown Source)
... Removed 26 stack frames</pre></div><a href='#' onClick='toggleBox("stack-trace1203129835", this, "Click to show all stack frames", "Click to hide stack frames")'>Click to show all stack frames</a>
<div class='stack-trace' id='stack-trace1203129835'><pre>java.lang.AssertionError: {用例描述=启动可用agent, 操作类型=启动, 期望值=运行中, 结束标记=结束, 用例编号=CASE6, 是否运行=是, 备注=, 主机名称_AG=31test_bnms, 状态字段=运行状态} expected [运行中] but found [已停止]
	at org.testng.Assert.fail(Assert.java:94)
	at org.testng.Assert.failNotEquals(Assert.java:494)
	at org.testng.Assert.assertEquals(Assert.java:123)
	at com.code.common.Tools.assertEquals(Unknown Source)
	at com.code.test.ibnmsConfig.AgListTest.deployAG(Unknown Source)
	at sun.reflect.NativeMethodAccessorImpl.invoke0(Native Method)
	at sun.reflect.NativeMethodAccessorImpl.invoke(NativeMethodAccessorImpl.java:39)
	at sun.reflect.DelegatingMethodAccessorImpl.invoke(DelegatingMethodAccessorImpl.java:25)
	at java.lang.reflect.Method.invoke(Method.java:597)
	at org.testng.internal.MethodInvocationHelper.invokeMethod(MethodInvocationHelper.java:84)
	at org.testng.internal.Invoker.invokeMethod(Invoker.java:714)
	at org.testng.internal.Invoker.invokeTestMethod(Invoker.java:901)
	at org.testng.internal.Invoker.invokeTestMethods(Invoker.java:1231)
	at org.testng.internal.TestMethodWorker.invokeTestMethods(TestMethodWorker.java:127)
	at org.testng.internal.TestMethodWorker.run(TestMethodWorker.java:111)
	at org.testng.TestRunner.privateRun(TestRunner.java:767)
	at org.testng.TestRunner.run(TestRunner.java:617)
	at org.testng.SuiteRunner.runTest(SuiteRunner.java:334)
	at org.testng.SuiteRunner.runSequentially(SuiteRunner.java:329)
	at org.testng.SuiteRunner.privateRun(SuiteRunner.java:291)
	at org.testng.SuiteRunner.run(SuiteRunner.java:240)
	at org.testng.SuiteRunnerWorker.runSuite(SuiteRunnerWorker.java:52)
	at org.testng.SuiteRunnerWorker.run(SuiteRunnerWorker.java:86)
	at org.testng.TestNG.runSuitesSequentially(TestNG.java:1224)
	at org.testng.TestNG.runSuitesLocally(TestNG.java:1149)
	at org.testng.TestNG.run(TestNG.java:1057)
	at org.testng.TestNG.privateMain(TestNG.java:1364)
	at org.testng.TestNG.main(TestNG.java:1333)
</pre></div></td>
<td>18</td>
<td>com.code.test.ibnmsConfig.AgListTest@3a4c5b4</td></tr>
<tr>
<td title='com.code.test.ibnmsConfig.MQListTest.deployMQ()'><b>deployMQ</b><br>Test class: com.code.test.ibnmsConfig.MQListTest<br>Parameters: [Ljava.lang.String;@6d78d53d<br/>
<a href="#Output-1562916902" onClick='toggleBox("Output-1562916902", this, "Show output", "Hide output");'>Show output</a>

<a href="#Output-1562916902" onClick="toggleAllBoxes();">Show all outputs</a>
<div class='log' id="Output-1562916902">
点击元素失败！<br/>
TakesScreenshot截图<br/>
TakesScreenshot截图<br/>
{用例描述=部署MQ, 列表匹配数据=seleniumIBMMQ1, 操作类型=部署, 列表选择器=MQ名称, 期望值=已部署, 结束标记=结束, 用例编号=CASE1, 是否运行=是, 备注=, 状态字段=部署状态}<br/>
</div>
</td>
<td><div><pre>java.lang.AssertionError: {用例描述=部署MQ, 列表匹配数据=seleniumIBMMQ1, 操作类型=部署, 列表选择器=MQ名称, 期望值=已部署, 结束标记=结束, 用例编号=CASE1, 是否运行=是, 备注=, 状态字段=部署状态} expected [已部署] but found [未部署]
	at com.code.common.Tools.assertEquals(Unknown Source)
	at com.code.test.ibnmsConfig.MQListTest.deployMQ(Unknown Source)
... Removed 26 stack frames</pre></div><a href='#' onClick='toggleBox("stack-trace1562916902", this, "Click to show all stack frames", "Click to hide stack frames")'>Click to show all stack frames</a>
<div class='stack-trace' id='stack-trace1562916902'><pre>java.lang.AssertionError: {用例描述=部署MQ, 列表匹配数据=seleniumIBMMQ1, 操作类型=部署, 列表选择器=MQ名称, 期望值=已部署, 结束标记=结束, 用例编号=CASE1, 是否运行=是, 备注=, 状态字段=部署状态} expected [已部署] but found [未部署]
	at org.testng.Assert.fail(Assert.java:94)
	at org.testng.Assert.failNotEquals(Assert.java:494)
	at org.testng.Assert.assertEquals(Assert.java:123)
	at com.code.common.Tools.assertEquals(Unknown Source)
	at com.code.test.ibnmsConfig.MQListTest.deployMQ(Unknown Source)
	at sun.reflect.NativeMethodAccessorImpl.invoke0(Native Method)
	at sun.reflect.NativeMethodAccessorImpl.invoke(NativeMethodAccessorImpl.java:39)
	at sun.reflect.DelegatingMethodAccessorImpl.invoke(DelegatingMethodAccessorImpl.java:25)
	at java.lang.reflect.Method.invoke(Method.java:597)
	at org.testng.internal.MethodInvocationHelper.invokeMethod(MethodInvocationHelper.java:84)
	at org.testng.internal.Invoker.invokeMethod(Invoker.java:714)
	at org.testng.internal.Invoker.invokeTestMethod(Invoker.java:901)
	at org.testng.internal.Invoker.invokeTestMethods(Invoker.java:1231)
	at org.testng.internal.TestMethodWorker.invokeTestMethods(TestMethodWorker.java:127)
	at org.testng.internal.TestMethodWorker.run(TestMethodWorker.java:111)
	at org.testng.TestRunner.privateRun(TestRunner.java:767)
	at org.testng.TestRunner.run(TestRunner.java:617)
	at org.testng.SuiteRunner.runTest(SuiteRunner.java:334)
	at org.testng.SuiteRunner.runSequentially(SuiteRunner.java:329)
	at org.testng.SuiteRunner.privateRun(SuiteRunner.java:291)
	at org.testng.SuiteRunner.run(SuiteRunner.java:240)
	at org.testng.SuiteRunnerWorker.runSuite(SuiteRunnerWorker.java:52)
	at org.testng.SuiteRunnerWorker.run(SuiteRunnerWorker.java:86)
	at org.testng.TestNG.runSuitesSequentially(TestNG.java:1224)
	at org.testng.TestNG.runSuitesLocally(TestNG.java:1149)
	at org.testng.TestNG.run(TestNG.java:1057)
	at org.testng.TestNG.privateMain(TestNG.java:1364)
	at org.testng.TestNG.main(TestNG.java:1333)
</pre></div></td>
<td>36</td>
<td>com.code.test.ibnmsConfig.MQListTest@6f57b46f</td></tr>
<tr>
<td title='com.code.test.ibnmsConfig.MQListTest.deployMQ()'><b>deployMQ</b><br>Test class: com.code.test.ibnmsConfig.MQListTest<br>Parameters: [Ljava.lang.String;@17f7cff1<br/>
<a href="#Output-451360643" onClick='toggleBox("Output-451360643", this, "Show output", "Hide output");'>Show output</a>

<a href="#Output-451360643" onClick="toggleAllBoxes();">Show all outputs</a>
<div class='log' id="Output-451360643">
点击元素失败！<br/>
TakesScreenshot截图<br/>
TakesScreenshot截图<br/>
{用例描述=启动MQ, 列表匹配数据=seleniumIBMMQ1, 操作类型=启动, 列表选择器=MQ名称, 期望值=运行中, 结束标记=结束, 用例编号=CASE2, 是否运行=是, 备注=, 状态字段=运行状态}<br/>
</div>
</td>
<td><div><pre>java.lang.AssertionError: {用例描述=启动MQ, 列表匹配数据=seleniumIBMMQ1, 操作类型=启动, 列表选择器=MQ名称, 期望值=运行中, 结束标记=结束, 用例编号=CASE2, 是否运行=是, 备注=, 状态字段=运行状态} expected [运行中] but found [已停止]
	at com.code.common.Tools.assertEquals(Unknown Source)
	at com.code.test.ibnmsConfig.MQListTest.deployMQ(Unknown Source)
... Removed 26 stack frames</pre></div><a href='#' onClick='toggleBox("stack-trace451360643", this, "Click to show all stack frames", "Click to hide stack frames")'>Click to show all stack frames</a>
<div class='stack-trace' id='stack-trace451360643'><pre>java.lang.AssertionError: {用例描述=启动MQ, 列表匹配数据=seleniumIBMMQ1, 操作类型=启动, 列表选择器=MQ名称, 期望值=运行中, 结束标记=结束, 用例编号=CASE2, 是否运行=是, 备注=, 状态字段=运行状态} expected [运行中] but found [已停止]
	at org.testng.Assert.fail(Assert.java:94)
	at org.testng.Assert.failNotEquals(Assert.java:494)
	at org.testng.Assert.assertEquals(Assert.java:123)
	at com.code.common.Tools.assertEquals(Unknown Source)
	at com.code.test.ibnmsConfig.MQListTest.deployMQ(Unknown Source)
	at sun.reflect.NativeMethodAccessorImpl.invoke0(Native Method)
	at sun.reflect.NativeMethodAccessorImpl.invoke(NativeMethodAccessorImpl.java:39)
	at sun.reflect.DelegatingMethodAccessorImpl.invoke(DelegatingMethodAccessorImpl.java:25)
	at java.lang.reflect.Method.invoke(Method.java:597)
	at org.testng.internal.MethodInvocationHelper.invokeMethod(MethodInvocationHelper.java:84)
	at org.testng.internal.Invoker.invokeMethod(Invoker.java:714)
	at org.testng.internal.Invoker.invokeTestMethod(Invoker.java:901)
	at org.testng.internal.Invoker.invokeTestMethods(Invoker.java:1231)
	at org.testng.internal.TestMethodWorker.invokeTestMethods(TestMethodWorker.java:127)
	at org.testng.internal.TestMethodWorker.run(TestMethodWorker.java:111)
	at org.testng.TestRunner.privateRun(TestRunner.java:767)
	at org.testng.TestRunner.run(TestRunner.java:617)
	at org.testng.SuiteRunner.runTest(SuiteRunner.java:334)
	at org.testng.SuiteRunner.runSequentially(SuiteRunner.java:329)
	at org.testng.SuiteRunner.privateRun(SuiteRunner.java:291)
	at org.testng.SuiteRunner.run(SuiteRunner.java:240)
	at org.testng.SuiteRunnerWorker.runSuite(SuiteRunnerWorker.java:52)
	at org.testng.SuiteRunnerWorker.run(SuiteRunnerWorker.java:86)
	at org.testng.TestNG.runSuitesSequentially(TestNG.java:1224)
	at org.testng.TestNG.runSuitesLocally(TestNG.java:1149)
	at org.testng.TestNG.run(TestNG.java:1057)
	at org.testng.TestNG.privateMain(TestNG.java:1364)
	at org.testng.TestNG.main(TestNG.java:1333)
</pre></div></td>
<td>34</td>
<td>com.code.test.ibnmsConfig.MQListTest@6f57b46f</td></tr>
<tr>
<td title='com.code.test.ibnmsConfig.MQListTest.deployMQ()'><b>deployMQ</b><br>Test class: com.code.test.ibnmsConfig.MQListTest<br>Parameters: [Ljava.lang.String;@e74e382<br/>
<a href="#Output-488991347" onClick='toggleBox("Output-488991347", this, "Show output", "Hide output");'>Show output</a>

<a href="#Output-488991347" onClick="toggleAllBoxes();">Show all outputs</a>
<div class='log' id="Output-488991347">
TakesScreenshot截图<br/>
{用例描述=部署可用MQ, 列表匹配数据=seleniumMQ, 操作类型=部署, 列表选择器=MQ名称, 期望值=已部署, 结束标记=结束, 用例编号=CASE5, 是否运行=是, 备注=, 状态字段=部署状态}<br/>
</div>
</td>
<td><div><pre>java.lang.AssertionError: {用例描述=部署可用MQ, 列表匹配数据=seleniumMQ, 操作类型=部署, 列表选择器=MQ名称, 期望值=已部署, 结束标记=结束, 用例编号=CASE5, 是否运行=是, 备注=, 状态字段=部署状态} expected [已部署] but found [未部署]
	at com.code.common.Tools.assertEquals(Unknown Source)
	at com.code.test.ibnmsConfig.MQListTest.deployMQ(Unknown Source)
... Removed 26 stack frames</pre></div><a href='#' onClick='toggleBox("stack-trace488991347", this, "Click to show all stack frames", "Click to hide stack frames")'>Click to show all stack frames</a>
<div class='stack-trace' id='stack-trace488991347'><pre>java.lang.AssertionError: {用例描述=部署可用MQ, 列表匹配数据=seleniumMQ, 操作类型=部署, 列表选择器=MQ名称, 期望值=已部署, 结束标记=结束, 用例编号=CASE5, 是否运行=是, 备注=, 状态字段=部署状态} expected [已部署] but found [未部署]
	at org.testng.Assert.fail(Assert.java:94)
	at org.testng.Assert.failNotEquals(Assert.java:494)
	at org.testng.Assert.assertEquals(Assert.java:123)
	at com.code.common.Tools.assertEquals(Unknown Source)
	at com.code.test.ibnmsConfig.MQListTest.deployMQ(Unknown Source)
	at sun.reflect.NativeMethodAccessorImpl.invoke0(Native Method)
	at sun.reflect.NativeMethodAccessorImpl.invoke(NativeMethodAccessorImpl.java:39)
	at sun.reflect.DelegatingMethodAccessorImpl.invoke(DelegatingMethodAccessorImpl.java:25)
	at java.lang.reflect.Method.invoke(Method.java:597)
	at org.testng.internal.MethodInvocationHelper.invokeMethod(MethodInvocationHelper.java:84)
	at org.testng.internal.Invoker.invokeMethod(Invoker.java:714)
	at org.testng.internal.Invoker.invokeTestMethod(Invoker.java:901)
	at org.testng.internal.Invoker.invokeTestMethods(Invoker.java:1231)
	at org.testng.internal.TestMethodWorker.invokeTestMethods(TestMethodWorker.java:127)
	at org.testng.internal.TestMethodWorker.run(TestMethodWorker.java:111)
	at org.testng.TestRunner.privateRun(TestRunner.java:767)
	at org.testng.TestRunner.run(TestRunner.java:617)
	at org.testng.SuiteRunner.runTest(SuiteRunner.java:334)
	at org.testng.SuiteRunner.runSequentially(SuiteRunner.java:329)
	at org.testng.SuiteRunner.privateRun(SuiteRunner.java:291)
	at org.testng.SuiteRunner.run(SuiteRunner.java:240)
	at org.testng.SuiteRunnerWorker.runSuite(SuiteRunnerWorker.java:52)
	at org.testng.SuiteRunnerWorker.run(SuiteRunnerWorker.java:86)
	at org.testng.TestNG.runSuitesSequentially(TestNG.java:1224)
	at org.testng.TestNG.runSuitesLocally(TestNG.java:1149)
	at org.testng.TestNG.run(TestNG.java:1057)
	at org.testng.TestNG.privateMain(TestNG.java:1364)
	at org.testng.TestNG.main(TestNG.java:1333)
</pre></div></td>
<td>26</td>
<td>com.code.test.ibnmsConfig.MQListTest@6f57b46f</td></tr>
<tr>
<td title='com.code.test.ibnmsConfig.MQListTest.deployMQ()'><b>deployMQ</b><br>Test class: com.code.test.ibnmsConfig.MQListTest<br>Parameters: [Ljava.lang.String;@1c047338<br/>
<a href="#Output-2123598666" onClick='toggleBox("Output-2123598666", this, "Show output", "Hide output");'>Show output</a>

<a href="#Output-2123598666" onClick="toggleAllBoxes();">Show all outputs</a>
<div class='log' id="Output-2123598666">
TakesScreenshot截图<br/>
{用例描述=启动可用MQ, 列表匹配数据=seleniumMQ, 操作类型=启动, 列表选择器=MQ名称, 期望值=运行中, 结束标记=结束, 用例编号=CASE6, 是否运行=是, 备注=, 状态字段=运行状态}<br/>
</div>
</td>
<td><div><pre>java.lang.AssertionError: {用例描述=启动可用MQ, 列表匹配数据=seleniumMQ, 操作类型=启动, 列表选择器=MQ名称, 期望值=运行中, 结束标记=结束, 用例编号=CASE6, 是否运行=是, 备注=, 状态字段=运行状态} expected [运行中] but found [已停止]
	at com.code.common.Tools.assertEquals(Unknown Source)
	at com.code.test.ibnmsConfig.MQListTest.deployMQ(Unknown Source)
... Removed 26 stack frames</pre></div><a href='#' onClick='toggleBox("stack-trace2123598666", this, "Click to show all stack frames", "Click to hide stack frames")'>Click to show all stack frames</a>
<div class='stack-trace' id='stack-trace2123598666'><pre>java.lang.AssertionError: {用例描述=启动可用MQ, 列表匹配数据=seleniumMQ, 操作类型=启动, 列表选择器=MQ名称, 期望值=运行中, 结束标记=结束, 用例编号=CASE6, 是否运行=是, 备注=, 状态字段=运行状态} expected [运行中] but found [已停止]
	at org.testng.Assert.fail(Assert.java:94)
	at org.testng.Assert.failNotEquals(Assert.java:494)
	at org.testng.Assert.assertEquals(Assert.java:123)
	at com.code.common.Tools.assertEquals(Unknown Source)
	at com.code.test.ibnmsConfig.MQListTest.deployMQ(Unknown Source)
	at sun.reflect.NativeMethodAccessorImpl.invoke0(Native Method)
	at sun.reflect.NativeMethodAccessorImpl.invoke(NativeMethodAccessorImpl.java:39)
	at sun.reflect.DelegatingMethodAccessorImpl.invoke(DelegatingMethodAccessorImpl.java:25)
	at java.lang.reflect.Method.invoke(Method.java:597)
	at org.testng.internal.MethodInvocationHelper.invokeMethod(MethodInvocationHelper.java:84)
	at org.testng.internal.Invoker.invokeMethod(Invoker.java:714)
	at org.testng.internal.Invoker.invokeTestMethod(Invoker.java:901)
	at org.testng.internal.Invoker.invokeTestMethods(Invoker.java:1231)
	at org.testng.internal.TestMethodWorker.invokeTestMethods(TestMethodWorker.java:127)
	at org.testng.internal.TestMethodWorker.run(TestMethodWorker.java:111)
	at org.testng.TestRunner.privateRun(TestRunner.java:767)
	at org.testng.TestRunner.run(TestRunner.java:617)
	at org.testng.SuiteRunner.runTest(SuiteRunner.java:334)
	at org.testng.SuiteRunner.runSequentially(SuiteRunner.java:329)
	at org.testng.SuiteRunner.privateRun(SuiteRunner.java:291)
	at org.testng.SuiteRunner.run(SuiteRunner.java:240)
	at org.testng.SuiteRunnerWorker.runSuite(SuiteRunnerWorker.java:52)
	at org.testng.SuiteRunnerWorker.run(SuiteRunnerWorker.java:86)
	at org.testng.TestNG.runSuitesSequentially(TestNG.java:1224)
	at org.testng.TestNG.runSuitesLocally(TestNG.java:1149)
	at org.testng.TestNG.run(TestNG.java:1057)
	at org.testng.TestNG.privateMain(TestNG.java:1364)
	at org.testng.TestNG.main(TestNG.java:1333)
</pre></div></td>
<td>17</td>
<td>com.code.test.ibnmsConfig.MQListTest@6f57b46f</td></tr>
<tr>
<td title='com.code.test.ibnmsConfig.MQListTest.deployMQ()'><b>deployMQ</b><br>Test class: com.code.test.ibnmsConfig.MQListTest<br>Parameters: [Ljava.lang.String;@68286fe6<br/>
<a href="#Output-1586349607" onClick='toggleBox("Output-1586349607", this, "Show output", "Hide output");'>Show output</a>

<a href="#Output-1586349607" onClick="toggleAllBoxes();">Show all outputs</a>
<div class='log' id="Output-1586349607">
TakesScreenshot截图<br/>
{用例描述=部署可用MQ, 列表匹配数据=seleniumMQ, 操作类型=部署, 列表选择器=MQ名称, 期望值=已部署, 结束标记=结束, 用例编号=CASE5, 是否运行=是, 备注=, 状态字段=部署状态}<br/>
</div>
</td>
<td><div><pre>java.lang.AssertionError: {用例描述=部署可用MQ, 列表匹配数据=seleniumMQ, 操作类型=部署, 列表选择器=MQ名称, 期望值=已部署, 结束标记=结束, 用例编号=CASE5, 是否运行=是, 备注=, 状态字段=部署状态} expected [已部署] but found [未部署]
	at com.code.common.Tools.assertEquals(Unknown Source)
	at com.code.test.ibnmsConfig.MQListTest.deployMQ(Unknown Source)
... Removed 26 stack frames</pre></div><a href='#' onClick='toggleBox("stack-trace1586349607", this, "Click to show all stack frames", "Click to hide stack frames")'>Click to show all stack frames</a>
<div class='stack-trace' id='stack-trace1586349607'><pre>java.lang.AssertionError: {用例描述=部署可用MQ, 列表匹配数据=seleniumMQ, 操作类型=部署, 列表选择器=MQ名称, 期望值=已部署, 结束标记=结束, 用例编号=CASE5, 是否运行=是, 备注=, 状态字段=部署状态} expected [已部署] but found [未部署]
	at org.testng.Assert.fail(Assert.java:94)
	at org.testng.Assert.failNotEquals(Assert.java:494)
	at org.testng.Assert.assertEquals(Assert.java:123)
	at com.code.common.Tools.assertEquals(Unknown Source)
	at com.code.test.ibnmsConfig.MQListTest.deployMQ(Unknown Source)
	at sun.reflect.NativeMethodAccessorImpl.invoke0(Native Method)
	at sun.reflect.NativeMethodAccessorImpl.invoke(NativeMethodAccessorImpl.java:39)
	at sun.reflect.DelegatingMethodAccessorImpl.invoke(DelegatingMethodAccessorImpl.java:25)
	at java.lang.reflect.Method.invoke(Method.java:597)
	at org.testng.internal.MethodInvocationHelper.invokeMethod(MethodInvocationHelper.java:84)
	at org.testng.internal.Invoker.invokeMethod(Invoker.java:714)
	at org.testng.internal.Invoker.invokeTestMethod(Invoker.java:901)
	at org.testng.internal.Invoker.invokeTestMethods(Invoker.java:1231)
	at org.testng.internal.TestMethodWorker.invokeTestMethods(TestMethodWorker.java:127)
	at org.testng.internal.TestMethodWorker.run(TestMethodWorker.java:111)
	at org.testng.TestRunner.privateRun(TestRunner.java:767)
	at org.testng.TestRunner.run(TestRunner.java:617)
	at org.testng.SuiteRunner.runTest(SuiteRunner.java:334)
	at org.testng.SuiteRunner.runSequentially(SuiteRunner.java:329)
	at org.testng.SuiteRunner.privateRun(SuiteRunner.java:291)
	at org.testng.SuiteRunner.run(SuiteRunner.java:240)
	at org.testng.SuiteRunnerWorker.runSuite(SuiteRunnerWorker.java:52)
	at org.testng.SuiteRunnerWorker.run(SuiteRunnerWorker.java:86)
	at org.testng.TestNG.runSuitesSequentially(TestNG.java:1224)
	at org.testng.TestNG.runSuitesLocally(TestNG.java:1149)
	at org.testng.TestNG.run(TestNG.java:1057)
	at org.testng.TestNG.privateMain(TestNG.java:1364)
	at org.testng.TestNG.main(TestNG.java:1333)
</pre></div></td>
<td>26</td>
<td>com.code.test.ibnmsConfig.MQListTest@6f57b46f</td></tr>
<tr>
<td title='com.code.test.ibnmsConfig.MQListTest.deployMQ()'><b>deployMQ</b><br>Test class: com.code.test.ibnmsConfig.MQListTest<br>Parameters: [Ljava.lang.String;@36ca9a76<br/>
<a href="#Output-852671315" onClick='toggleBox("Output-852671315", this, "Show output", "Hide output");'>Show output</a>

<a href="#Output-852671315" onClick="toggleAllBoxes();">Show all outputs</a>
<div class='log' id="Output-852671315">
TakesScreenshot截图<br/>
{用例描述=启动可用MQ, 列表匹配数据=seleniumMQ, 操作类型=启动, 列表选择器=MQ名称, 期望值=运行中, 结束标记=结束, 用例编号=CASE6, 是否运行=是, 备注=, 状态字段=运行状态}<br/>
</div>
</td>
<td><div><pre>java.lang.AssertionError: {用例描述=启动可用MQ, 列表匹配数据=seleniumMQ, 操作类型=启动, 列表选择器=MQ名称, 期望值=运行中, 结束标记=结束, 用例编号=CASE6, 是否运行=是, 备注=, 状态字段=运行状态} expected [运行中] but found [已停止]
	at com.code.common.Tools.assertEquals(Unknown Source)
	at com.code.test.ibnmsConfig.MQListTest.deployMQ(Unknown Source)
... Removed 26 stack frames</pre></div><a href='#' onClick='toggleBox("stack-trace852671315", this, "Click to show all stack frames", "Click to hide stack frames")'>Click to show all stack frames</a>
<div class='stack-trace' id='stack-trace852671315'><pre>java.lang.AssertionError: {用例描述=启动可用MQ, 列表匹配数据=seleniumMQ, 操作类型=启动, 列表选择器=MQ名称, 期望值=运行中, 结束标记=结束, 用例编号=CASE6, 是否运行=是, 备注=, 状态字段=运行状态} expected [运行中] but found [已停止]
	at org.testng.Assert.fail(Assert.java:94)
	at org.testng.Assert.failNotEquals(Assert.java:494)
	at org.testng.Assert.assertEquals(Assert.java:123)
	at com.code.common.Tools.assertEquals(Unknown Source)
	at com.code.test.ibnmsConfig.MQListTest.deployMQ(Unknown Source)
	at sun.reflect.NativeMethodAccessorImpl.invoke0(Native Method)
	at sun.reflect.NativeMethodAccessorImpl.invoke(NativeMethodAccessorImpl.java:39)
	at sun.reflect.DelegatingMethodAccessorImpl.invoke(DelegatingMethodAccessorImpl.java:25)
	at java.lang.reflect.Method.invoke(Method.java:597)
	at org.testng.internal.MethodInvocationHelper.invokeMethod(MethodInvocationHelper.java:84)
	at org.testng.internal.Invoker.invokeMethod(Invoker.java:714)
	at org.testng.internal.Invoker.invokeTestMethod(Invoker.java:901)
	at org.testng.internal.Invoker.invokeTestMethods(Invoker.java:1231)
	at org.testng.internal.TestMethodWorker.invokeTestMethods(TestMethodWorker.java:127)
	at org.testng.internal.TestMethodWorker.run(TestMethodWorker.java:111)
	at org.testng.TestRunner.privateRun(TestRunner.java:767)
	at org.testng.TestRunner.run(TestRunner.java:617)
	at org.testng.SuiteRunner.runTest(SuiteRunner.java:334)
	at org.testng.SuiteRunner.runSequentially(SuiteRunner.java:329)
	at org.testng.SuiteRunner.privateRun(SuiteRunner.java:291)
	at org.testng.SuiteRunner.run(SuiteRunner.java:240)
	at org.testng.SuiteRunnerWorker.runSuite(SuiteRunnerWorker.java:52)
	at org.testng.SuiteRunnerWorker.run(SuiteRunnerWorker.java:86)
	at org.testng.TestNG.runSuitesSequentially(TestNG.java:1224)
	at org.testng.TestNG.runSuitesLocally(TestNG.java:1149)
	at org.testng.TestNG.run(TestNG.java:1057)
	at org.testng.TestNG.privateMain(TestNG.java:1364)
	at org.testng.TestNG.main(TestNG.java:1333)
</pre></div></td>
<td>17</td>
<td>com.code.test.ibnmsConfig.MQListTest@6f57b46f</td></tr>
<tr>
<td title='com.code.test.ibnmsConfig.PmAlarmListTest.deployPA()'><b>deployPA</b><br>Test class: com.code.test.ibnmsConfig.PmAlarmListTest<br>Parameters: [Ljava.lang.String;@2f62d514<br/>
<a href="#Output-869369607" onClick='toggleBox("Output-869369607", this, "Show output", "Hide output");'>Show output</a>

<a href="#Output-869369607" onClick="toggleAllBoxes();">Show all outputs</a>
<div class='log' id="Output-869369607">
点击元素失败！<br/>
TakesScreenshot截图<br/>
</div>
</td>
<td><div><pre>org.openqa.selenium.NoSuchElementException: Unable to find element with id == btn-startDeploy (WARNING: The server did not provide any stacktrace information)
Command duration or timeout: 10.11 seconds
For documentation on this error, please visit: http://seleniumhq.org/exceptions/no_such_element.html
Build info: version: &apos;2.40.0&apos;, revision: &apos;fbe29a9&apos;, time: &apos;2014-02-19 20:55:11&apos;
System info: host: &apos;Jin-PC&apos;, ip: &apos;192.168.220.1&apos;, os.name: &apos;Windows 7&apos;, os.arch: &apos;amd64&apos;, os.version: &apos;6.1&apos;, java.version: &apos;1.6.0_39&apos;
Session ID: 75458e4a-011c-443a-8659-3ed8c3566eb9
Driver info: org.openqa.selenium.ie.InternetExplorerDriver
Capabilities [{platform=WINDOWS, javascriptEnabled=true, elementScrollBehavior=0, enablePersistentHover=true, ignoreZoomSetting=false, ie.ensureCleanSession=false, browserName=internet explorer, enableElementCacheCleanup=true, unexpectedAlertBehaviour=dismiss, version=8, ie.usePerProcessProxy=false, cssSelectorsEnabled=true, ignoreProtectedModeSettings=true, requireWindowFocus=false, handlesAlerts=true, initialBrowserUrl=http://localhost:47959/, ie.forceCreateProcessApi=false, nativeEvents=true, browserAttachTimeout=0, ie.browserCommandLineSwitches=, takesScreenshot=true}]
	at org.openqa.selenium.remote.ErrorHandler.createThrowable(ErrorHandler.java:193)
	at org.openqa.selenium.remote.ErrorHandler.throwIfResponseFailed(ErrorHandler.java:145)
	at org.openqa.selenium.remote.RemoteWebDriver.execute(RemoteWebDriver.java:573)
	at org.openqa.selenium.remote.RemoteWebDriver.findElement(RemoteWebDriver.java:326)
	at org.openqa.selenium.remote.RemoteWebDriver.findElementById(RemoteWebDriver.java:367)
	at org.openqa.selenium.By$ById.findElement(By.java:214)
	at org.openqa.selenium.remote.RemoteWebDriver.findElement(RemoteWebDriver.java:318)
	at org.openqa.selenium.support.events.EventFiringWebDriver$2.invoke(EventFiringWebDriver.java:101)
	at sun.proxy.$Proxy12.findElement(Unknown Source)
	at org.openqa.selenium.support.events.EventFiringWebDriver.findElement(EventFiringWebDriver.java:184)
	at org.openqa.selenium.support.pagefactory.DefaultElementLocator.findElement(DefaultElementLocator.java:59)
	at org.openqa.selenium.support.pagefactory.internal.LocatingElementHandler.invoke(LocatingElementHandler.java:34)
	at sun.proxy.$Proxy14.click(Unknown Source)
	at com.code.common.Tools.click(Unknown Source)
	at com.code.common.BtnPage.deploy(Unknown Source)
	at com.code.page.ibnmsConfig.pmalarmList.PmalarmListPage.deployPA(Unknown Source)
	at com.code.test.ibnmsConfig.PmAlarmListTest.deployPA(Unknown Source)
... Removed 30 stack frames</pre></div><a href='#' onClick='toggleBox("stack-trace869369607", this, "Click to show all stack frames", "Click to hide stack frames")'>Click to show all stack frames</a>
<div class='stack-trace' id='stack-trace869369607'><pre>org.openqa.selenium.NoSuchElementException: Unable to find element with id == btn-startDeploy (WARNING: The server did not provide any stacktrace information)
Command duration or timeout: 10.11 seconds
For documentation on this error, please visit: http://seleniumhq.org/exceptions/no_such_element.html
Build info: version: &apos;2.40.0&apos;, revision: &apos;fbe29a9&apos;, time: &apos;2014-02-19 20:55:11&apos;
System info: host: &apos;Jin-PC&apos;, ip: &apos;192.168.220.1&apos;, os.name: &apos;Windows 7&apos;, os.arch: &apos;amd64&apos;, os.version: &apos;6.1&apos;, java.version: &apos;1.6.0_39&apos;
Session ID: 75458e4a-011c-443a-8659-3ed8c3566eb9
Driver info: org.openqa.selenium.ie.InternetExplorerDriver
Capabilities [{platform=WINDOWS, javascriptEnabled=true, elementScrollBehavior=0, enablePersistentHover=true, ignoreZoomSetting=false, ie.ensureCleanSession=false, browserName=internet explorer, enableElementCacheCleanup=true, unexpectedAlertBehaviour=dismiss, version=8, ie.usePerProcessProxy=false, cssSelectorsEnabled=true, ignoreProtectedModeSettings=true, requireWindowFocus=false, handlesAlerts=true, initialBrowserUrl=http://localhost:47959/, ie.forceCreateProcessApi=false, nativeEvents=true, browserAttachTimeout=0, ie.browserCommandLineSwitches=, takesScreenshot=true}]
	at sun.reflect.NativeConstructorAccessorImpl.newInstance0(Native Method)
	at sun.reflect.NativeConstructorAccessorImpl.newInstance(NativeConstructorAccessorImpl.java:39)
	at sun.reflect.DelegatingConstructorAccessorImpl.newInstance(DelegatingConstructorAccessorImpl.java:27)
	at java.lang.reflect.Constructor.newInstance(Constructor.java:513)
	at org.openqa.selenium.remote.ErrorHandler.createThrowable(ErrorHandler.java:193)
	at org.openqa.selenium.remote.ErrorHandler.throwIfResponseFailed(ErrorHandler.java:145)
	at org.openqa.selenium.remote.RemoteWebDriver.execute(RemoteWebDriver.java:573)
	at org.openqa.selenium.remote.RemoteWebDriver.findElement(RemoteWebDriver.java:326)
	at org.openqa.selenium.remote.RemoteWebDriver.findElementById(RemoteWebDriver.java:367)
	at org.openqa.selenium.By$ById.findElement(By.java:214)
	at org.openqa.selenium.remote.RemoteWebDriver.findElement(RemoteWebDriver.java:318)
	at sun.reflect.GeneratedMethodAccessor10.invoke(Unknown Source)
	at sun.reflect.DelegatingMethodAccessorImpl.invoke(DelegatingMethodAccessorImpl.java:25)
	at java.lang.reflect.Method.invoke(Method.java:597)
	at org.openqa.selenium.support.events.EventFiringWebDriver$2.invoke(EventFiringWebDriver.java:101)
	at sun.proxy.$Proxy12.findElement(Unknown Source)
	at org.openqa.selenium.support.events.EventFiringWebDriver.findElement(EventFiringWebDriver.java:184)
	at org.openqa.selenium.support.pagefactory.DefaultElementLocator.findElement(DefaultElementLocator.java:59)
	at org.openqa.selenium.support.pagefactory.internal.LocatingElementHandler.invoke(LocatingElementHandler.java:34)
	at sun.proxy.$Proxy14.click(Unknown Source)
	at com.code.common.Tools.click(Unknown Source)
	at com.code.common.BtnPage.deploy(Unknown Source)
	at com.code.page.ibnmsConfig.pmalarmList.PmalarmListPage.deployPA(Unknown Source)
	at com.code.test.ibnmsConfig.PmAlarmListTest.deployPA(Unknown Source)
	at sun.reflect.NativeMethodAccessorImpl.invoke0(Native Method)
	at sun.reflect.NativeMethodAccessorImpl.invoke(NativeMethodAccessorImpl.java:39)
	at sun.reflect.DelegatingMethodAccessorImpl.invoke(DelegatingMethodAccessorImpl.java:25)
	at java.lang.reflect.Method.invoke(Method.java:597)
	at org.testng.internal.MethodInvocationHelper.invokeMethod(MethodInvocationHelper.java:84)
	at org.testng.internal.Invoker.invokeMethod(Invoker.java:714)
	at org.testng.internal.Invoker.invokeTestMethod(Invoker.java:901)
	at org.testng.internal.Invoker.invokeTestMethods(Invoker.java:1231)
	at org.testng.internal.TestMethodWorker.invokeTestMethods(TestMethodWorker.java:127)
	at org.testng.internal.TestMethodWorker.run(TestMethodWorker.java:111)
	at org.testng.TestRunner.privateRun(TestRunner.java:767)
	at org.testng.TestRunner.run(TestRunner.java:617)
	at org.testng.SuiteRunner.runTest(SuiteRunner.java:334)
	at org.testng.SuiteRunner.runSequentially(SuiteRunner.java:329)
	at org.testng.SuiteRunner.privateRun(SuiteRunner.java:291)
	at org.testng.SuiteRunner.run(SuiteRunner.java:240)
	at org.testng.SuiteRunnerWorker.runSuite(SuiteRunnerWorker.java:52)
	at org.testng.SuiteRunnerWorker.run(SuiteRunnerWorker.java:86)
	at org.testng.TestNG.runSuitesSequentially(TestNG.java:1224)
	at org.testng.TestNG.runSuitesLocally(TestNG.java:1149)
	at org.testng.TestNG.run(TestNG.java:1057)
	at org.testng.TestNG.privateMain(TestNG.java:1364)
	at org.testng.TestNG.main(TestNG.java:1333)
</pre></div></td>
<td>47</td>
<td>com.code.test.ibnmsConfig.PmAlarmListTest@15412e75</td></tr>
<tr>
<td title='com.code.test.ibnmsConfig.PmAlarmListTest.deployPA()'><b>deployPA</b><br>Test class: com.code.test.ibnmsConfig.PmAlarmListTest<br>Parameters: [Ljava.lang.String;@1932c5a<br/>
<a href="#Output-949552130" onClick='toggleBox("Output-949552130", this, "Show output", "Hide output");'>Show output</a>

<a href="#Output-949552130" onClick="toggleAllBoxes();">Show all outputs</a>
<div class='log' id="Output-949552130">
TakesScreenshot截图<br/>
{用例描述=启动MQ, 列表匹配数据=seleniumPmAlarm, 操作类型=启动, 列表选择器=PmAlarm名称, 期望值=运行中, 结束标记=结束, 用例编号=CASE2, 是否运行=是, 备注=正确数据，未后续做准备, 状态字段=运行状态}<br/>
</div>
</td>
<td><div><pre>java.lang.AssertionError: {用例描述=启动MQ, 列表匹配数据=seleniumPmAlarm, 操作类型=启动, 列表选择器=PmAlarm名称, 期望值=运行中, 结束标记=结束, 用例编号=CASE2, 是否运行=是, 备注=正确数据，未后续做准备, 状态字段=运行状态} expected [运行中] but found [已停止]
	at com.code.common.Tools.assertEquals(Unknown Source)
	at com.code.test.ibnmsConfig.PmAlarmListTest.deployPA(Unknown Source)
... Removed 26 stack frames</pre></div><a href='#' onClick='toggleBox("stack-trace949552130", this, "Click to show all stack frames", "Click to hide stack frames")'>Click to show all stack frames</a>
<div class='stack-trace' id='stack-trace949552130'><pre>java.lang.AssertionError: {用例描述=启动MQ, 列表匹配数据=seleniumPmAlarm, 操作类型=启动, 列表选择器=PmAlarm名称, 期望值=运行中, 结束标记=结束, 用例编号=CASE2, 是否运行=是, 备注=正确数据，未后续做准备, 状态字段=运行状态} expected [运行中] but found [已停止]
	at org.testng.Assert.fail(Assert.java:94)
	at org.testng.Assert.failNotEquals(Assert.java:494)
	at org.testng.Assert.assertEquals(Assert.java:123)
	at com.code.common.Tools.assertEquals(Unknown Source)
	at com.code.test.ibnmsConfig.PmAlarmListTest.deployPA(Unknown Source)
	at sun.reflect.NativeMethodAccessorImpl.invoke0(Native Method)
	at sun.reflect.NativeMethodAccessorImpl.invoke(NativeMethodAccessorImpl.java:39)
	at sun.reflect.DelegatingMethodAccessorImpl.invoke(DelegatingMethodAccessorImpl.java:25)
	at java.lang.reflect.Method.invoke(Method.java:597)
	at org.testng.internal.MethodInvocationHelper.invokeMethod(MethodInvocationHelper.java:84)
	at org.testng.internal.Invoker.invokeMethod(Invoker.java:714)
	at org.testng.internal.Invoker.invokeTestMethod(Invoker.java:901)
	at org.testng.internal.Invoker.invokeTestMethods(Invoker.java:1231)
	at org.testng.internal.TestMethodWorker.invokeTestMethods(TestMethodWorker.java:127)
	at org.testng.internal.TestMethodWorker.run(TestMethodWorker.java:111)
	at org.testng.TestRunner.privateRun(TestRunner.java:767)
	at org.testng.TestRunner.run(TestRunner.java:617)
	at org.testng.SuiteRunner.runTest(SuiteRunner.java:334)
	at org.testng.SuiteRunner.runSequentially(SuiteRunner.java:329)
	at org.testng.SuiteRunner.privateRun(SuiteRunner.java:291)
	at org.testng.SuiteRunner.run(SuiteRunner.java:240)
	at org.testng.SuiteRunnerWorker.runSuite(SuiteRunnerWorker.java:52)
	at org.testng.SuiteRunnerWorker.run(SuiteRunnerWorker.java:86)
	at org.testng.TestNG.runSuitesSequentially(TestNG.java:1224)
	at org.testng.TestNG.runSuitesLocally(TestNG.java:1149)
	at org.testng.TestNG.run(TestNG.java:1057)
	at org.testng.TestNG.privateMain(TestNG.java:1364)
	at org.testng.TestNG.main(TestNG.java:1333)
</pre></div></td>
<td>13</td>
<td>com.code.test.ibnmsConfig.PmAlarmListTest@15412e75</td></tr>
<tr>
<td title='com.code.test.ibnmsConfig.PmAlarmListTest.deployPA()'><b>deployPA</b><br>Test class: com.code.test.ibnmsConfig.PmAlarmListTest<br>Parameters: [Ljava.lang.String;@6544c984</td>
<td><div><pre>org.openqa.selenium.NoAlertPresentException: No alert is active (WARNING: The server did not provide any stacktrace information)
Command duration or timeout: 102 milliseconds
Build info: version: &apos;2.40.0&apos;, revision: &apos;fbe29a9&apos;, time: &apos;2014-02-19 20:55:11&apos;
System info: host: &apos;Jin-PC&apos;, ip: &apos;192.168.220.1&apos;, os.name: &apos;Windows 7&apos;, os.arch: &apos;amd64&apos;, os.version: &apos;6.1&apos;, java.version: &apos;1.6.0_39&apos;
Session ID: 75458e4a-011c-443a-8659-3ed8c3566eb9
Driver info: org.openqa.selenium.ie.InternetExplorerDriver
Capabilities [{platform=WINDOWS, javascriptEnabled=true, elementScrollBehavior=0, enablePersistentHover=true, ignoreZoomSetting=false, ie.ensureCleanSession=false, browserName=internet explorer, enableElementCacheCleanup=true, unexpectedAlertBehaviour=dismiss, version=8, ie.usePerProcessProxy=false, cssSelectorsEnabled=true, ignoreProtectedModeSettings=true, requireWindowFocus=false, handlesAlerts=true, initialBrowserUrl=http://localhost:47959/, ie.forceCreateProcessApi=false, nativeEvents=true, browserAttachTimeout=0, ie.browserCommandLineSwitches=, takesScreenshot=true}]
	at org.openqa.selenium.remote.ErrorHandler.createThrowable(ErrorHandler.java:193)
	at org.openqa.selenium.remote.ErrorHandler.throwIfResponseFailed(ErrorHandler.java:145)
	at org.openqa.selenium.remote.RemoteWebDriver.execute(RemoteWebDriver.java:573)
	at org.openqa.selenium.remote.RemoteWebDriver.execute(RemoteWebDriver.java:588)
	at org.openqa.selenium.remote.RemoteWebDriver$RemoteTargetLocator.alert(RemoteWebDriver.java:868)
	at org.openqa.selenium.support.events.EventFiringWebDriver$EventFiringTargetLocator.alert(EventFiringWebDriver.java:597)
	at com.code.common.Tools.alertAccept(Unknown Source)
	at com.code.common.BtnPage.shutdown(Unknown Source)
	at com.code.page.ibnmsConfig.pmalarmList.PmalarmListPage.deployPA(Unknown Source)
	at com.code.test.ibnmsConfig.PmAlarmListTest.deployPA(Unknown Source)
... Removed 27 stack frames</pre></div><a href='#' onClick='toggleBox("stack-trace718700418", this, "Click to show all stack frames", "Click to hide stack frames")'>Click to show all stack frames</a>
<div class='stack-trace' id='stack-trace718700418'><pre>org.openqa.selenium.NoAlertPresentException: No alert is active (WARNING: The server did not provide any stacktrace information)
Command duration or timeout: 102 milliseconds
Build info: version: &apos;2.40.0&apos;, revision: &apos;fbe29a9&apos;, time: &apos;2014-02-19 20:55:11&apos;
System info: host: &apos;Jin-PC&apos;, ip: &apos;192.168.220.1&apos;, os.name: &apos;Windows 7&apos;, os.arch: &apos;amd64&apos;, os.version: &apos;6.1&apos;, java.version: &apos;1.6.0_39&apos;
Session ID: 75458e4a-011c-443a-8659-3ed8c3566eb9
Driver info: org.openqa.selenium.ie.InternetExplorerDriver
Capabilities [{platform=WINDOWS, javascriptEnabled=true, elementScrollBehavior=0, enablePersistentHover=true, ignoreZoomSetting=false, ie.ensureCleanSession=false, browserName=internet explorer, enableElementCacheCleanup=true, unexpectedAlertBehaviour=dismiss, version=8, ie.usePerProcessProxy=false, cssSelectorsEnabled=true, ignoreProtectedModeSettings=true, requireWindowFocus=false, handlesAlerts=true, initialBrowserUrl=http://localhost:47959/, ie.forceCreateProcessApi=false, nativeEvents=true, browserAttachTimeout=0, ie.browserCommandLineSwitches=, takesScreenshot=true}]
	at sun.reflect.NativeConstructorAccessorImpl.newInstance0(Native Method)
	at sun.reflect.NativeConstructorAccessorImpl.newInstance(NativeConstructorAccessorImpl.java:39)
	at sun.reflect.DelegatingConstructorAccessorImpl.newInstance(DelegatingConstructorAccessorImpl.java:27)
	at java.lang.reflect.Constructor.newInstance(Constructor.java:513)
	at org.openqa.selenium.remote.ErrorHandler.createThrowable(ErrorHandler.java:193)
	at org.openqa.selenium.remote.ErrorHandler.throwIfResponseFailed(ErrorHandler.java:145)
	at org.openqa.selenium.remote.RemoteWebDriver.execute(RemoteWebDriver.java:573)
	at org.openqa.selenium.remote.RemoteWebDriver.execute(RemoteWebDriver.java:588)
	at org.openqa.selenium.remote.RemoteWebDriver$RemoteTargetLocator.alert(RemoteWebDriver.java:868)
	at org.openqa.selenium.support.events.EventFiringWebDriver$EventFiringTargetLocator.alert(EventFiringWebDriver.java:597)
	at com.code.common.Tools.alertAccept(Unknown Source)
	at com.code.common.BtnPage.shutdown(Unknown Source)
	at com.code.page.ibnmsConfig.pmalarmList.PmalarmListPage.deployPA(Unknown Source)
	at com.code.test.ibnmsConfig.PmAlarmListTest.deployPA(Unknown Source)
	at sun.reflect.NativeMethodAccessorImpl.invoke0(Native Method)
	at sun.reflect.NativeMethodAccessorImpl.invoke(NativeMethodAccessorImpl.java:39)
	at sun.reflect.DelegatingMethodAccessorImpl.invoke(DelegatingMethodAccessorImpl.java:25)
	at java.lang.reflect.Method.invoke(Method.java:597)
	at org.testng.internal.MethodInvocationHelper.invokeMethod(MethodInvocationHelper.java:84)
	at org.testng.internal.Invoker.invokeMethod(Invoker.java:714)
	at org.testng.internal.Invoker.invokeTestMethod(Invoker.java:901)
	at org.testng.internal.Invoker.invokeTestMethods(Invoker.java:1231)
	at org.testng.internal.TestMethodWorker.invokeTestMethods(TestMethodWorker.java:127)
	at org.testng.internal.TestMethodWorker.run(TestMethodWorker.java:111)
	at org.testng.TestRunner.privateRun(TestRunner.java:767)
	at org.testng.TestRunner.run(TestRunner.java:617)
	at org.testng.SuiteRunner.runTest(SuiteRunner.java:334)
	at org.testng.SuiteRunner.runSequentially(SuiteRunner.java:329)
	at org.testng.SuiteRunner.privateRun(SuiteRunner.java:291)
	at org.testng.SuiteRunner.run(SuiteRunner.java:240)
	at org.testng.SuiteRunnerWorker.runSuite(SuiteRunnerWorker.java:52)
	at org.testng.SuiteRunnerWorker.run(SuiteRunnerWorker.java:86)
	at org.testng.TestNG.runSuitesSequentially(TestNG.java:1224)
	at org.testng.TestNG.runSuitesLocally(TestNG.java:1149)
	at org.testng.TestNG.run(TestNG.java:1057)
	at org.testng.TestNG.privateMain(TestNG.java:1364)
	at org.testng.TestNG.main(TestNG.java:1333)
</pre></div></td>
<td>7</td>
<td>com.code.test.ibnmsConfig.PmAlarmListTest@15412e75</td></tr>
<tr>
<td title='com.code.test.ibnmsConfig.PmAlarmListTest.deployPA()'><b>deployPA</b><br>Test class: com.code.test.ibnmsConfig.PmAlarmListTest<br>Parameters: [Ljava.lang.String;@70a2d0d</td>
<td><div><pre>org.openqa.selenium.NoAlertPresentException: No alert is active (WARNING: The server did not provide any stacktrace information)
Command duration or timeout: 101 milliseconds
Build info: version: &apos;2.40.0&apos;, revision: &apos;fbe29a9&apos;, time: &apos;2014-02-19 20:55:11&apos;
System info: host: &apos;Jin-PC&apos;, ip: &apos;192.168.220.1&apos;, os.name: &apos;Windows 7&apos;, os.arch: &apos;amd64&apos;, os.version: &apos;6.1&apos;, java.version: &apos;1.6.0_39&apos;
Session ID: 75458e4a-011c-443a-8659-3ed8c3566eb9
Driver info: org.openqa.selenium.ie.InternetExplorerDriver
Capabilities [{platform=WINDOWS, javascriptEnabled=true, elementScrollBehavior=0, enablePersistentHover=true, ignoreZoomSetting=false, ie.ensureCleanSession=false, browserName=internet explorer, enableElementCacheCleanup=true, unexpectedAlertBehaviour=dismiss, version=8, ie.usePerProcessProxy=false, cssSelectorsEnabled=true, ignoreProtectedModeSettings=true, requireWindowFocus=false, handlesAlerts=true, initialBrowserUrl=http://localhost:47959/, ie.forceCreateProcessApi=false, nativeEvents=true, browserAttachTimeout=0, ie.browserCommandLineSwitches=, takesScreenshot=true}]
	at org.openqa.selenium.remote.ErrorHandler.createThrowable(ErrorHandler.java:193)
	at org.openqa.selenium.remote.ErrorHandler.throwIfResponseFailed(ErrorHandler.java:145)
	at org.openqa.selenium.remote.RemoteWebDriver.execute(RemoteWebDriver.java:573)
	at org.openqa.selenium.remote.RemoteWebDriver.execute(RemoteWebDriver.java:588)
	at org.openqa.selenium.remote.RemoteWebDriver$RemoteTargetLocator.alert(RemoteWebDriver.java:868)
	at org.openqa.selenium.support.events.EventFiringWebDriver$EventFiringTargetLocator.alert(EventFiringWebDriver.java:597)
	at com.code.common.Tools.alertAccept(Unknown Source)
	at com.code.common.BtnPage.remove(Unknown Source)
	at com.code.page.ibnmsConfig.pmalarmList.PmalarmListPage.deployPA(Unknown Source)
	at com.code.test.ibnmsConfig.PmAlarmListTest.deployPA(Unknown Source)
... Removed 27 stack frames</pre></div><a href='#' onClick='toggleBox("stack-trace929580078", this, "Click to show all stack frames", "Click to hide stack frames")'>Click to show all stack frames</a>
<div class='stack-trace' id='stack-trace929580078'><pre>org.openqa.selenium.NoAlertPresentException: No alert is active (WARNING: The server did not provide any stacktrace information)
Command duration or timeout: 101 milliseconds
Build info: version: &apos;2.40.0&apos;, revision: &apos;fbe29a9&apos;, time: &apos;2014-02-19 20:55:11&apos;
System info: host: &apos;Jin-PC&apos;, ip: &apos;192.168.220.1&apos;, os.name: &apos;Windows 7&apos;, os.arch: &apos;amd64&apos;, os.version: &apos;6.1&apos;, java.version: &apos;1.6.0_39&apos;
Session ID: 75458e4a-011c-443a-8659-3ed8c3566eb9
Driver info: org.openqa.selenium.ie.InternetExplorerDriver
Capabilities [{platform=WINDOWS, javascriptEnabled=true, elementScrollBehavior=0, enablePersistentHover=true, ignoreZoomSetting=false, ie.ensureCleanSession=false, browserName=internet explorer, enableElementCacheCleanup=true, unexpectedAlertBehaviour=dismiss, version=8, ie.usePerProcessProxy=false, cssSelectorsEnabled=true, ignoreProtectedModeSettings=true, requireWindowFocus=false, handlesAlerts=true, initialBrowserUrl=http://localhost:47959/, ie.forceCreateProcessApi=false, nativeEvents=true, browserAttachTimeout=0, ie.browserCommandLineSwitches=, takesScreenshot=true}]
	at sun.reflect.NativeConstructorAccessorImpl.newInstance0(Native Method)
	at sun.reflect.NativeConstructorAccessorImpl.newInstance(NativeConstructorAccessorImpl.java:39)
	at sun.reflect.DelegatingConstructorAccessorImpl.newInstance(DelegatingConstructorAccessorImpl.java:27)
	at java.lang.reflect.Constructor.newInstance(Constructor.java:513)
	at org.openqa.selenium.remote.ErrorHandler.createThrowable(ErrorHandler.java:193)
	at org.openqa.selenium.remote.ErrorHandler.throwIfResponseFailed(ErrorHandler.java:145)
	at org.openqa.selenium.remote.RemoteWebDriver.execute(RemoteWebDriver.java:573)
	at org.openqa.selenium.remote.RemoteWebDriver.execute(RemoteWebDriver.java:588)
	at org.openqa.selenium.remote.RemoteWebDriver$RemoteTargetLocator.alert(RemoteWebDriver.java:868)
	at org.openqa.selenium.support.events.EventFiringWebDriver$EventFiringTargetLocator.alert(EventFiringWebDriver.java:597)
	at com.code.common.Tools.alertAccept(Unknown Source)
	at com.code.common.BtnPage.remove(Unknown Source)
	at com.code.page.ibnmsConfig.pmalarmList.PmalarmListPage.deployPA(Unknown Source)
	at com.code.test.ibnmsConfig.PmAlarmListTest.deployPA(Unknown Source)
	at sun.reflect.NativeMethodAccessorImpl.invoke0(Native Method)
	at sun.reflect.NativeMethodAccessorImpl.invoke(NativeMethodAccessorImpl.java:39)
	at sun.reflect.DelegatingMethodAccessorImpl.invoke(DelegatingMethodAccessorImpl.java:25)
	at java.lang.reflect.Method.invoke(Method.java:597)
	at org.testng.internal.MethodInvocationHelper.invokeMethod(MethodInvocationHelper.java:84)
	at org.testng.internal.Invoker.invokeMethod(Invoker.java:714)
	at org.testng.internal.Invoker.invokeTestMethod(Invoker.java:901)
	at org.testng.internal.Invoker.invokeTestMethods(Invoker.java:1231)
	at org.testng.internal.TestMethodWorker.invokeTestMethods(TestMethodWorker.java:127)
	at org.testng.internal.TestMethodWorker.run(TestMethodWorker.java:111)
	at org.testng.TestRunner.privateRun(TestRunner.java:767)
	at org.testng.TestRunner.run(TestRunner.java:617)
	at org.testng.SuiteRunner.runTest(SuiteRunner.java:334)
	at org.testng.SuiteRunner.runSequentially(SuiteRunner.java:329)
	at org.testng.SuiteRunner.privateRun(SuiteRunner.java:291)
	at org.testng.SuiteRunner.run(SuiteRunner.java:240)
	at org.testng.SuiteRunnerWorker.runSuite(SuiteRunnerWorker.java:52)
	at org.testng.SuiteRunnerWorker.run(SuiteRunnerWorker.java:86)
	at org.testng.TestNG.runSuitesSequentially(TestNG.java:1224)
	at org.testng.TestNG.runSuitesLocally(TestNG.java:1149)
	at org.testng.TestNG.run(TestNG.java:1057)
	at org.testng.TestNG.privateMain(TestNG.java:1364)
	at org.testng.TestNG.main(TestNG.java:1333)
</pre></div></td>
<td>7</td>
<td>com.code.test.ibnmsConfig.PmAlarmListTest@15412e75</td></tr>
<tr>
<td title='com.code.test.ibnmsConfig.PmAlarmListTest.deployPA()'><b>deployPA</b><br>Test class: com.code.test.ibnmsConfig.PmAlarmListTest<br>Parameters: [Ljava.lang.String;@2d13b417<br/>
<a href="#Output-1498615779" onClick='toggleBox("Output-1498615779", this, "Show output", "Hide output");'>Show output</a>

<a href="#Output-1498615779" onClick="toggleAllBoxes();">Show all outputs</a>
<div class='log' id="Output-1498615779">
点击元素失败！<br/>
TakesScreenshot截图<br/>
</div>
</td>
<td><div><pre>org.openqa.selenium.NoSuchElementException: Unable to find element with id == btn-startDeploy (WARNING: The server did not provide any stacktrace information)
Command duration or timeout: 10.13 seconds
For documentation on this error, please visit: http://seleniumhq.org/exceptions/no_such_element.html
Build info: version: &apos;2.40.0&apos;, revision: &apos;fbe29a9&apos;, time: &apos;2014-02-19 20:55:11&apos;
System info: host: &apos;Jin-PC&apos;, ip: &apos;192.168.220.1&apos;, os.name: &apos;Windows 7&apos;, os.arch: &apos;amd64&apos;, os.version: &apos;6.1&apos;, java.version: &apos;1.6.0_39&apos;
Session ID: 75458e4a-011c-443a-8659-3ed8c3566eb9
Driver info: org.openqa.selenium.ie.InternetExplorerDriver
Capabilities [{platform=WINDOWS, javascriptEnabled=true, elementScrollBehavior=0, enablePersistentHover=true, ignoreZoomSetting=false, ie.ensureCleanSession=false, browserName=internet explorer, enableElementCacheCleanup=true, unexpectedAlertBehaviour=dismiss, version=8, ie.usePerProcessProxy=false, cssSelectorsEnabled=true, ignoreProtectedModeSettings=true, requireWindowFocus=false, handlesAlerts=true, initialBrowserUrl=http://localhost:47959/, ie.forceCreateProcessApi=false, nativeEvents=true, browserAttachTimeout=0, ie.browserCommandLineSwitches=, takesScreenshot=true}]
	at org.openqa.selenium.remote.ErrorHandler.createThrowable(ErrorHandler.java:193)
	at org.openqa.selenium.remote.ErrorHandler.throwIfResponseFailed(ErrorHandler.java:145)
	at org.openqa.selenium.remote.RemoteWebDriver.execute(RemoteWebDriver.java:573)
	at org.openqa.selenium.remote.RemoteWebDriver.findElement(RemoteWebDriver.java:326)
	at org.openqa.selenium.remote.RemoteWebDriver.findElementById(RemoteWebDriver.java:367)
	at org.openqa.selenium.By$ById.findElement(By.java:214)
	at org.openqa.selenium.remote.RemoteWebDriver.findElement(RemoteWebDriver.java:318)
	at org.openqa.selenium.support.events.EventFiringWebDriver$2.invoke(EventFiringWebDriver.java:101)
	at sun.proxy.$Proxy12.findElement(Unknown Source)
	at org.openqa.selenium.support.events.EventFiringWebDriver.findElement(EventFiringWebDriver.java:184)
	at org.openqa.selenium.support.pagefactory.DefaultElementLocator.findElement(DefaultElementLocator.java:59)
	at org.openqa.selenium.support.pagefactory.internal.LocatingElementHandler.invoke(LocatingElementHandler.java:34)
	at sun.proxy.$Proxy14.click(Unknown Source)
	at com.code.common.Tools.click(Unknown Source)
	at com.code.common.BtnPage.deploy(Unknown Source)
	at com.code.page.ibnmsConfig.pmalarmList.PmalarmListPage.deployPA(Unknown Source)
	at com.code.test.ibnmsConfig.PmAlarmListTest.deployPA(Unknown Source)
... Removed 29 stack frames</pre></div><a href='#' onClick='toggleBox("stack-trace1498615779", this, "Click to show all stack frames", "Click to hide stack frames")'>Click to show all stack frames</a>
<div class='stack-trace' id='stack-trace1498615779'><pre>org.openqa.selenium.NoSuchElementException: Unable to find element with id == btn-startDeploy (WARNING: The server did not provide any stacktrace information)
Command duration or timeout: 10.13 seconds
For documentation on this error, please visit: http://seleniumhq.org/exceptions/no_such_element.html
Build info: version: &apos;2.40.0&apos;, revision: &apos;fbe29a9&apos;, time: &apos;2014-02-19 20:55:11&apos;
System info: host: &apos;Jin-PC&apos;, ip: &apos;192.168.220.1&apos;, os.name: &apos;Windows 7&apos;, os.arch: &apos;amd64&apos;, os.version: &apos;6.1&apos;, java.version: &apos;1.6.0_39&apos;
Session ID: 75458e4a-011c-443a-8659-3ed8c3566eb9
Driver info: org.openqa.selenium.ie.InternetExplorerDriver
Capabilities [{platform=WINDOWS, javascriptEnabled=true, elementScrollBehavior=0, enablePersistentHover=true, ignoreZoomSetting=false, ie.ensureCleanSession=false, browserName=internet explorer, enableElementCacheCleanup=true, unexpectedAlertBehaviour=dismiss, version=8, ie.usePerProcessProxy=false, cssSelectorsEnabled=true, ignoreProtectedModeSettings=true, requireWindowFocus=false, handlesAlerts=true, initialBrowserUrl=http://localhost:47959/, ie.forceCreateProcessApi=false, nativeEvents=true, browserAttachTimeout=0, ie.browserCommandLineSwitches=, takesScreenshot=true}]
	at sun.reflect.GeneratedConstructorAccessor19.newInstance(Unknown Source)
	at sun.reflect.DelegatingConstructorAccessorImpl.newInstance(DelegatingConstructorAccessorImpl.java:27)
	at java.lang.reflect.Constructor.newInstance(Constructor.java:513)
	at org.openqa.selenium.remote.ErrorHandler.createThrowable(ErrorHandler.java:193)
	at org.openqa.selenium.remote.ErrorHandler.throwIfResponseFailed(ErrorHandler.java:145)
	at org.openqa.selenium.remote.RemoteWebDriver.execute(RemoteWebDriver.java:573)
	at org.openqa.selenium.remote.RemoteWebDriver.findElement(RemoteWebDriver.java:326)
	at org.openqa.selenium.remote.RemoteWebDriver.findElementById(RemoteWebDriver.java:367)
	at org.openqa.selenium.By$ById.findElement(By.java:214)
	at org.openqa.selenium.remote.RemoteWebDriver.findElement(RemoteWebDriver.java:318)
	at sun.reflect.GeneratedMethodAccessor10.invoke(Unknown Source)
	at sun.reflect.DelegatingMethodAccessorImpl.invoke(DelegatingMethodAccessorImpl.java:25)
	at java.lang.reflect.Method.invoke(Method.java:597)
	at org.openqa.selenium.support.events.EventFiringWebDriver$2.invoke(EventFiringWebDriver.java:101)
	at sun.proxy.$Proxy12.findElement(Unknown Source)
	at org.openqa.selenium.support.events.EventFiringWebDriver.findElement(EventFiringWebDriver.java:184)
	at org.openqa.selenium.support.pagefactory.DefaultElementLocator.findElement(DefaultElementLocator.java:59)
	at org.openqa.selenium.support.pagefactory.internal.LocatingElementHandler.invoke(LocatingElementHandler.java:34)
	at sun.proxy.$Proxy14.click(Unknown Source)
	at com.code.common.Tools.click(Unknown Source)
	at com.code.common.BtnPage.deploy(Unknown Source)
	at com.code.page.ibnmsConfig.pmalarmList.PmalarmListPage.deployPA(Unknown Source)
	at com.code.test.ibnmsConfig.PmAlarmListTest.deployPA(Unknown Source)
	at sun.reflect.NativeMethodAccessorImpl.invoke0(Native Method)
	at sun.reflect.NativeMethodAccessorImpl.invoke(NativeMethodAccessorImpl.java:39)
	at sun.reflect.DelegatingMethodAccessorImpl.invoke(DelegatingMethodAccessorImpl.java:25)
	at java.lang.reflect.Method.invoke(Method.java:597)
	at org.testng.internal.MethodInvocationHelper.invokeMethod(MethodInvocationHelper.java:84)
	at org.testng.internal.Invoker.invokeMethod(Invoker.java:714)
	at org.testng.internal.Invoker.invokeTestMethod(Invoker.java:901)
	at org.testng.internal.Invoker.invokeTestMethods(Invoker.java:1231)
	at org.testng.internal.TestMethodWorker.invokeTestMethods(TestMethodWorker.java:127)
	at org.testng.internal.TestMethodWorker.run(TestMethodWorker.java:111)
	at org.testng.TestRunner.privateRun(TestRunner.java:767)
	at org.testng.TestRunner.run(TestRunner.java:617)
	at org.testng.SuiteRunner.runTest(SuiteRunner.java:334)
	at org.testng.SuiteRunner.runSequentially(SuiteRunner.java:329)
	at org.testng.SuiteRunner.privateRun(SuiteRunner.java:291)
	at org.testng.SuiteRunner.run(SuiteRunner.java:240)
	at org.testng.SuiteRunnerWorker.runSuite(SuiteRunnerWorker.java:52)
	at org.testng.SuiteRunnerWorker.run(SuiteRunnerWorker.java:86)
	at org.testng.TestNG.runSuitesSequentially(TestNG.java:1224)
	at org.testng.TestNG.runSuitesLocally(TestNG.java:1149)
	at org.testng.TestNG.run(TestNG.java:1057)
	at org.testng.TestNG.privateMain(TestNG.java:1364)
	at org.testng.TestNG.main(TestNG.java:1333)
</pre></div></td>
<td>47</td>
<td>com.code.test.ibnmsConfig.PmAlarmListTest@15412e75</td></tr>
<tr>
<td title='com.code.test.ibnmsConfig.PmAlarmListTest.deployPA()'><b>deployPA</b><br>Test class: com.code.test.ibnmsConfig.PmAlarmListTest<br>Parameters: [Ljava.lang.String;@6894691f<br/>
<a href="#Output-2081358396" onClick='toggleBox("Output-2081358396", this, "Show output", "Hide output");'>Show output</a>

<a href="#Output-2081358396" onClick="toggleAllBoxes();">Show all outputs</a>
<div class='log' id="Output-2081358396">
TakesScreenshot截图<br/>
{用例描述=启动MQ, 列表匹配数据=seleniumPmAlarm, 操作类型=启动, 列表选择器=PmAlarm名称, 期望值=运行中, 结束标记=结束, 用例编号=CASE2, 是否运行=是, 备注=正确数据，未后续做准备, 状态字段=运行状态}<br/>
</div>
</td>
<td><div><pre>java.lang.AssertionError: {用例描述=启动MQ, 列表匹配数据=seleniumPmAlarm, 操作类型=启动, 列表选择器=PmAlarm名称, 期望值=运行中, 结束标记=结束, 用例编号=CASE2, 是否运行=是, 备注=正确数据，未后续做准备, 状态字段=运行状态} expected [运行中] but found [已停止]
	at com.code.common.Tools.assertEquals(Unknown Source)
	at com.code.test.ibnmsConfig.PmAlarmListTest.deployPA(Unknown Source)
... Removed 26 stack frames</pre></div><a href='#' onClick='toggleBox("stack-trace2081358396", this, "Click to show all stack frames", "Click to hide stack frames")'>Click to show all stack frames</a>
<div class='stack-trace' id='stack-trace2081358396'><pre>java.lang.AssertionError: {用例描述=启动MQ, 列表匹配数据=seleniumPmAlarm, 操作类型=启动, 列表选择器=PmAlarm名称, 期望值=运行中, 结束标记=结束, 用例编号=CASE2, 是否运行=是, 备注=正确数据，未后续做准备, 状态字段=运行状态} expected [运行中] but found [已停止]
	at org.testng.Assert.fail(Assert.java:94)
	at org.testng.Assert.failNotEquals(Assert.java:494)
	at org.testng.Assert.assertEquals(Assert.java:123)
	at com.code.common.Tools.assertEquals(Unknown Source)
	at com.code.test.ibnmsConfig.PmAlarmListTest.deployPA(Unknown Source)
	at sun.reflect.NativeMethodAccessorImpl.invoke0(Native Method)
	at sun.reflect.NativeMethodAccessorImpl.invoke(NativeMethodAccessorImpl.java:39)
	at sun.reflect.DelegatingMethodAccessorImpl.invoke(DelegatingMethodAccessorImpl.java:25)
	at java.lang.reflect.Method.invoke(Method.java:597)
	at org.testng.internal.MethodInvocationHelper.invokeMethod(MethodInvocationHelper.java:84)
	at org.testng.internal.Invoker.invokeMethod(Invoker.java:714)
	at org.testng.internal.Invoker.invokeTestMethod(Invoker.java:901)
	at org.testng.internal.Invoker.invokeTestMethods(Invoker.java:1231)
	at org.testng.internal.TestMethodWorker.invokeTestMethods(TestMethodWorker.java:127)
	at org.testng.internal.TestMethodWorker.run(TestMethodWorker.java:111)
	at org.testng.TestRunner.privateRun(TestRunner.java:767)
	at org.testng.TestRunner.run(TestRunner.java:617)
	at org.testng.SuiteRunner.runTest(SuiteRunner.java:334)
	at org.testng.SuiteRunner.runSequentially(SuiteRunner.java:329)
	at org.testng.SuiteRunner.privateRun(SuiteRunner.java:291)
	at org.testng.SuiteRunner.run(SuiteRunner.java:240)
	at org.testng.SuiteRunnerWorker.runSuite(SuiteRunnerWorker.java:52)
	at org.testng.SuiteRunnerWorker.run(SuiteRunnerWorker.java:86)
	at org.testng.TestNG.runSuitesSequentially(TestNG.java:1224)
	at org.testng.TestNG.runSuitesLocally(TestNG.java:1149)
	at org.testng.TestNG.run(TestNG.java:1057)
	at org.testng.TestNG.privateMain(TestNG.java:1364)
	at org.testng.TestNG.main(TestNG.java:1333)
</pre></div></td>
<td>13</td>
<td>com.code.test.ibnmsConfig.PmAlarmListTest@15412e75</td></tr>
<tr>
<td title='com.code.test.ibnmsConfig.PFListTest.deployPF()'><b>deployPF</b><br>Test class: com.code.test.ibnmsConfig.PFListTest<br>Parameters: [Ljava.lang.String;@6781a7dc<br/>
<a href="#Output-1481333436" onClick='toggleBox("Output-1481333436", this, "Show output", "Hide output");'>Show output</a>

<a href="#Output-1481333436" onClick="toggleAllBoxes();">Show all outputs</a>
<div class='log' id="Output-1481333436">
TakesScreenshot截图<br/>
{用例描述=部署performance, 列表匹配数据=seleniumIBMPF1, 操作类型=部署, 列表选择器=Performance名称, 期望值=已部署, 结束标记=结束, 用例编号=CASE1, 是否运行=是, 备注=, 状态字段=部署状态}<br/>
</div>
</td>
<td><div><pre>java.lang.AssertionError: {用例描述=部署performance, 列表匹配数据=seleniumIBMPF1, 操作类型=部署, 列表选择器=Performance名称, 期望值=已部署, 结束标记=结束, 用例编号=CASE1, 是否运行=是, 备注=, 状态字段=部署状态} expected [已部署] but found [未部署]
	at com.code.common.Tools.assertEquals(Unknown Source)
	at com.code.test.ibnmsConfig.PFListTest.deployPF(Unknown Source)
... Removed 26 stack frames</pre></div><a href='#' onClick='toggleBox("stack-trace1481333436", this, "Click to show all stack frames", "Click to hide stack frames")'>Click to show all stack frames</a>
<div class='stack-trace' id='stack-trace1481333436'><pre>java.lang.AssertionError: {用例描述=部署performance, 列表匹配数据=seleniumIBMPF1, 操作类型=部署, 列表选择器=Performance名称, 期望值=已部署, 结束标记=结束, 用例编号=CASE1, 是否运行=是, 备注=, 状态字段=部署状态} expected [已部署] but found [未部署]
	at org.testng.Assert.fail(Assert.java:94)
	at org.testng.Assert.failNotEquals(Assert.java:494)
	at org.testng.Assert.assertEquals(Assert.java:123)
	at com.code.common.Tools.assertEquals(Unknown Source)
	at com.code.test.ibnmsConfig.PFListTest.deployPF(Unknown Source)
	at sun.reflect.NativeMethodAccessorImpl.invoke0(Native Method)
	at sun.reflect.NativeMethodAccessorImpl.invoke(NativeMethodAccessorImpl.java:39)
	at sun.reflect.DelegatingMethodAccessorImpl.invoke(DelegatingMethodAccessorImpl.java:25)
	at java.lang.reflect.Method.invoke(Method.java:597)
	at org.testng.internal.MethodInvocationHelper.invokeMethod(MethodInvocationHelper.java:84)
	at org.testng.internal.Invoker.invokeMethod(Invoker.java:714)
	at org.testng.internal.Invoker.invokeTestMethod(Invoker.java:901)
	at org.testng.internal.Invoker.invokeTestMethods(Invoker.java:1231)
	at org.testng.internal.TestMethodWorker.invokeTestMethods(TestMethodWorker.java:127)
	at org.testng.internal.TestMethodWorker.run(TestMethodWorker.java:111)
	at org.testng.TestRunner.privateRun(TestRunner.java:767)
	at org.testng.TestRunner.run(TestRunner.java:617)
	at org.testng.SuiteRunner.runTest(SuiteRunner.java:334)
	at org.testng.SuiteRunner.runSequentially(SuiteRunner.java:329)
	at org.testng.SuiteRunner.privateRun(SuiteRunner.java:291)
	at org.testng.SuiteRunner.run(SuiteRunner.java:240)
	at org.testng.SuiteRunnerWorker.runSuite(SuiteRunnerWorker.java:52)
	at org.testng.SuiteRunnerWorker.run(SuiteRunnerWorker.java:86)
	at org.testng.TestNG.runSuitesSequentially(TestNG.java:1224)
	at org.testng.TestNG.runSuitesLocally(TestNG.java:1149)
	at org.testng.TestNG.run(TestNG.java:1057)
	at org.testng.TestNG.privateMain(TestNG.java:1364)
	at org.testng.TestNG.main(TestNG.java:1333)
</pre></div></td>
<td>26</td>
<td>com.code.test.ibnmsConfig.PFListTest@58e22f2b</td></tr>
<tr>
<td title='com.code.test.ibnmsConfig.PFListTest.deployPF()'><b>deployPF</b><br>Test class: com.code.test.ibnmsConfig.PFListTest<br>Parameters: [Ljava.lang.String;@7133919a<br/>
<a href="#Output-304291381" onClick='toggleBox("Output-304291381", this, "Show output", "Hide output");'>Show output</a>

<a href="#Output-304291381" onClick="toggleAllBoxes();">Show all outputs</a>
<div class='log' id="Output-304291381">
TakesScreenshot截图<br/>
{用例描述=启动performance, 列表匹配数据=seleniumIBMPF1, 操作类型=启动, 列表选择器=Performance名称, 期望值=运行中, 结束标记=结束, 用例编号=CASE2, 是否运行=是, 备注=, 状态字段=运行状态}<br/>
</div>
</td>
<td><div><pre>java.lang.AssertionError: {用例描述=启动performance, 列表匹配数据=seleniumIBMPF1, 操作类型=启动, 列表选择器=Performance名称, 期望值=运行中, 结束标记=结束, 用例编号=CASE2, 是否运行=是, 备注=, 状态字段=运行状态} expected [运行中] but found [已停止]
	at com.code.common.Tools.assertEquals(Unknown Source)
	at com.code.test.ibnmsConfig.PFListTest.deployPF(Unknown Source)
... Removed 26 stack frames</pre></div><a href='#' onClick='toggleBox("stack-trace304291381", this, "Click to show all stack frames", "Click to hide stack frames")'>Click to show all stack frames</a>
<div class='stack-trace' id='stack-trace304291381'><pre>java.lang.AssertionError: {用例描述=启动performance, 列表匹配数据=seleniumIBMPF1, 操作类型=启动, 列表选择器=Performance名称, 期望值=运行中, 结束标记=结束, 用例编号=CASE2, 是否运行=是, 备注=, 状态字段=运行状态} expected [运行中] but found [已停止]
	at org.testng.Assert.fail(Assert.java:94)
	at org.testng.Assert.failNotEquals(Assert.java:494)
	at org.testng.Assert.assertEquals(Assert.java:123)
	at com.code.common.Tools.assertEquals(Unknown Source)
	at com.code.test.ibnmsConfig.PFListTest.deployPF(Unknown Source)
	at sun.reflect.NativeMethodAccessorImpl.invoke0(Native Method)
	at sun.reflect.NativeMethodAccessorImpl.invoke(NativeMethodAccessorImpl.java:39)
	at sun.reflect.DelegatingMethodAccessorImpl.invoke(DelegatingMethodAccessorImpl.java:25)
	at java.lang.reflect.Method.invoke(Method.java:597)
	at org.testng.internal.MethodInvocationHelper.invokeMethod(MethodInvocationHelper.java:84)
	at org.testng.internal.Invoker.invokeMethod(Invoker.java:714)
	at org.testng.internal.Invoker.invokeTestMethod(Invoker.java:901)
	at org.testng.internal.Invoker.invokeTestMethods(Invoker.java:1231)
	at org.testng.internal.TestMethodWorker.invokeTestMethods(TestMethodWorker.java:127)
	at org.testng.internal.TestMethodWorker.run(TestMethodWorker.java:111)
	at org.testng.TestRunner.privateRun(TestRunner.java:767)
	at org.testng.TestRunner.run(TestRunner.java:617)
	at org.testng.SuiteRunner.runTest(SuiteRunner.java:334)
	at org.testng.SuiteRunner.runSequentially(SuiteRunner.java:329)
	at org.testng.SuiteRunner.privateRun(SuiteRunner.java:291)
	at org.testng.SuiteRunner.run(SuiteRunner.java:240)
	at org.testng.SuiteRunnerWorker.runSuite(SuiteRunnerWorker.java:52)
	at org.testng.SuiteRunnerWorker.run(SuiteRunnerWorker.java:86)
	at org.testng.TestNG.runSuitesSequentially(TestNG.java:1224)
	at org.testng.TestNG.runSuitesLocally(TestNG.java:1149)
	at org.testng.TestNG.run(TestNG.java:1057)
	at org.testng.TestNG.privateMain(TestNG.java:1364)
	at org.testng.TestNG.main(TestNG.java:1333)
</pre></div></td>
<td>17</td>
<td>com.code.test.ibnmsConfig.PFListTest@58e22f2b</td></tr>
<tr>
<td title='com.code.test.ibnmsConfig.PFListTest.deployPF()'><b>deployPF</b><br>Test class: com.code.test.ibnmsConfig.PFListTest<br>Parameters: [Ljava.lang.String;@709c4f85<br/>
<a href="#Output-448435050" onClick='toggleBox("Output-448435050", this, "Show output", "Hide output");'>Show output</a>

<a href="#Output-448435050" onClick="toggleAllBoxes();">Show all outputs</a>
<div class='log' id="Output-448435050">
TakesScreenshot截图<br/>
{用例描述=部署可用performance, 列表匹配数据=seleniumPF, 操作类型=部署, 列表选择器=Performance名称, 期望值=已部署, 结束标记=结束, 用例编号=CASE5, 是否运行=是, 备注=, 状态字段=部署状态}<br/>
</div>
</td>
<td><div><pre>java.lang.AssertionError: {用例描述=部署可用performance, 列表匹配数据=seleniumPF, 操作类型=部署, 列表选择器=Performance名称, 期望值=已部署, 结束标记=结束, 用例编号=CASE5, 是否运行=是, 备注=, 状态字段=部署状态} expected [已部署] but found [未部署]
	at com.code.common.Tools.assertEquals(Unknown Source)
	at com.code.test.ibnmsConfig.PFListTest.deployPF(Unknown Source)
... Removed 26 stack frames</pre></div><a href='#' onClick='toggleBox("stack-trace448435050", this, "Click to show all stack frames", "Click to hide stack frames")'>Click to show all stack frames</a>
<div class='stack-trace' id='stack-trace448435050'><pre>java.lang.AssertionError: {用例描述=部署可用performance, 列表匹配数据=seleniumPF, 操作类型=部署, 列表选择器=Performance名称, 期望值=已部署, 结束标记=结束, 用例编号=CASE5, 是否运行=是, 备注=, 状态字段=部署状态} expected [已部署] but found [未部署]
	at org.testng.Assert.fail(Assert.java:94)
	at org.testng.Assert.failNotEquals(Assert.java:494)
	at org.testng.Assert.assertEquals(Assert.java:123)
	at com.code.common.Tools.assertEquals(Unknown Source)
	at com.code.test.ibnmsConfig.PFListTest.deployPF(Unknown Source)
	at sun.reflect.NativeMethodAccessorImpl.invoke0(Native Method)
	at sun.reflect.NativeMethodAccessorImpl.invoke(NativeMethodAccessorImpl.java:39)
	at sun.reflect.DelegatingMethodAccessorImpl.invoke(DelegatingMethodAccessorImpl.java:25)
	at java.lang.reflect.Method.invoke(Method.java:597)
	at org.testng.internal.MethodInvocationHelper.invokeMethod(MethodInvocationHelper.java:84)
	at org.testng.internal.Invoker.invokeMethod(Invoker.java:714)
	at org.testng.internal.Invoker.invokeTestMethod(Invoker.java:901)
	at org.testng.internal.Invoker.invokeTestMethods(Invoker.java:1231)
	at org.testng.internal.TestMethodWorker.invokeTestMethods(TestMethodWorker.java:127)
	at org.testng.internal.TestMethodWorker.run(TestMethodWorker.java:111)
	at org.testng.TestRunner.privateRun(TestRunner.java:767)
	at org.testng.TestRunner.run(TestRunner.java:617)
	at org.testng.SuiteRunner.runTest(SuiteRunner.java:334)
	at org.testng.SuiteRunner.runSequentially(SuiteRunner.java:329)
	at org.testng.SuiteRunner.privateRun(SuiteRunner.java:291)
	at org.testng.SuiteRunner.run(SuiteRunner.java:240)
	at org.testng.SuiteRunnerWorker.runSuite(SuiteRunnerWorker.java:52)
	at org.testng.SuiteRunnerWorker.run(SuiteRunnerWorker.java:86)
	at org.testng.TestNG.runSuitesSequentially(TestNG.java:1224)
	at org.testng.TestNG.runSuitesLocally(TestNG.java:1149)
	at org.testng.TestNG.run(TestNG.java:1057)
	at org.testng.TestNG.privateMain(TestNG.java:1364)
	at org.testng.TestNG.main(TestNG.java:1333)
</pre></div></td>
<td>26</td>
<td>com.code.test.ibnmsConfig.PFListTest@58e22f2b</td></tr>
<tr>
<td title='com.code.test.ibnmsConfig.PFListTest.deployPF()'><b>deployPF</b><br>Test class: com.code.test.ibnmsConfig.PFListTest<br>Parameters: [Ljava.lang.String;@2628de85<br/>
<a href="#Output-345284700" onClick='toggleBox("Output-345284700", this, "Show output", "Hide output");'>Show output</a>

<a href="#Output-345284700" onClick="toggleAllBoxes();">Show all outputs</a>
<div class='log' id="Output-345284700">
TakesScreenshot截图<br/>
{用例描述=启动可用performance, 列表匹配数据=seleniumPF, 操作类型=启动, 列表选择器=Performance名称, 期望值=运行中, 结束标记=结束, 用例编号=CASE6, 是否运行=是, 备注=, 状态字段=运行状态}<br/>
</div>
</td>
<td><div><pre>java.lang.AssertionError: {用例描述=启动可用performance, 列表匹配数据=seleniumPF, 操作类型=启动, 列表选择器=Performance名称, 期望值=运行中, 结束标记=结束, 用例编号=CASE6, 是否运行=是, 备注=, 状态字段=运行状态} expected [运行中] but found [已停止]
	at com.code.common.Tools.assertEquals(Unknown Source)
	at com.code.test.ibnmsConfig.PFListTest.deployPF(Unknown Source)
... Removed 26 stack frames</pre></div><a href='#' onClick='toggleBox("stack-trace345284700", this, "Click to show all stack frames", "Click to hide stack frames")'>Click to show all stack frames</a>
<div class='stack-trace' id='stack-trace345284700'><pre>java.lang.AssertionError: {用例描述=启动可用performance, 列表匹配数据=seleniumPF, 操作类型=启动, 列表选择器=Performance名称, 期望值=运行中, 结束标记=结束, 用例编号=CASE6, 是否运行=是, 备注=, 状态字段=运行状态} expected [运行中] but found [已停止]
	at org.testng.Assert.fail(Assert.java:94)
	at org.testng.Assert.failNotEquals(Assert.java:494)
	at org.testng.Assert.assertEquals(Assert.java:123)
	at com.code.common.Tools.assertEquals(Unknown Source)
	at com.code.test.ibnmsConfig.PFListTest.deployPF(Unknown Source)
	at sun.reflect.NativeMethodAccessorImpl.invoke0(Native Method)
	at sun.reflect.NativeMethodAccessorImpl.invoke(NativeMethodAccessorImpl.java:39)
	at sun.reflect.DelegatingMethodAccessorImpl.invoke(DelegatingMethodAccessorImpl.java:25)
	at java.lang.reflect.Method.invoke(Method.java:597)
	at org.testng.internal.MethodInvocationHelper.invokeMethod(MethodInvocationHelper.java:84)
	at org.testng.internal.Invoker.invokeMethod(Invoker.java:714)
	at org.testng.internal.Invoker.invokeTestMethod(Invoker.java:901)
	at org.testng.internal.Invoker.invokeTestMethods(Invoker.java:1231)
	at org.testng.internal.TestMethodWorker.invokeTestMethods(TestMethodWorker.java:127)
	at org.testng.internal.TestMethodWorker.run(TestMethodWorker.java:111)
	at org.testng.TestRunner.privateRun(TestRunner.java:767)
	at org.testng.TestRunner.run(TestRunner.java:617)
	at org.testng.SuiteRunner.runTest(SuiteRunner.java:334)
	at org.testng.SuiteRunner.runSequentially(SuiteRunner.java:329)
	at org.testng.SuiteRunner.privateRun(SuiteRunner.java:291)
	at org.testng.SuiteRunner.run(SuiteRunner.java:240)
	at org.testng.SuiteRunnerWorker.runSuite(SuiteRunnerWorker.java:52)
	at org.testng.SuiteRunnerWorker.run(SuiteRunnerWorker.java:86)
	at org.testng.TestNG.runSuitesSequentially(TestNG.java:1224)
	at org.testng.TestNG.runSuitesLocally(TestNG.java:1149)
	at org.testng.TestNG.run(TestNG.java:1057)
	at org.testng.TestNG.privateMain(TestNG.java:1364)
	at org.testng.TestNG.main(TestNG.java:1333)
</pre></div></td>
<td>17</td>
<td>com.code.test.ibnmsConfig.PFListTest@58e22f2b</td></tr>
<tr>
<td title='com.code.test.ibnmsConfig.PFListTest.deployPF()'><b>deployPF</b><br>Test class: com.code.test.ibnmsConfig.PFListTest<br>Parameters: [Ljava.lang.String;@45290155<br/>
<a href="#Output-1460078371" onClick='toggleBox("Output-1460078371", this, "Show output", "Hide output");'>Show output</a>

<a href="#Output-1460078371" onClick="toggleAllBoxes();">Show all outputs</a>
<div class='log' id="Output-1460078371">
TakesScreenshot截图<br/>
{用例描述=部署可用performance, 列表匹配数据=seleniumPF, 操作类型=部署, 列表选择器=Performance名称, 期望值=已部署, 结束标记=结束, 用例编号=CASE5, 是否运行=是, 备注=, 状态字段=部署状态}<br/>
</div>
</td>
<td><div><pre>java.lang.AssertionError: {用例描述=部署可用performance, 列表匹配数据=seleniumPF, 操作类型=部署, 列表选择器=Performance名称, 期望值=已部署, 结束标记=结束, 用例编号=CASE5, 是否运行=是, 备注=, 状态字段=部署状态} expected [已部署] but found [未部署]
	at com.code.common.Tools.assertEquals(Unknown Source)
	at com.code.test.ibnmsConfig.PFListTest.deployPF(Unknown Source)
... Removed 26 stack frames</pre></div><a href='#' onClick='toggleBox("stack-trace1460078371", this, "Click to show all stack frames", "Click to hide stack frames")'>Click to show all stack frames</a>
<div class='stack-trace' id='stack-trace1460078371'><pre>java.lang.AssertionError: {用例描述=部署可用performance, 列表匹配数据=seleniumPF, 操作类型=部署, 列表选择器=Performance名称, 期望值=已部署, 结束标记=结束, 用例编号=CASE5, 是否运行=是, 备注=, 状态字段=部署状态} expected [已部署] but found [未部署]
	at org.testng.Assert.fail(Assert.java:94)
	at org.testng.Assert.failNotEquals(Assert.java:494)
	at org.testng.Assert.assertEquals(Assert.java:123)
	at com.code.common.Tools.assertEquals(Unknown Source)
	at com.code.test.ibnmsConfig.PFListTest.deployPF(Unknown Source)
	at sun.reflect.NativeMethodAccessorImpl.invoke0(Native Method)
	at sun.reflect.NativeMethodAccessorImpl.invoke(NativeMethodAccessorImpl.java:39)
	at sun.reflect.DelegatingMethodAccessorImpl.invoke(DelegatingMethodAccessorImpl.java:25)
	at java.lang.reflect.Method.invoke(Method.java:597)
	at org.testng.internal.MethodInvocationHelper.invokeMethod(MethodInvocationHelper.java:84)
	at org.testng.internal.Invoker.invokeMethod(Invoker.java:714)
	at org.testng.internal.Invoker.invokeTestMethod(Invoker.java:901)
	at org.testng.internal.Invoker.invokeTestMethods(Invoker.java:1231)
	at org.testng.internal.TestMethodWorker.invokeTestMethods(TestMethodWorker.java:127)
	at org.testng.internal.TestMethodWorker.run(TestMethodWorker.java:111)
	at org.testng.TestRunner.privateRun(TestRunner.java:767)
	at org.testng.TestRunner.run(TestRunner.java:617)
	at org.testng.SuiteRunner.runTest(SuiteRunner.java:334)
	at org.testng.SuiteRunner.runSequentially(SuiteRunner.java:329)
	at org.testng.SuiteRunner.privateRun(SuiteRunner.java:291)
	at org.testng.SuiteRunner.run(SuiteRunner.java:240)
	at org.testng.SuiteRunnerWorker.runSuite(SuiteRunnerWorker.java:52)
	at org.testng.SuiteRunnerWorker.run(SuiteRunnerWorker.java:86)
	at org.testng.TestNG.runSuitesSequentially(TestNG.java:1224)
	at org.testng.TestNG.runSuitesLocally(TestNG.java:1149)
	at org.testng.TestNG.run(TestNG.java:1057)
	at org.testng.TestNG.privateMain(TestNG.java:1364)
	at org.testng.TestNG.main(TestNG.java:1333)
</pre></div></td>
<td>26</td>
<td>com.code.test.ibnmsConfig.PFListTest@58e22f2b</td></tr>
<tr>
<td title='com.code.test.ibnmsConfig.PFListTest.deployPF()'><b>deployPF</b><br>Test class: com.code.test.ibnmsConfig.PFListTest<br>Parameters: [Ljava.lang.String;@71696ec<br/>
<a href="#Output-2105160690" onClick='toggleBox("Output-2105160690", this, "Show output", "Hide output");'>Show output</a>

<a href="#Output-2105160690" onClick="toggleAllBoxes();">Show all outputs</a>
<div class='log' id="Output-2105160690">
TakesScreenshot截图<br/>
{用例描述=启动可用performance, 列表匹配数据=seleniumPF, 操作类型=启动, 列表选择器=Performance名称, 期望值=运行中, 结束标记=结束, 用例编号=CASE6, 是否运行=是, 备注=, 状态字段=运行状态}<br/>
</div>
</td>
<td><div><pre>java.lang.AssertionError: {用例描述=启动可用performance, 列表匹配数据=seleniumPF, 操作类型=启动, 列表选择器=Performance名称, 期望值=运行中, 结束标记=结束, 用例编号=CASE6, 是否运行=是, 备注=, 状态字段=运行状态} expected [运行中] but found [已停止]
	at com.code.common.Tools.assertEquals(Unknown Source)
	at com.code.test.ibnmsConfig.PFListTest.deployPF(Unknown Source)
... Removed 26 stack frames</pre></div><a href='#' onClick='toggleBox("stack-trace2105160690", this, "Click to show all stack frames", "Click to hide stack frames")'>Click to show all stack frames</a>
<div class='stack-trace' id='stack-trace2105160690'><pre>java.lang.AssertionError: {用例描述=启动可用performance, 列表匹配数据=seleniumPF, 操作类型=启动, 列表选择器=Performance名称, 期望值=运行中, 结束标记=结束, 用例编号=CASE6, 是否运行=是, 备注=, 状态字段=运行状态} expected [运行中] but found [已停止]
	at org.testng.Assert.fail(Assert.java:94)
	at org.testng.Assert.failNotEquals(Assert.java:494)
	at org.testng.Assert.assertEquals(Assert.java:123)
	at com.code.common.Tools.assertEquals(Unknown Source)
	at com.code.test.ibnmsConfig.PFListTest.deployPF(Unknown Source)
	at sun.reflect.NativeMethodAccessorImpl.invoke0(Native Method)
	at sun.reflect.NativeMethodAccessorImpl.invoke(NativeMethodAccessorImpl.java:39)
	at sun.reflect.DelegatingMethodAccessorImpl.invoke(DelegatingMethodAccessorImpl.java:25)
	at java.lang.reflect.Method.invoke(Method.java:597)
	at org.testng.internal.MethodInvocationHelper.invokeMethod(MethodInvocationHelper.java:84)
	at org.testng.internal.Invoker.invokeMethod(Invoker.java:714)
	at org.testng.internal.Invoker.invokeTestMethod(Invoker.java:901)
	at org.testng.internal.Invoker.invokeTestMethods(Invoker.java:1231)
	at org.testng.internal.TestMethodWorker.invokeTestMethods(TestMethodWorker.java:127)
	at org.testng.internal.TestMethodWorker.run(TestMethodWorker.java:111)
	at org.testng.TestRunner.privateRun(TestRunner.java:767)
	at org.testng.TestRunner.run(TestRunner.java:617)
	at org.testng.SuiteRunner.runTest(SuiteRunner.java:334)
	at org.testng.SuiteRunner.runSequentially(SuiteRunner.java:329)
	at org.testng.SuiteRunner.privateRun(SuiteRunner.java:291)
	at org.testng.SuiteRunner.run(SuiteRunner.java:240)
	at org.testng.SuiteRunnerWorker.runSuite(SuiteRunnerWorker.java:52)
	at org.testng.SuiteRunnerWorker.run(SuiteRunnerWorker.java:86)
	at org.testng.TestNG.runSuitesSequentially(TestNG.java:1224)
	at org.testng.TestNG.runSuitesLocally(TestNG.java:1149)
	at org.testng.TestNG.run(TestNG.java:1057)
	at org.testng.TestNG.privateMain(TestNG.java:1364)
	at org.testng.TestNG.main(TestNG.java:1333)
</pre></div></td>
<td>17</td>
<td>com.code.test.ibnmsConfig.PFListTest@58e22f2b</td></tr>
<tr>
<td title='com.code.test.ibnmsConfig.WKlistTest.deployWK()'><b>deployWK</b><br>Test class: com.code.test.ibnmsConfig.WKlistTest<br>Parameters: [Ljava.lang.String;@5c0e6396<br/>
<a href="#Output-1841658514" onClick='toggleBox("Output-1841658514", this, "Show output", "Hide output");'>Show output</a>

<a href="#Output-1841658514" onClick="toggleAllBoxes();">Show all outputs</a>
<div class='log' id="Output-1841658514">
TakesScreenshot截图<br/>
{用例描述=部署MQ, 列表匹配数据=seleniumIBMWK1, 操作类型=部署, 列表选择器=名称, 期望值=已部署, 结束标记=结束, 用例编号=CASE1, 是否运行=是, 备注=, 状态字段=部署状态}<br/>
</div>
</td>
<td><div><pre>java.lang.AssertionError: {用例描述=部署MQ, 列表匹配数据=seleniumIBMWK1, 操作类型=部署, 列表选择器=名称, 期望值=已部署, 结束标记=结束, 用例编号=CASE1, 是否运行=是, 备注=, 状态字段=部署状态} expected [已部署] but found [未部署]
	at com.code.common.Tools.assertEquals(Unknown Source)
	at com.code.test.ibnmsConfig.WKlistTest.deployWK(Unknown Source)
... Removed 26 stack frames</pre></div><a href='#' onClick='toggleBox("stack-trace1841658514", this, "Click to show all stack frames", "Click to hide stack frames")'>Click to show all stack frames</a>
<div class='stack-trace' id='stack-trace1841658514'><pre>java.lang.AssertionError: {用例描述=部署MQ, 列表匹配数据=seleniumIBMWK1, 操作类型=部署, 列表选择器=名称, 期望值=已部署, 结束标记=结束, 用例编号=CASE1, 是否运行=是, 备注=, 状态字段=部署状态} expected [已部署] but found [未部署]
	at org.testng.Assert.fail(Assert.java:94)
	at org.testng.Assert.failNotEquals(Assert.java:494)
	at org.testng.Assert.assertEquals(Assert.java:123)
	at com.code.common.Tools.assertEquals(Unknown Source)
	at com.code.test.ibnmsConfig.WKlistTest.deployWK(Unknown Source)
	at sun.reflect.NativeMethodAccessorImpl.invoke0(Native Method)
	at sun.reflect.NativeMethodAccessorImpl.invoke(NativeMethodAccessorImpl.java:39)
	at sun.reflect.DelegatingMethodAccessorImpl.invoke(DelegatingMethodAccessorImpl.java:25)
	at java.lang.reflect.Method.invoke(Method.java:597)
	at org.testng.internal.MethodInvocationHelper.invokeMethod(MethodInvocationHelper.java:84)
	at org.testng.internal.Invoker.invokeMethod(Invoker.java:714)
	at org.testng.internal.Invoker.invokeTestMethod(Invoker.java:901)
	at org.testng.internal.Invoker.invokeTestMethods(Invoker.java:1231)
	at org.testng.internal.TestMethodWorker.invokeTestMethods(TestMethodWorker.java:127)
	at org.testng.internal.TestMethodWorker.run(TestMethodWorker.java:111)
	at org.testng.TestRunner.privateRun(TestRunner.java:767)
	at org.testng.TestRunner.run(TestRunner.java:617)
	at org.testng.SuiteRunner.runTest(SuiteRunner.java:334)
	at org.testng.SuiteRunner.runSequentially(SuiteRunner.java:329)
	at org.testng.SuiteRunner.privateRun(SuiteRunner.java:291)
	at org.testng.SuiteRunner.run(SuiteRunner.java:240)
	at org.testng.SuiteRunnerWorker.runSuite(SuiteRunnerWorker.java:52)
	at org.testng.SuiteRunnerWorker.run(SuiteRunnerWorker.java:86)
	at org.testng.TestNG.runSuitesSequentially(TestNG.java:1224)
	at org.testng.TestNG.runSuitesLocally(TestNG.java:1149)
	at org.testng.TestNG.run(TestNG.java:1057)
	at org.testng.TestNG.privateMain(TestNG.java:1364)
	at org.testng.TestNG.main(TestNG.java:1333)
</pre></div></td>
<td>28</td>
<td>com.code.test.ibnmsConfig.WKlistTest@36afae4a</td></tr>
<tr>
<td title='com.code.test.ibnmsConfig.WKlistTest.deployWK()'><b>deployWK</b><br>Test class: com.code.test.ibnmsConfig.WKlistTest<br>Parameters: [Ljava.lang.String;@34ac3c11<br/>
<a href="#Output-815480414" onClick='toggleBox("Output-815480414", this, "Show output", "Hide output");'>Show output</a>

<a href="#Output-815480414" onClick="toggleAllBoxes();">Show all outputs</a>
<div class='log' id="Output-815480414">
TakesScreenshot截图<br/>
{用例描述=启动MQ, 列表匹配数据=seleniumIBMWK1, 操作类型=启动, 列表选择器=名称, 期望值=运行中, 结束标记=结束, 用例编号=CASE2, 是否运行=是, 备注=, 状态字段=运行状态}<br/>
</div>
</td>
<td><div><pre>java.lang.AssertionError: {用例描述=启动MQ, 列表匹配数据=seleniumIBMWK1, 操作类型=启动, 列表选择器=名称, 期望值=运行中, 结束标记=结束, 用例编号=CASE2, 是否运行=是, 备注=, 状态字段=运行状态} expected [运行中] but found [已停止]
	at com.code.common.Tools.assertEquals(Unknown Source)
	at com.code.test.ibnmsConfig.WKlistTest.deployWK(Unknown Source)
... Removed 26 stack frames</pre></div><a href='#' onClick='toggleBox("stack-trace815480414", this, "Click to show all stack frames", "Click to hide stack frames")'>Click to show all stack frames</a>
<div class='stack-trace' id='stack-trace815480414'><pre>java.lang.AssertionError: {用例描述=启动MQ, 列表匹配数据=seleniumIBMWK1, 操作类型=启动, 列表选择器=名称, 期望值=运行中, 结束标记=结束, 用例编号=CASE2, 是否运行=是, 备注=, 状态字段=运行状态} expected [运行中] but found [已停止]
	at org.testng.Assert.fail(Assert.java:94)
	at org.testng.Assert.failNotEquals(Assert.java:494)
	at org.testng.Assert.assertEquals(Assert.java:123)
	at com.code.common.Tools.assertEquals(Unknown Source)
	at com.code.test.ibnmsConfig.WKlistTest.deployWK(Unknown Source)
	at sun.reflect.NativeMethodAccessorImpl.invoke0(Native Method)
	at sun.reflect.NativeMethodAccessorImpl.invoke(NativeMethodAccessorImpl.java:39)
	at sun.reflect.DelegatingMethodAccessorImpl.invoke(DelegatingMethodAccessorImpl.java:25)
	at java.lang.reflect.Method.invoke(Method.java:597)
	at org.testng.internal.MethodInvocationHelper.invokeMethod(MethodInvocationHelper.java:84)
	at org.testng.internal.Invoker.invokeMethod(Invoker.java:714)
	at org.testng.internal.Invoker.invokeTestMethod(Invoker.java:901)
	at org.testng.internal.Invoker.invokeTestMethods(Invoker.java:1231)
	at org.testng.internal.TestMethodWorker.invokeTestMethods(TestMethodWorker.java:127)
	at org.testng.internal.TestMethodWorker.run(TestMethodWorker.java:111)
	at org.testng.TestRunner.privateRun(TestRunner.java:767)
	at org.testng.TestRunner.run(TestRunner.java:617)
	at org.testng.SuiteRunner.runTest(SuiteRunner.java:334)
	at org.testng.SuiteRunner.runSequentially(SuiteRunner.java:329)
	at org.testng.SuiteRunner.privateRun(SuiteRunner.java:291)
	at org.testng.SuiteRunner.run(SuiteRunner.java:240)
	at org.testng.SuiteRunnerWorker.runSuite(SuiteRunnerWorker.java:52)
	at org.testng.SuiteRunnerWorker.run(SuiteRunnerWorker.java:86)
	at org.testng.TestNG.runSuitesSequentially(TestNG.java:1224)
	at org.testng.TestNG.runSuitesLocally(TestNG.java:1149)
	at org.testng.TestNG.run(TestNG.java:1057)
	at org.testng.TestNG.privateMain(TestNG.java:1364)
	at org.testng.TestNG.main(TestNG.java:1333)
</pre></div></td>
<td>22</td>
<td>com.code.test.ibnmsConfig.WKlistTest@36afae4a</td></tr>
<tr>
<td title='com.code.test.ibnmsConfig.WKlistTest.deployWK()'><b>deployWK</b><br>Test class: com.code.test.ibnmsConfig.WKlistTest<br>Parameters: [Ljava.lang.String;@179b9b1b<br/>
<a href="#Output-1410553408" onClick='toggleBox("Output-1410553408", this, "Show output", "Hide output");'>Show output</a>

<a href="#Output-1410553408" onClick="toggleAllBoxes();">Show all outputs</a>
<div class='log' id="Output-1410553408">
TakesScreenshot截图<br/>
{用例描述=部署可用MQ, 列表匹配数据=seleniumWK, 操作类型=部署, 列表选择器=名称, 期望值=已部署, 结束标记=结束, 用例编号=CASE5, 是否运行=是, 备注=, 状态字段=部署状态}<br/>
</div>
</td>
<td><div><pre>java.lang.AssertionError: {用例描述=部署可用MQ, 列表匹配数据=seleniumWK, 操作类型=部署, 列表选择器=名称, 期望值=已部署, 结束标记=结束, 用例编号=CASE5, 是否运行=是, 备注=, 状态字段=部署状态} expected [已部署] but found [未部署]
	at com.code.common.Tools.assertEquals(Unknown Source)
	at com.code.test.ibnmsConfig.WKlistTest.deployWK(Unknown Source)
... Removed 26 stack frames</pre></div><a href='#' onClick='toggleBox("stack-trace1410553408", this, "Click to show all stack frames", "Click to hide stack frames")'>Click to show all stack frames</a>
<div class='stack-trace' id='stack-trace1410553408'><pre>java.lang.AssertionError: {用例描述=部署可用MQ, 列表匹配数据=seleniumWK, 操作类型=部署, 列表选择器=名称, 期望值=已部署, 结束标记=结束, 用例编号=CASE5, 是否运行=是, 备注=, 状态字段=部署状态} expected [已部署] but found [未部署]
	at org.testng.Assert.fail(Assert.java:94)
	at org.testng.Assert.failNotEquals(Assert.java:494)
	at org.testng.Assert.assertEquals(Assert.java:123)
	at com.code.common.Tools.assertEquals(Unknown Source)
	at com.code.test.ibnmsConfig.WKlistTest.deployWK(Unknown Source)
	at sun.reflect.NativeMethodAccessorImpl.invoke0(Native Method)
	at sun.reflect.NativeMethodAccessorImpl.invoke(NativeMethodAccessorImpl.java:39)
	at sun.reflect.DelegatingMethodAccessorImpl.invoke(DelegatingMethodAccessorImpl.java:25)
	at java.lang.reflect.Method.invoke(Method.java:597)
	at org.testng.internal.MethodInvocationHelper.invokeMethod(MethodInvocationHelper.java:84)
	at org.testng.internal.Invoker.invokeMethod(Invoker.java:714)
	at org.testng.internal.Invoker.invokeTestMethod(Invoker.java:901)
	at org.testng.internal.Invoker.invokeTestMethods(Invoker.java:1231)
	at org.testng.internal.TestMethodWorker.invokeTestMethods(TestMethodWorker.java:127)
	at org.testng.internal.TestMethodWorker.run(TestMethodWorker.java:111)
	at org.testng.TestRunner.privateRun(TestRunner.java:767)
	at org.testng.TestRunner.run(TestRunner.java:617)
	at org.testng.SuiteRunner.runTest(SuiteRunner.java:334)
	at org.testng.SuiteRunner.runSequentially(SuiteRunner.java:329)
	at org.testng.SuiteRunner.privateRun(SuiteRunner.java:291)
	at org.testng.SuiteRunner.run(SuiteRunner.java:240)
	at org.testng.SuiteRunnerWorker.runSuite(SuiteRunnerWorker.java:52)
	at org.testng.SuiteRunnerWorker.run(SuiteRunnerWorker.java:86)
	at org.testng.TestNG.runSuitesSequentially(TestNG.java:1224)
	at org.testng.TestNG.runSuitesLocally(TestNG.java:1149)
	at org.testng.TestNG.run(TestNG.java:1057)
	at org.testng.TestNG.privateMain(TestNG.java:1364)
	at org.testng.TestNG.main(TestNG.java:1333)
</pre></div></td>
<td>25</td>
<td>com.code.test.ibnmsConfig.WKlistTest@36afae4a</td></tr>
<tr>
<td title='com.code.test.ibnmsConfig.WKlistTest.deployWK()'><b>deployWK</b><br>Test class: com.code.test.ibnmsConfig.WKlistTest<br>Parameters: [Ljava.lang.String;@68e415b8<br/>
<a href="#Output-332784793" onClick='toggleBox("Output-332784793", this, "Show output", "Hide output");'>Show output</a>

<a href="#Output-332784793" onClick="toggleAllBoxes();">Show all outputs</a>
<div class='log' id="Output-332784793">
TakesScreenshot截图<br/>
{用例描述=启动可用MQ, 列表匹配数据=seleniumWK, 操作类型=启动, 列表选择器=名称, 期望值=运行中, 结束标记=结束, 用例编号=CASE6, 是否运行=是, 备注=, 状态字段=运行状态}<br/>
</div>
</td>
<td><div><pre>java.lang.AssertionError: {用例描述=启动可用MQ, 列表匹配数据=seleniumWK, 操作类型=启动, 列表选择器=名称, 期望值=运行中, 结束标记=结束, 用例编号=CASE6, 是否运行=是, 备注=, 状态字段=运行状态} expected [运行中] but found [已停止]
	at com.code.common.Tools.assertEquals(Unknown Source)
	at com.code.test.ibnmsConfig.WKlistTest.deployWK(Unknown Source)
... Removed 26 stack frames</pre></div><a href='#' onClick='toggleBox("stack-trace332784793", this, "Click to show all stack frames", "Click to hide stack frames")'>Click to show all stack frames</a>
<div class='stack-trace' id='stack-trace332784793'><pre>java.lang.AssertionError: {用例描述=启动可用MQ, 列表匹配数据=seleniumWK, 操作类型=启动, 列表选择器=名称, 期望值=运行中, 结束标记=结束, 用例编号=CASE6, 是否运行=是, 备注=, 状态字段=运行状态} expected [运行中] but found [已停止]
	at org.testng.Assert.fail(Assert.java:94)
	at org.testng.Assert.failNotEquals(Assert.java:494)
	at org.testng.Assert.assertEquals(Assert.java:123)
	at com.code.common.Tools.assertEquals(Unknown Source)
	at com.code.test.ibnmsConfig.WKlistTest.deployWK(Unknown Source)
	at sun.reflect.NativeMethodAccessorImpl.invoke0(Native Method)
	at sun.reflect.NativeMethodAccessorImpl.invoke(NativeMethodAccessorImpl.java:39)
	at sun.reflect.DelegatingMethodAccessorImpl.invoke(DelegatingMethodAccessorImpl.java:25)
	at java.lang.reflect.Method.invoke(Method.java:597)
	at org.testng.internal.MethodInvocationHelper.invokeMethod(MethodInvocationHelper.java:84)
	at org.testng.internal.Invoker.invokeMethod(Invoker.java:714)
	at org.testng.internal.Invoker.invokeTestMethod(Invoker.java:901)
	at org.testng.internal.Invoker.invokeTestMethods(Invoker.java:1231)
	at org.testng.internal.TestMethodWorker.invokeTestMethods(TestMethodWorker.java:127)
	at org.testng.internal.TestMethodWorker.run(TestMethodWorker.java:111)
	at org.testng.TestRunner.privateRun(TestRunner.java:767)
	at org.testng.TestRunner.run(TestRunner.java:617)
	at org.testng.SuiteRunner.runTest(SuiteRunner.java:334)
	at org.testng.SuiteRunner.runSequentially(SuiteRunner.java:329)
	at org.testng.SuiteRunner.privateRun(SuiteRunner.java:291)
	at org.testng.SuiteRunner.run(SuiteRunner.java:240)
	at org.testng.SuiteRunnerWorker.runSuite(SuiteRunnerWorker.java:52)
	at org.testng.SuiteRunnerWorker.run(SuiteRunnerWorker.java:86)
	at org.testng.TestNG.runSuitesSequentially(TestNG.java:1224)
	at org.testng.TestNG.runSuitesLocally(TestNG.java:1149)
	at org.testng.TestNG.run(TestNG.java:1057)
	at org.testng.TestNG.privateMain(TestNG.java:1364)
	at org.testng.TestNG.main(TestNG.java:1333)
</pre></div></td>
<td>16</td>
<td>com.code.test.ibnmsConfig.WKlistTest@36afae4a</td></tr>
<tr>
<td title='com.code.test.ibnmsConfig.WKlistTest.deployWK()'><b>deployWK</b><br>Test class: com.code.test.ibnmsConfig.WKlistTest<br>Parameters: [Ljava.lang.String;@564e18d4<br/>
<a href="#Output-1070741042" onClick='toggleBox("Output-1070741042", this, "Show output", "Hide output");'>Show output</a>

<a href="#Output-1070741042" onClick="toggleAllBoxes();">Show all outputs</a>
<div class='log' id="Output-1070741042">
TakesScreenshot截图<br/>
{用例描述=部署可用MQ, 列表匹配数据=seleniumWK, 操作类型=部署, 列表选择器=名称, 期望值=已部署, 结束标记=结束, 用例编号=CASE5, 是否运行=是, 备注=, 状态字段=部署状态}<br/>
</div>
</td>
<td><div><pre>java.lang.AssertionError: {用例描述=部署可用MQ, 列表匹配数据=seleniumWK, 操作类型=部署, 列表选择器=名称, 期望值=已部署, 结束标记=结束, 用例编号=CASE5, 是否运行=是, 备注=, 状态字段=部署状态} expected [已部署] but found [未部署]
	at com.code.common.Tools.assertEquals(Unknown Source)
	at com.code.test.ibnmsConfig.WKlistTest.deployWK(Unknown Source)
... Removed 26 stack frames</pre></div><a href='#' onClick='toggleBox("stack-trace1070741042", this, "Click to show all stack frames", "Click to hide stack frames")'>Click to show all stack frames</a>
<div class='stack-trace' id='stack-trace1070741042'><pre>java.lang.AssertionError: {用例描述=部署可用MQ, 列表匹配数据=seleniumWK, 操作类型=部署, 列表选择器=名称, 期望值=已部署, 结束标记=结束, 用例编号=CASE5, 是否运行=是, 备注=, 状态字段=部署状态} expected [已部署] but found [未部署]
	at org.testng.Assert.fail(Assert.java:94)
	at org.testng.Assert.failNotEquals(Assert.java:494)
	at org.testng.Assert.assertEquals(Assert.java:123)
	at com.code.common.Tools.assertEquals(Unknown Source)
	at com.code.test.ibnmsConfig.WKlistTest.deployWK(Unknown Source)
	at sun.reflect.NativeMethodAccessorImpl.invoke0(Native Method)
	at sun.reflect.NativeMethodAccessorImpl.invoke(NativeMethodAccessorImpl.java:39)
	at sun.reflect.DelegatingMethodAccessorImpl.invoke(DelegatingMethodAccessorImpl.java:25)
	at java.lang.reflect.Method.invoke(Method.java:597)
	at org.testng.internal.MethodInvocationHelper.invokeMethod(MethodInvocationHelper.java:84)
	at org.testng.internal.Invoker.invokeMethod(Invoker.java:714)
	at org.testng.internal.Invoker.invokeTestMethod(Invoker.java:901)
	at org.testng.internal.Invoker.invokeTestMethods(Invoker.java:1231)
	at org.testng.internal.TestMethodWorker.invokeTestMethods(TestMethodWorker.java:127)
	at org.testng.internal.TestMethodWorker.run(TestMethodWorker.java:111)
	at org.testng.TestRunner.privateRun(TestRunner.java:767)
	at org.testng.TestRunner.run(TestRunner.java:617)
	at org.testng.SuiteRunner.runTest(SuiteRunner.java:334)
	at org.testng.SuiteRunner.runSequentially(SuiteRunner.java:329)
	at org.testng.SuiteRunner.privateRun(SuiteRunner.java:291)
	at org.testng.SuiteRunner.run(SuiteRunner.java:240)
	at org.testng.SuiteRunnerWorker.runSuite(SuiteRunnerWorker.java:52)
	at org.testng.SuiteRunnerWorker.run(SuiteRunnerWorker.java:86)
	at org.testng.TestNG.runSuitesSequentially(TestNG.java:1224)
	at org.testng.TestNG.runSuitesLocally(TestNG.java:1149)
	at org.testng.TestNG.run(TestNG.java:1057)
	at org.testng.TestNG.privateMain(TestNG.java:1364)
	at org.testng.TestNG.main(TestNG.java:1333)
</pre></div></td>
<td>25</td>
<td>com.code.test.ibnmsConfig.WKlistTest@36afae4a</td></tr>
<tr>
<td title='com.code.test.ibnmsConfig.WKlistTest.deployWK()'><b>deployWK</b><br>Test class: com.code.test.ibnmsConfig.WKlistTest<br>Parameters: [Ljava.lang.String;@21403290<br/>
<a href="#Output-500849146" onClick='toggleBox("Output-500849146", this, "Show output", "Hide output");'>Show output</a>

<a href="#Output-500849146" onClick="toggleAllBoxes();">Show all outputs</a>
<div class='log' id="Output-500849146">
TakesScreenshot截图<br/>
{用例描述=启动可用MQ, 列表匹配数据=seleniumWK, 操作类型=启动, 列表选择器=名称, 期望值=运行中, 结束标记=结束, 用例编号=CASE6, 是否运行=是, 备注=, 状态字段=运行状态}<br/>
</div>
</td>
<td><div><pre>java.lang.AssertionError: {用例描述=启动可用MQ, 列表匹配数据=seleniumWK, 操作类型=启动, 列表选择器=名称, 期望值=运行中, 结束标记=结束, 用例编号=CASE6, 是否运行=是, 备注=, 状态字段=运行状态} expected [运行中] but found [已停止]
	at com.code.common.Tools.assertEquals(Unknown Source)
	at com.code.test.ibnmsConfig.WKlistTest.deployWK(Unknown Source)
... Removed 26 stack frames</pre></div><a href='#' onClick='toggleBox("stack-trace500849146", this, "Click to show all stack frames", "Click to hide stack frames")'>Click to show all stack frames</a>
<div class='stack-trace' id='stack-trace500849146'><pre>java.lang.AssertionError: {用例描述=启动可用MQ, 列表匹配数据=seleniumWK, 操作类型=启动, 列表选择器=名称, 期望值=运行中, 结束标记=结束, 用例编号=CASE6, 是否运行=是, 备注=, 状态字段=运行状态} expected [运行中] but found [已停止]
	at org.testng.Assert.fail(Assert.java:94)
	at org.testng.Assert.failNotEquals(Assert.java:494)
	at org.testng.Assert.assertEquals(Assert.java:123)
	at com.code.common.Tools.assertEquals(Unknown Source)
	at com.code.test.ibnmsConfig.WKlistTest.deployWK(Unknown Source)
	at sun.reflect.NativeMethodAccessorImpl.invoke0(Native Method)
	at sun.reflect.NativeMethodAccessorImpl.invoke(NativeMethodAccessorImpl.java:39)
	at sun.reflect.DelegatingMethodAccessorImpl.invoke(DelegatingMethodAccessorImpl.java:25)
	at java.lang.reflect.Method.invoke(Method.java:597)
	at org.testng.internal.MethodInvocationHelper.invokeMethod(MethodInvocationHelper.java:84)
	at org.testng.internal.Invoker.invokeMethod(Invoker.java:714)
	at org.testng.internal.Invoker.invokeTestMethod(Invoker.java:901)
	at org.testng.internal.Invoker.invokeTestMethods(Invoker.java:1231)
	at org.testng.internal.TestMethodWorker.invokeTestMethods(TestMethodWorker.java:127)
	at org.testng.internal.TestMethodWorker.run(TestMethodWorker.java:111)
	at org.testng.TestRunner.privateRun(TestRunner.java:767)
	at org.testng.TestRunner.run(TestRunner.java:617)
	at org.testng.SuiteRunner.runTest(SuiteRunner.java:334)
	at org.testng.SuiteRunner.runSequentially(SuiteRunner.java:329)
	at org.testng.SuiteRunner.privateRun(SuiteRunner.java:291)
	at org.testng.SuiteRunner.run(SuiteRunner.java:240)
	at org.testng.SuiteRunnerWorker.runSuite(SuiteRunnerWorker.java:52)
	at org.testng.SuiteRunnerWorker.run(SuiteRunnerWorker.java:86)
	at org.testng.TestNG.runSuitesSequentially(TestNG.java:1224)
	at org.testng.TestNG.runSuitesLocally(TestNG.java:1149)
	at org.testng.TestNG.run(TestNG.java:1057)
	at org.testng.TestNG.privateMain(TestNG.java:1364)
	at org.testng.TestNG.main(TestNG.java:1333)
</pre></div></td>
<td>16</td>
<td>com.code.test.ibnmsConfig.WKlistTest@36afae4a</td></tr>
<tr>
<td title='com.code.test.ibnmsConfig.AppServerListTest.operateAPP()'><b>operateAPP</b><br>Test class: com.code.test.ibnmsConfig.AppServerListTest<br>Parameters: [Ljava.lang.String;@7db79cfd<br/>
<a href="#Output-78953502" onClick='toggleBox("Output-78953502", this, "Show output", "Hide output");'>Show output</a>

<a href="#Output-78953502" onClick="toggleAllBoxes();">Show all outputs</a>
<div class='log' id="Output-78953502">
TakesScreenshot截图<br/>
{主机名称_ENV=seleniumIBMName1, 列表匹配数据=seleniumIBMBMC, 操作类型=增加, 部署主机=seleniumIBMName1, 组建类型=BmcServer, 期望值=1, 列表选择器=应用名称, 结束标记=结束, 用例编号=CASE1, 应用名称=seleniumIBMBMC, 安装路径=/selenium, 用例描述=增加BmcServer, 进程关键字=seleniumIBMBMCPID, 是否运行=是, 备注=, BmcServer类型=监控, 扫描频率 =}<br/>
</div>
</td>
<td><div><pre>java.lang.AssertionError: {主机名称_ENV=seleniumIBMName1, 列表匹配数据=seleniumIBMBMC, 操作类型=增加, 部署主机=seleniumIBMName1, 组建类型=BmcServer, 期望值=1, 列表选择器=应用名称, 结束标记=结束, 用例编号=CASE1, 应用名称=seleniumIBMBMC, 安装路径=/selenium, 用例描述=增加BmcServer, 进程关键字=seleniumIBMBMCPID, 是否运行=是, 备注=, BmcServer类型=监控, 扫描频率 =} expected [1] but found [0]
	at com.code.common.Tools.assertEquals(Unknown Source)
	at com.code.test.ibnmsConfig.AppServerListTest.operateAPP(Unknown Source)
... Removed 26 stack frames</pre></div><a href='#' onClick='toggleBox("stack-trace78953502", this, "Click to show all stack frames", "Click to hide stack frames")'>Click to show all stack frames</a>
<div class='stack-trace' id='stack-trace78953502'><pre>java.lang.AssertionError: {主机名称_ENV=seleniumIBMName1, 列表匹配数据=seleniumIBMBMC, 操作类型=增加, 部署主机=seleniumIBMName1, 组建类型=BmcServer, 期望值=1, 列表选择器=应用名称, 结束标记=结束, 用例编号=CASE1, 应用名称=seleniumIBMBMC, 安装路径=/selenium, 用例描述=增加BmcServer, 进程关键字=seleniumIBMBMCPID, 是否运行=是, 备注=, BmcServer类型=监控, 扫描频率 =} expected [1] but found [0]
	at org.testng.Assert.fail(Assert.java:94)
	at org.testng.Assert.failNotEquals(Assert.java:494)
	at org.testng.Assert.assertEquals(Assert.java:123)
	at com.code.common.Tools.assertEquals(Unknown Source)
	at com.code.test.ibnmsConfig.AppServerListTest.operateAPP(Unknown Source)
	at sun.reflect.NativeMethodAccessorImpl.invoke0(Native Method)
	at sun.reflect.NativeMethodAccessorImpl.invoke(NativeMethodAccessorImpl.java:39)
	at sun.reflect.DelegatingMethodAccessorImpl.invoke(DelegatingMethodAccessorImpl.java:25)
	at java.lang.reflect.Method.invoke(Method.java:597)
	at org.testng.internal.MethodInvocationHelper.invokeMethod(MethodInvocationHelper.java:84)
	at org.testng.internal.Invoker.invokeMethod(Invoker.java:714)
	at org.testng.internal.Invoker.invokeTestMethod(Invoker.java:901)
	at org.testng.internal.Invoker.invokeTestMethods(Invoker.java:1231)
	at org.testng.internal.TestMethodWorker.invokeTestMethods(TestMethodWorker.java:127)
	at org.testng.internal.TestMethodWorker.run(TestMethodWorker.java:111)
	at org.testng.TestRunner.privateRun(TestRunner.java:767)
	at org.testng.TestRunner.run(TestRunner.java:617)
	at org.testng.SuiteRunner.runTest(SuiteRunner.java:334)
	at org.testng.SuiteRunner.runSequentially(SuiteRunner.java:329)
	at org.testng.SuiteRunner.privateRun(SuiteRunner.java:291)
	at org.testng.SuiteRunner.run(SuiteRunner.java:240)
	at org.testng.SuiteRunnerWorker.runSuite(SuiteRunnerWorker.java:52)
	at org.testng.SuiteRunnerWorker.run(SuiteRunnerWorker.java:86)
	at org.testng.TestNG.runSuitesSequentially(TestNG.java:1224)
	at org.testng.TestNG.runSuitesLocally(TestNG.java:1149)
	at org.testng.TestNG.run(TestNG.java:1057)
	at org.testng.TestNG.privateMain(TestNG.java:1364)
	at org.testng.TestNG.main(TestNG.java:1333)
</pre></div></td>
<td>36</td>
<td>com.code.test.ibnmsConfig.AppServerListTest@6f7cf6b6</td></tr>
<tr>
<td title='com.code.test.ibnmsConfig.AppServerListTest.operateAPP()'><b>operateAPP</b><br>Test class: com.code.test.ibnmsConfig.AppServerListTest<br>Parameters: [Ljava.lang.String;@21a3e686<br/>
<a href="#Output-1694141638" onClick='toggleBox("Output-1694141638", this, "Show output", "Hide output");'>Show output</a>

<a href="#Output-1694141638" onClick="toggleAllBoxes();">Show all outputs</a>
<div class='log' id="Output-1694141638">
请选择数据<br/>
点击元素失败！<br/>
TakesScreenshot截图<br/>
</div>
</td>
<td><div><pre>org.openqa.selenium.NoSuchElementException: Unable to find element with id == subsmit_save (WARNING: The server did not provide any stacktrace information)
Command duration or timeout: 10.07 seconds
For documentation on this error, please visit: http://seleniumhq.org/exceptions/no_such_element.html
Build info: version: &apos;2.40.0&apos;, revision: &apos;fbe29a9&apos;, time: &apos;2014-02-19 20:55:11&apos;
System info: host: &apos;Jin-PC&apos;, ip: &apos;192.168.220.1&apos;, os.name: &apos;Windows 7&apos;, os.arch: &apos;amd64&apos;, os.version: &apos;6.1&apos;, java.version: &apos;1.6.0_39&apos;
Session ID: 75458e4a-011c-443a-8659-3ed8c3566eb9
Driver info: org.openqa.selenium.ie.InternetExplorerDriver
Capabilities [{platform=WINDOWS, javascriptEnabled=true, elementScrollBehavior=0, enablePersistentHover=true, ignoreZoomSetting=false, ie.ensureCleanSession=false, browserName=internet explorer, enableElementCacheCleanup=true, unexpectedAlertBehaviour=dismiss, version=8, ie.usePerProcessProxy=false, cssSelectorsEnabled=true, ignoreProtectedModeSettings=true, requireWindowFocus=false, handlesAlerts=true, initialBrowserUrl=http://localhost:47959/, ie.forceCreateProcessApi=false, nativeEvents=true, browserAttachTimeout=0, ie.browserCommandLineSwitches=, takesScreenshot=true}]
	at org.openqa.selenium.remote.ErrorHandler.createThrowable(ErrorHandler.java:193)
	at org.openqa.selenium.remote.ErrorHandler.throwIfResponseFailed(ErrorHandler.java:145)
	at org.openqa.selenium.remote.RemoteWebDriver.execute(RemoteWebDriver.java:573)
	at org.openqa.selenium.remote.RemoteWebDriver.findElement(RemoteWebDriver.java:326)
	at org.openqa.selenium.remote.RemoteWebDriver.findElementById(RemoteWebDriver.java:367)
	at org.openqa.selenium.By$ById.findElement(By.java:214)
	at org.openqa.selenium.remote.RemoteWebDriver.findElement(RemoteWebDriver.java:318)
	at org.openqa.selenium.support.events.EventFiringWebDriver$2.invoke(EventFiringWebDriver.java:101)
	at sun.proxy.$Proxy12.findElement(Unknown Source)
	at org.openqa.selenium.support.events.EventFiringWebDriver.findElement(EventFiringWebDriver.java:184)
	at org.openqa.selenium.support.pagefactory.DefaultElementLocator.findElement(DefaultElementLocator.java:59)
	at org.openqa.selenium.support.pagefactory.internal.LocatingElementHandler.invoke(LocatingElementHandler.java:34)
	at sun.proxy.$Proxy14.click(Unknown Source)
	at com.code.common.Tools.click(Unknown Source)
	at com.code.page.ibnmsConfig.appServer.page.AppFormPage.inputForm(Unknown Source)
	at com.code.page.ibnmsConfig.appServer.page.AppFormPage.operateApp(Unknown Source)
	at com.code.page.ibnmsConfig.appServer.AppServerListPage.operateApp(Unknown Source)
	at com.code.test.ibnmsConfig.AppServerListTest.operateAPP(Unknown Source)
... Removed 29 stack frames</pre></div><a href='#' onClick='toggleBox("stack-trace1694141638", this, "Click to show all stack frames", "Click to hide stack frames")'>Click to show all stack frames</a>
<div class='stack-trace' id='stack-trace1694141638'><pre>org.openqa.selenium.NoSuchElementException: Unable to find element with id == subsmit_save (WARNING: The server did not provide any stacktrace information)
Command duration or timeout: 10.07 seconds
For documentation on this error, please visit: http://seleniumhq.org/exceptions/no_such_element.html
Build info: version: &apos;2.40.0&apos;, revision: &apos;fbe29a9&apos;, time: &apos;2014-02-19 20:55:11&apos;
System info: host: &apos;Jin-PC&apos;, ip: &apos;192.168.220.1&apos;, os.name: &apos;Windows 7&apos;, os.arch: &apos;amd64&apos;, os.version: &apos;6.1&apos;, java.version: &apos;1.6.0_39&apos;
Session ID: 75458e4a-011c-443a-8659-3ed8c3566eb9
Driver info: org.openqa.selenium.ie.InternetExplorerDriver
Capabilities [{platform=WINDOWS, javascriptEnabled=true, elementScrollBehavior=0, enablePersistentHover=true, ignoreZoomSetting=false, ie.ensureCleanSession=false, browserName=internet explorer, enableElementCacheCleanup=true, unexpectedAlertBehaviour=dismiss, version=8, ie.usePerProcessProxy=false, cssSelectorsEnabled=true, ignoreProtectedModeSettings=true, requireWindowFocus=false, handlesAlerts=true, initialBrowserUrl=http://localhost:47959/, ie.forceCreateProcessApi=false, nativeEvents=true, browserAttachTimeout=0, ie.browserCommandLineSwitches=, takesScreenshot=true}]
	at sun.reflect.GeneratedConstructorAccessor19.newInstance(Unknown Source)
	at sun.reflect.DelegatingConstructorAccessorImpl.newInstance(DelegatingConstructorAccessorImpl.java:27)
	at java.lang.reflect.Constructor.newInstance(Constructor.java:513)
	at org.openqa.selenium.remote.ErrorHandler.createThrowable(ErrorHandler.java:193)
	at org.openqa.selenium.remote.ErrorHandler.throwIfResponseFailed(ErrorHandler.java:145)
	at org.openqa.selenium.remote.RemoteWebDriver.execute(RemoteWebDriver.java:573)
	at org.openqa.selenium.remote.RemoteWebDriver.findElement(RemoteWebDriver.java:326)
	at org.openqa.selenium.remote.RemoteWebDriver.findElementById(RemoteWebDriver.java:367)
	at org.openqa.selenium.By$ById.findElement(By.java:214)
	at org.openqa.selenium.remote.RemoteWebDriver.findElement(RemoteWebDriver.java:318)
	at sun.reflect.GeneratedMethodAccessor10.invoke(Unknown Source)
	at sun.reflect.DelegatingMethodAccessorImpl.invoke(DelegatingMethodAccessorImpl.java:25)
	at java.lang.reflect.Method.invoke(Method.java:597)
	at org.openqa.selenium.support.events.EventFiringWebDriver$2.invoke(EventFiringWebDriver.java:101)
	at sun.proxy.$Proxy12.findElement(Unknown Source)
	at org.openqa.selenium.support.events.EventFiringWebDriver.findElement(EventFiringWebDriver.java:184)
	at org.openqa.selenium.support.pagefactory.DefaultElementLocator.findElement(DefaultElementLocator.java:59)
	at org.openqa.selenium.support.pagefactory.internal.LocatingElementHandler.invoke(LocatingElementHandler.java:34)
	at sun.proxy.$Proxy14.click(Unknown Source)
	at com.code.common.Tools.click(Unknown Source)
	at com.code.page.ibnmsConfig.appServer.page.AppFormPage.inputForm(Unknown Source)
	at com.code.page.ibnmsConfig.appServer.page.AppFormPage.operateApp(Unknown Source)
	at com.code.page.ibnmsConfig.appServer.AppServerListPage.operateApp(Unknown Source)
	at com.code.test.ibnmsConfig.AppServerListTest.operateAPP(Unknown Source)
	at sun.reflect.NativeMethodAccessorImpl.invoke0(Native Method)
	at sun.reflect.NativeMethodAccessorImpl.invoke(NativeMethodAccessorImpl.java:39)
	at sun.reflect.DelegatingMethodAccessorImpl.invoke(DelegatingMethodAccessorImpl.java:25)
	at java.lang.reflect.Method.invoke(Method.java:597)
	at org.testng.internal.MethodInvocationHelper.invokeMethod(MethodInvocationHelper.java:84)
	at org.testng.internal.Invoker.invokeMethod(Invoker.java:714)
	at org.testng.internal.Invoker.invokeTestMethod(Invoker.java:901)
	at org.testng.internal.Invoker.invokeTestMethods(Invoker.java:1231)
	at org.testng.internal.TestMethodWorker.invokeTestMethods(TestMethodWorker.java:127)
	at org.testng.internal.TestMethodWorker.run(TestMethodWorker.java:111)
	at org.testng.TestRunner.privateRun(TestRunner.java:767)
	at org.testng.TestRunner.run(TestRunner.java:617)
	at org.testng.SuiteRunner.runTest(SuiteRunner.java:334)
	at org.testng.SuiteRunner.runSequentially(SuiteRunner.java:329)
	at org.testng.SuiteRunner.privateRun(SuiteRunner.java:291)
	at org.testng.SuiteRunner.run(SuiteRunner.java:240)
	at org.testng.SuiteRunnerWorker.runSuite(SuiteRunnerWorker.java:52)
	at org.testng.SuiteRunnerWorker.run(SuiteRunnerWorker.java:86)
	at org.testng.TestNG.runSuitesSequentially(TestNG.java:1224)
	at org.testng.TestNG.runSuitesLocally(TestNG.java:1149)
	at org.testng.TestNG.run(TestNG.java:1057)
	at org.testng.TestNG.privateMain(TestNG.java:1364)
	at org.testng.TestNG.main(TestNG.java:1333)
</pre></div></td>
<td>28</td>
<td>com.code.test.ibnmsConfig.AppServerListTest@6f7cf6b6</td></tr>
<tr>
<td title='com.code.test.ibnmsConfig.AppServerListTest.operateAPP()'><b>operateAPP</b><br>Test class: com.code.test.ibnmsConfig.AppServerListTest<br>Parameters: [Ljava.lang.String;@f7378ab<br/>
<a href="#Output-1713941850" onClick='toggleBox("Output-1713941850", this, "Show output", "Hide output");'>Show output</a>

<a href="#Output-1713941850" onClick="toggleAllBoxes();">Show all outputs</a>
<div class='log' id="Output-1713941850">
请选择数据<br/>
</div>
</td>
<td><div><pre>org.openqa.selenium.NoAlertPresentException: No alert is active (WARNING: The server did not provide any stacktrace information)
Command duration or timeout: 103 milliseconds
Build info: version: &apos;2.40.0&apos;, revision: &apos;fbe29a9&apos;, time: &apos;2014-02-19 20:55:11&apos;
System info: host: &apos;Jin-PC&apos;, ip: &apos;192.168.220.1&apos;, os.name: &apos;Windows 7&apos;, os.arch: &apos;amd64&apos;, os.version: &apos;6.1&apos;, java.version: &apos;1.6.0_39&apos;
Session ID: 75458e4a-011c-443a-8659-3ed8c3566eb9
Driver info: org.openqa.selenium.ie.InternetExplorerDriver
Capabilities [{platform=WINDOWS, javascriptEnabled=true, elementScrollBehavior=0, enablePersistentHover=true, ignoreZoomSetting=false, ie.ensureCleanSession=false, browserName=internet explorer, enableElementCacheCleanup=true, unexpectedAlertBehaviour=dismiss, version=8, ie.usePerProcessProxy=false, cssSelectorsEnabled=true, ignoreProtectedModeSettings=true, requireWindowFocus=false, handlesAlerts=true, initialBrowserUrl=http://localhost:47959/, ie.forceCreateProcessApi=false, nativeEvents=true, browserAttachTimeout=0, ie.browserCommandLineSwitches=, takesScreenshot=true}]
	at org.openqa.selenium.remote.ErrorHandler.createThrowable(ErrorHandler.java:193)
	at org.openqa.selenium.remote.ErrorHandler.throwIfResponseFailed(ErrorHandler.java:145)
	at org.openqa.selenium.remote.RemoteWebDriver.execute(RemoteWebDriver.java:573)
	at org.openqa.selenium.remote.RemoteWebDriver.execute(RemoteWebDriver.java:588)
	at org.openqa.selenium.remote.RemoteWebDriver$RemoteTargetLocator.alert(RemoteWebDriver.java:868)
	at org.openqa.selenium.support.events.EventFiringWebDriver$EventFiringTargetLocator.alert(EventFiringWebDriver.java:597)
	at com.code.common.Tools.alertAccept(Unknown Source)
	at com.code.common.BtnPage.delete(Unknown Source)
	at com.code.page.ibnmsConfig.appServer.AppServerListPage.operateApp(Unknown Source)
	at com.code.test.ibnmsConfig.AppServerListTest.operateAPP(Unknown Source)
... Removed 27 stack frames</pre></div><a href='#' onClick='toggleBox("stack-trace1713941850", this, "Click to show all stack frames", "Click to hide stack frames")'>Click to show all stack frames</a>
<div class='stack-trace' id='stack-trace1713941850'><pre>org.openqa.selenium.NoAlertPresentException: No alert is active (WARNING: The server did not provide any stacktrace information)
Command duration or timeout: 103 milliseconds
Build info: version: &apos;2.40.0&apos;, revision: &apos;fbe29a9&apos;, time: &apos;2014-02-19 20:55:11&apos;
System info: host: &apos;Jin-PC&apos;, ip: &apos;192.168.220.1&apos;, os.name: &apos;Windows 7&apos;, os.arch: &apos;amd64&apos;, os.version: &apos;6.1&apos;, java.version: &apos;1.6.0_39&apos;
Session ID: 75458e4a-011c-443a-8659-3ed8c3566eb9
Driver info: org.openqa.selenium.ie.InternetExplorerDriver
Capabilities [{platform=WINDOWS, javascriptEnabled=true, elementScrollBehavior=0, enablePersistentHover=true, ignoreZoomSetting=false, ie.ensureCleanSession=false, browserName=internet explorer, enableElementCacheCleanup=true, unexpectedAlertBehaviour=dismiss, version=8, ie.usePerProcessProxy=false, cssSelectorsEnabled=true, ignoreProtectedModeSettings=true, requireWindowFocus=false, handlesAlerts=true, initialBrowserUrl=http://localhost:47959/, ie.forceCreateProcessApi=false, nativeEvents=true, browserAttachTimeout=0, ie.browserCommandLineSwitches=, takesScreenshot=true}]
	at sun.reflect.NativeConstructorAccessorImpl.newInstance0(Native Method)
	at sun.reflect.NativeConstructorAccessorImpl.newInstance(NativeConstructorAccessorImpl.java:39)
	at sun.reflect.DelegatingConstructorAccessorImpl.newInstance(DelegatingConstructorAccessorImpl.java:27)
	at java.lang.reflect.Constructor.newInstance(Constructor.java:513)
	at org.openqa.selenium.remote.ErrorHandler.createThrowable(ErrorHandler.java:193)
	at org.openqa.selenium.remote.ErrorHandler.throwIfResponseFailed(ErrorHandler.java:145)
	at org.openqa.selenium.remote.RemoteWebDriver.execute(RemoteWebDriver.java:573)
	at org.openqa.selenium.remote.RemoteWebDriver.execute(RemoteWebDriver.java:588)
	at org.openqa.selenium.remote.RemoteWebDriver$RemoteTargetLocator.alert(RemoteWebDriver.java:868)
	at org.openqa.selenium.support.events.EventFiringWebDriver$EventFiringTargetLocator.alert(EventFiringWebDriver.java:597)
	at com.code.common.Tools.alertAccept(Unknown Source)
	at com.code.common.BtnPage.delete(Unknown Source)
	at com.code.page.ibnmsConfig.appServer.AppServerListPage.operateApp(Unknown Source)
	at com.code.test.ibnmsConfig.AppServerListTest.operateAPP(Unknown Source)
	at sun.reflect.NativeMethodAccessorImpl.invoke0(Native Method)
	at sun.reflect.NativeMethodAccessorImpl.invoke(NativeMethodAccessorImpl.java:39)
	at sun.reflect.DelegatingMethodAccessorImpl.invoke(DelegatingMethodAccessorImpl.java:25)
	at java.lang.reflect.Method.invoke(Method.java:597)
	at org.testng.internal.MethodInvocationHelper.invokeMethod(MethodInvocationHelper.java:84)
	at org.testng.internal.Invoker.invokeMethod(Invoker.java:714)
	at org.testng.internal.Invoker.invokeTestMethod(Invoker.java:901)
	at org.testng.internal.Invoker.invokeTestMethods(Invoker.java:1231)
	at org.testng.internal.TestMethodWorker.invokeTestMethods(TestMethodWorker.java:127)
	at org.testng.internal.TestMethodWorker.run(TestMethodWorker.java:111)
	at org.testng.TestRunner.privateRun(TestRunner.java:767)
	at org.testng.TestRunner.run(TestRunner.java:617)
	at org.testng.SuiteRunner.runTest(SuiteRunner.java:334)
	at org.testng.SuiteRunner.runSequentially(SuiteRunner.java:329)
	at org.testng.SuiteRunner.privateRun(SuiteRunner.java:291)
	at org.testng.SuiteRunner.run(SuiteRunner.java:240)
	at org.testng.SuiteRunnerWorker.runSuite(SuiteRunnerWorker.java:52)
	at org.testng.SuiteRunnerWorker.run(SuiteRunnerWorker.java:86)
	at org.testng.TestNG.runSuitesSequentially(TestNG.java:1224)
	at org.testng.TestNG.runSuitesLocally(TestNG.java:1149)
	at org.testng.TestNG.run(TestNG.java:1057)
	at org.testng.TestNG.privateMain(TestNG.java:1364)
	at org.testng.TestNG.main(TestNG.java:1333)
</pre></div></td>
<td>5</td>
<td>com.code.test.ibnmsConfig.AppServerListTest@6f7cf6b6</td></tr>
<tr>
<td title='com.code.test.ibnmsConfig.AppServerListTest.operateAPP()'><b>operateAPP</b><br>Test class: com.code.test.ibnmsConfig.AppServerListTest<br>Parameters: [Ljava.lang.String;@65f72a79<br/>
<a href="#Output-1595833926" onClick='toggleBox("Output-1595833926", this, "Show output", "Hide output");'>Show output</a>

<a href="#Output-1595833926" onClick="toggleAllBoxes();">Show all outputs</a>
<div class='log' id="Output-1595833926">
TakesScreenshot截图<br/>
{主机名称_ENV=seleniumIBMName1, 列表匹配数据=seleniumIBMMSG, 操作类型=增加, 部署主机=seleniumIBMName1, 组建类型=短信订阅, 期望值=1, 列表选择器=应用名称, 结束标记=结束, 用例编号=CASE4, 应用名称=seleniumIBMMSG, 安装路径=/selenium, 用例描述=增加短信订阅, 进程关键字=seleniumIBMMSGPID, 是否运行=是, 备注=, BmcServer类型=, 扫描频率 =60}<br/>
</div>
</td>
<td><div><pre>java.lang.AssertionError: {主机名称_ENV=seleniumIBMName1, 列表匹配数据=seleniumIBMMSG, 操作类型=增加, 部署主机=seleniumIBMName1, 组建类型=短信订阅, 期望值=1, 列表选择器=应用名称, 结束标记=结束, 用例编号=CASE4, 应用名称=seleniumIBMMSG, 安装路径=/selenium, 用例描述=增加短信订阅, 进程关键字=seleniumIBMMSGPID, 是否运行=是, 备注=, BmcServer类型=, 扫描频率 =60} expected [1] but found [0]
	at com.code.common.Tools.assertEquals(Unknown Source)
	at com.code.test.ibnmsConfig.AppServerListTest.operateAPP(Unknown Source)
... Removed 26 stack frames</pre></div><a href='#' onClick='toggleBox("stack-trace1595833926", this, "Click to show all stack frames", "Click to hide stack frames")'>Click to show all stack frames</a>
<div class='stack-trace' id='stack-trace1595833926'><pre>java.lang.AssertionError: {主机名称_ENV=seleniumIBMName1, 列表匹配数据=seleniumIBMMSG, 操作类型=增加, 部署主机=seleniumIBMName1, 组建类型=短信订阅, 期望值=1, 列表选择器=应用名称, 结束标记=结束, 用例编号=CASE4, 应用名称=seleniumIBMMSG, 安装路径=/selenium, 用例描述=增加短信订阅, 进程关键字=seleniumIBMMSGPID, 是否运行=是, 备注=, BmcServer类型=, 扫描频率 =60} expected [1] but found [0]
	at org.testng.Assert.fail(Assert.java:94)
	at org.testng.Assert.failNotEquals(Assert.java:494)
	at org.testng.Assert.assertEquals(Assert.java:123)
	at com.code.common.Tools.assertEquals(Unknown Source)
	at com.code.test.ibnmsConfig.AppServerListTest.operateAPP(Unknown Source)
	at sun.reflect.NativeMethodAccessorImpl.invoke0(Native Method)
	at sun.reflect.NativeMethodAccessorImpl.invoke(NativeMethodAccessorImpl.java:39)
	at sun.reflect.DelegatingMethodAccessorImpl.invoke(DelegatingMethodAccessorImpl.java:25)
	at java.lang.reflect.Method.invoke(Method.java:597)
	at org.testng.internal.MethodInvocationHelper.invokeMethod(MethodInvocationHelper.java:84)
	at org.testng.internal.Invoker.invokeMethod(Invoker.java:714)
	at org.testng.internal.Invoker.invokeTestMethod(Invoker.java:901)
	at org.testng.internal.Invoker.invokeTestMethods(Invoker.java:1231)
	at org.testng.internal.TestMethodWorker.invokeTestMethods(TestMethodWorker.java:127)
	at org.testng.internal.TestMethodWorker.run(TestMethodWorker.java:111)
	at org.testng.TestRunner.privateRun(TestRunner.java:767)
	at org.testng.TestRunner.run(TestRunner.java:617)
	at org.testng.SuiteRunner.runTest(SuiteRunner.java:334)
	at org.testng.SuiteRunner.runSequentially(SuiteRunner.java:329)
	at org.testng.SuiteRunner.privateRun(SuiteRunner.java:291)
	at org.testng.SuiteRunner.run(SuiteRunner.java:240)
	at org.testng.SuiteRunnerWorker.runSuite(SuiteRunnerWorker.java:52)
	at org.testng.SuiteRunnerWorker.run(SuiteRunnerWorker.java:86)
	at org.testng.TestNG.runSuitesSequentially(TestNG.java:1224)
	at org.testng.TestNG.runSuitesLocally(TestNG.java:1149)
	at org.testng.TestNG.run(TestNG.java:1057)
	at org.testng.TestNG.privateMain(TestNG.java:1364)
	at org.testng.TestNG.main(TestNG.java:1333)
</pre></div></td>
<td>36</td>
<td>com.code.test.ibnmsConfig.AppServerListTest@6f7cf6b6</td></tr>
<tr>
<td title='com.code.test.ibnmsConfig.AppServerListTest.operateAPP()'><b>operateAPP</b><br>Test class: com.code.test.ibnmsConfig.AppServerListTest<br>Parameters: [Ljava.lang.String;@746dbfb0<br/>
<a href="#Output-387543455" onClick='toggleBox("Output-387543455", this, "Show output", "Hide output");'>Show output</a>

<a href="#Output-387543455" onClick="toggleAllBoxes();">Show all outputs</a>
<div class='log' id="Output-387543455">
TakesScreenshot截图<br/>
{主机名称_ENV=31test_bnms, 列表匹配数据=seleniumBMCServer, 操作类型=增加, 部署主机=31test_bnms, 组建类型=BmcServer, 期望值=1, 列表选择器=应用名称, 结束标记=结束, 用例编号=CASE5, 应用名称=seleniumBMCServer, 安装路径=/test-bnms/chtest/selenium, 用例描述=增加可用的BmcServer, 进程关键字=seleniumBMCServerPID, 是否运行=是, 备注=, BmcServer类型=监控, 扫描频率 =}<br/>
</div>
</td>
<td><div><pre>java.lang.AssertionError: {主机名称_ENV=31test_bnms, 列表匹配数据=seleniumBMCServer, 操作类型=增加, 部署主机=31test_bnms, 组建类型=BmcServer, 期望值=1, 列表选择器=应用名称, 结束标记=结束, 用例编号=CASE5, 应用名称=seleniumBMCServer, 安装路径=/test-bnms/chtest/selenium, 用例描述=增加可用的BmcServer, 进程关键字=seleniumBMCServerPID, 是否运行=是, 备注=, BmcServer类型=监控, 扫描频率 =} expected [1] but found [0]
	at com.code.common.Tools.assertEquals(Unknown Source)
	at com.code.test.ibnmsConfig.AppServerListTest.operateAPP(Unknown Source)
... Removed 26 stack frames</pre></div><a href='#' onClick='toggleBox("stack-trace387543455", this, "Click to show all stack frames", "Click to hide stack frames")'>Click to show all stack frames</a>
<div class='stack-trace' id='stack-trace387543455'><pre>java.lang.AssertionError: {主机名称_ENV=31test_bnms, 列表匹配数据=seleniumBMCServer, 操作类型=增加, 部署主机=31test_bnms, 组建类型=BmcServer, 期望值=1, 列表选择器=应用名称, 结束标记=结束, 用例编号=CASE5, 应用名称=seleniumBMCServer, 安装路径=/test-bnms/chtest/selenium, 用例描述=增加可用的BmcServer, 进程关键字=seleniumBMCServerPID, 是否运行=是, 备注=, BmcServer类型=监控, 扫描频率 =} expected [1] but found [0]
	at org.testng.Assert.fail(Assert.java:94)
	at org.testng.Assert.failNotEquals(Assert.java:494)
	at org.testng.Assert.assertEquals(Assert.java:123)
	at com.code.common.Tools.assertEquals(Unknown Source)
	at com.code.test.ibnmsConfig.AppServerListTest.operateAPP(Unknown Source)
	at sun.reflect.NativeMethodAccessorImpl.invoke0(Native Method)
	at sun.reflect.NativeMethodAccessorImpl.invoke(NativeMethodAccessorImpl.java:39)
	at sun.reflect.DelegatingMethodAccessorImpl.invoke(DelegatingMethodAccessorImpl.java:25)
	at java.lang.reflect.Method.invoke(Method.java:597)
	at org.testng.internal.MethodInvocationHelper.invokeMethod(MethodInvocationHelper.java:84)
	at org.testng.internal.Invoker.invokeMethod(Invoker.java:714)
	at org.testng.internal.Invoker.invokeTestMethod(Invoker.java:901)
	at org.testng.internal.Invoker.invokeTestMethods(Invoker.java:1231)
	at org.testng.internal.TestMethodWorker.invokeTestMethods(TestMethodWorker.java:127)
	at org.testng.internal.TestMethodWorker.run(TestMethodWorker.java:111)
	at org.testng.TestRunner.privateRun(TestRunner.java:767)
	at org.testng.TestRunner.run(TestRunner.java:617)
	at org.testng.SuiteRunner.runTest(SuiteRunner.java:334)
	at org.testng.SuiteRunner.runSequentially(SuiteRunner.java:329)
	at org.testng.SuiteRunner.privateRun(SuiteRunner.java:291)
	at org.testng.SuiteRunner.run(SuiteRunner.java:240)
	at org.testng.SuiteRunnerWorker.runSuite(SuiteRunnerWorker.java:52)
	at org.testng.SuiteRunnerWorker.run(SuiteRunnerWorker.java:86)
	at org.testng.TestNG.runSuitesSequentially(TestNG.java:1224)
	at org.testng.TestNG.runSuitesLocally(TestNG.java:1149)
	at org.testng.TestNG.run(TestNG.java:1057)
	at org.testng.TestNG.privateMain(TestNG.java:1364)
	at org.testng.TestNG.main(TestNG.java:1333)
</pre></div></td>
<td>36</td>
<td>com.code.test.ibnmsConfig.AppServerListTest@6f7cf6b6</td></tr>
<tr>
<td title='com.code.test.ibnmsConfig.AppServerListTest.operateAPP()'><b>operateAPP</b><br>Test class: com.code.test.ibnmsConfig.AppServerListTest<br>Parameters: [Ljava.lang.String;@5143f787<br/>
<a href="#Output-18760944" onClick='toggleBox("Output-18760944", this, "Show output", "Hide output");'>Show output</a>

<a href="#Output-18760944" onClick="toggleAllBoxes();">Show all outputs</a>
<div class='log' id="Output-18760944">
TakesScreenshot截图<br/>
{主机名称_ENV=31test_bnms, 列表匹配数据=seleniumMSGapp, 操作类型=增加, 部署主机=31test_bnms, 组建类型=短信订阅, 期望值=1, 列表选择器=应用名称, 结束标记=结束, 用例编号=CASE6, 应用名称=seleniumMSGapp, 安装路径=/test-bnms/chtest/selenium, 用例描述=增加可用的短信订阅, 进程关键字=seleniumMSGappPID, 是否运行=是, 备注=, BmcServer类型=, 扫描频率 =60}<br/>
</div>
</td>
<td><div><pre>java.lang.AssertionError: {主机名称_ENV=31test_bnms, 列表匹配数据=seleniumMSGapp, 操作类型=增加, 部署主机=31test_bnms, 组建类型=短信订阅, 期望值=1, 列表选择器=应用名称, 结束标记=结束, 用例编号=CASE6, 应用名称=seleniumMSGapp, 安装路径=/test-bnms/chtest/selenium, 用例描述=增加可用的短信订阅, 进程关键字=seleniumMSGappPID, 是否运行=是, 备注=, BmcServer类型=, 扫描频率 =60} expected [1] but found [0]
	at com.code.common.Tools.assertEquals(Unknown Source)
	at com.code.test.ibnmsConfig.AppServerListTest.operateAPP(Unknown Source)
... Removed 26 stack frames</pre></div><a href='#' onClick='toggleBox("stack-trace18760944", this, "Click to show all stack frames", "Click to hide stack frames")'>Click to show all stack frames</a>
<div class='stack-trace' id='stack-trace18760944'><pre>java.lang.AssertionError: {主机名称_ENV=31test_bnms, 列表匹配数据=seleniumMSGapp, 操作类型=增加, 部署主机=31test_bnms, 组建类型=短信订阅, 期望值=1, 列表选择器=应用名称, 结束标记=结束, 用例编号=CASE6, 应用名称=seleniumMSGapp, 安装路径=/test-bnms/chtest/selenium, 用例描述=增加可用的短信订阅, 进程关键字=seleniumMSGappPID, 是否运行=是, 备注=, BmcServer类型=, 扫描频率 =60} expected [1] but found [0]
	at org.testng.Assert.fail(Assert.java:94)
	at org.testng.Assert.failNotEquals(Assert.java:494)
	at org.testng.Assert.assertEquals(Assert.java:123)
	at com.code.common.Tools.assertEquals(Unknown Source)
	at com.code.test.ibnmsConfig.AppServerListTest.operateAPP(Unknown Source)
	at sun.reflect.NativeMethodAccessorImpl.invoke0(Native Method)
	at sun.reflect.NativeMethodAccessorImpl.invoke(NativeMethodAccessorImpl.java:39)
	at sun.reflect.DelegatingMethodAccessorImpl.invoke(DelegatingMethodAccessorImpl.java:25)
	at java.lang.reflect.Method.invoke(Method.java:597)
	at org.testng.internal.MethodInvocationHelper.invokeMethod(MethodInvocationHelper.java:84)
	at org.testng.internal.Invoker.invokeMethod(Invoker.java:714)
	at org.testng.internal.Invoker.invokeTestMethod(Invoker.java:901)
	at org.testng.internal.Invoker.invokeTestMethods(Invoker.java:1231)
	at org.testng.internal.TestMethodWorker.invokeTestMethods(TestMethodWorker.java:127)
	at org.testng.internal.TestMethodWorker.run(TestMethodWorker.java:111)
	at org.testng.TestRunner.privateRun(TestRunner.java:767)
	at org.testng.TestRunner.run(TestRunner.java:617)
	at org.testng.SuiteRunner.runTest(SuiteRunner.java:334)
	at org.testng.SuiteRunner.runSequentially(SuiteRunner.java:329)
	at org.testng.SuiteRunner.privateRun(SuiteRunner.java:291)
	at org.testng.SuiteRunner.run(SuiteRunner.java:240)
	at org.testng.SuiteRunnerWorker.runSuite(SuiteRunnerWorker.java:52)
	at org.testng.SuiteRunnerWorker.run(SuiteRunnerWorker.java:86)
	at org.testng.TestNG.runSuitesSequentially(TestNG.java:1224)
	at org.testng.TestNG.runSuitesLocally(TestNG.java:1149)
	at org.testng.TestNG.run(TestNG.java:1057)
	at org.testng.TestNG.privateMain(TestNG.java:1364)
	at org.testng.TestNG.main(TestNG.java:1333)
</pre></div></td>
<td>37</td>
<td>com.code.test.ibnmsConfig.AppServerListTest@6f7cf6b6</td></tr>
</table><p>
<table width='100%' border='1' class='invocation-passed'>
<tr><td colspan='4' align='center'><b>PASSED TESTS</b></td></tr>
<tr><td><b>Test method</b></td>
<td width="30%"><b>Exception</b></td>
<td width="10%"><b>Time (seconds)</b></td>
<td><b>Instance</b></td>
</tr>
<tr>
<td title='com.code.test.ibnmsConfig.AgListTest.deployAG()'><b>deployAG</b><br>Test class: com.code.test.ibnmsConfig.AgListTest<br>Parameters: [Ljava.lang.String;@452fe9bf<br/>
<a href="#Output-1291933179" onClick='toggleBox("Output-1291933179", this, "Show output", "Hide output");'>Show output</a>

<a href="#Output-1291933179" onClick="toggleAllBoxes();">Show all outputs</a>
<div class='log' id="Output-1291933179">
点击元素失败！<br/>
TakesScreenshot截图<br/>
</div>
</td>
<td></td>
<td>41</td>
<td>com.code.test.ibnmsConfig.AgListTest@3a4c5b4</td></tr>
<tr>
<td title='com.code.test.ibnmsConfig.AgListTest.deployAG()'><b>deployAG</b><br>Test class: com.code.test.ibnmsConfig.AgListTest<br>Parameters: [Ljava.lang.String;@4c9b1e15</td>
<td></td>
<td>21</td>
<td>com.code.test.ibnmsConfig.AgListTest@3a4c5b4</td></tr>
<tr>
<td title='com.code.test.ibnmsConfig.MQListTest.deployMQ()'><b>deployMQ</b><br>Test class: com.code.test.ibnmsConfig.MQListTest<br>Parameters: [Ljava.lang.String;@5bd41bfd<br/>
<a href="#Output-2057836940" onClick='toggleBox("Output-2057836940", this, "Show output", "Hide output");'>Show output</a>

<a href="#Output-2057836940" onClick="toggleAllBoxes();">Show all outputs</a>
<div class='log' id="Output-2057836940">
点击元素失败！<br/>
TakesScreenshot截图<br/>
</div>
</td>
<td></td>
<td>39</td>
<td>com.code.test.ibnmsConfig.MQListTest@6f57b46f</td></tr>
<tr>
<td title='com.code.test.ibnmsConfig.MQListTest.deployMQ()'><b>deployMQ</b><br>Test class: com.code.test.ibnmsConfig.MQListTest<br>Parameters: [Ljava.lang.String;@4279ae24<br/>
<a href="#Output-99323757" onClick='toggleBox("Output-99323757", this, "Show output", "Hide output");'>Show output</a>

<a href="#Output-99323757" onClick="toggleAllBoxes();">Show all outputs</a>
<div class='log' id="Output-99323757">
点击元素失败！<br/>
TakesScreenshot截图<br/>
</div>
</td>
<td></td>
<td>39</td>
<td>com.code.test.ibnmsConfig.MQListTest@6f57b46f</td></tr>
<tr>
<td title='com.code.test.ibnmsConfig.MQListTest.deployMQ()'><b>deployMQ</b><br>Test class: com.code.test.ibnmsConfig.MQListTest<br>Parameters: [Ljava.lang.String;@4297df94</td>
<td></td>
<td>20</td>
<td>com.code.test.ibnmsConfig.MQListTest@6f57b46f</td></tr>
<tr>
<td title='com.code.test.ibnmsConfig.MQListTest.deployMQ()'><b>deployMQ</b><br>Test class: com.code.test.ibnmsConfig.MQListTest<br>Parameters: [Ljava.lang.String;@d78fb4</td>
<td></td>
<td>20</td>
<td>com.code.test.ibnmsConfig.MQListTest@6f57b46f</td></tr>
<tr>
<td title='com.code.test.ibnmsConfig.PFListTest.deployPF()'><b>deployPF</b><br>Test class: com.code.test.ibnmsConfig.PFListTest<br>Parameters: [Ljava.lang.String;@481b72da<br/>
<a href="#Output-536265385" onClick='toggleBox("Output-536265385", this, "Show output", "Hide output");'>Show output</a>

<a href="#Output-536265385" onClick="toggleAllBoxes();">Show all outputs</a>
<div class='log' id="Output-536265385">
点击元素失败！<br/>
TakesScreenshot截图<br/>
</div>
</td>
<td></td>
<td>37</td>
<td>com.code.test.ibnmsConfig.PFListTest@58e22f2b</td></tr>
<tr>
<td title='com.code.test.ibnmsConfig.PFListTest.deployPF()'><b>deployPF</b><br>Test class: com.code.test.ibnmsConfig.PFListTest<br>Parameters: [Ljava.lang.String;@2116b32</td>
<td></td>
<td>27</td>
<td>com.code.test.ibnmsConfig.PFListTest@58e22f2b</td></tr>
<tr>
<td title='com.code.test.ibnmsConfig.PFListTest.deployPF()'><b>deployPF</b><br>Test class: com.code.test.ibnmsConfig.PFListTest<br>Parameters: [Ljava.lang.String;@4594a0ad</td>
<td></td>
<td>19</td>
<td>com.code.test.ibnmsConfig.PFListTest@58e22f2b</td></tr>
<tr>
<td title='com.code.test.ibnmsConfig.PFListTest.deployPF()'><b>deployPF</b><br>Test class: com.code.test.ibnmsConfig.PFListTest<br>Parameters: [Ljava.lang.String;@20c0e18b</td>
<td></td>
<td>19</td>
<td>com.code.test.ibnmsConfig.PFListTest@58e22f2b</td></tr>
<tr>
<td title='com.code.test.ibnmsConfig.WKlistTest.deployWK()'><b>deployWK</b><br>Test class: com.code.test.ibnmsConfig.WKlistTest<br>Parameters: [Ljava.lang.String;@57177d79<br/>
<a href="#Output-1562971892" onClick='toggleBox("Output-1562971892", this, "Show output", "Hide output");'>Show output</a>

<a href="#Output-1562971892" onClick="toggleAllBoxes();">Show all outputs</a>
<div class='log' id="Output-1562971892">
点击元素失败！<br/>
TakesScreenshot截图<br/>
</div>
</td>
<td></td>
<td>37</td>
<td>com.code.test.ibnmsConfig.WKlistTest@36afae4a</td></tr>
<tr>
<td title='com.code.test.ibnmsConfig.WKlistTest.deployWK()'><b>deployWK</b><br>Test class: com.code.test.ibnmsConfig.WKlistTest<br>Parameters: [Ljava.lang.String;@472ebf9a</td>
<td></td>
<td>19</td>
<td>com.code.test.ibnmsConfig.WKlistTest@36afae4a</td></tr>
<tr>
<td title='com.code.test.ibnmsConfig.WKlistTest.deployWK()'><b>deployWK</b><br>Test class: com.code.test.ibnmsConfig.WKlistTest<br>Parameters: [Ljava.lang.String;@4e253bf8</td>
<td></td>
<td>19</td>
<td>com.code.test.ibnmsConfig.WKlistTest@36afae4a</td></tr>
<tr>
<td title='com.code.test.ibnmsConfig.WKlistTest.deployWK()'><b>deployWK</b><br>Test class: com.code.test.ibnmsConfig.WKlistTest<br>Parameters: [Ljava.lang.String;@6e843edc</td>
<td></td>
<td>19</td>
<td>com.code.test.ibnmsConfig.WKlistTest@36afae4a</td></tr>
<tr>
<td title='com.code.test.ibnmsConfig.LoginPageTest.login()'><b>login</b><br>Test class: com.code.test.ibnmsConfig.LoginPageTest<br>Parameters: [Ljava.lang.String;@2c3b1633</td>
<td></td>
<td>6</td>
<td>com.code.test.ibnmsConfig.LoginPageTest@6a510e39</td></tr>
<tr>
<td title='com.code.test.ibnmsConfig.AgListTest.operateAG()'><b>operateAG</b><br>Test class: com.code.test.ibnmsConfig.AgListTest<br>Parameters: [Ljava.lang.String;@5b2e84f4</td>
<td></td>
<td>17</td>
<td>com.code.test.ibnmsConfig.AgListTest@3a4c5b4</td></tr>
<tr>
<td title='com.code.test.ibnmsConfig.AgListTest.operateAG()'><b>operateAG</b><br>Test class: com.code.test.ibnmsConfig.AgListTest<br>Parameters: [Ljava.lang.String;@4b1addf0</td>
<td></td>
<td>36</td>
<td>com.code.test.ibnmsConfig.AgListTest@3a4c5b4</td></tr>
<tr>
<td title='com.code.test.ibnmsConfig.AgListTest.operateAG()'><b>operateAG</b><br>Test class: com.code.test.ibnmsConfig.AgListTest<br>Parameters: [Ljava.lang.String;@50e0de15</td>
<td></td>
<td>39</td>
<td>com.code.test.ibnmsConfig.AgListTest@3a4c5b4</td></tr>
<tr>
<td title='com.code.test.ibnmsConfig.EnvListTest.operateEnv()'><b>operateEnv</b><br>Test class: com.code.test.ibnmsConfig.EnvListTest<br>Parameters: [Ljava.lang.String;@5b145e2e</td>
<td></td>
<td>33</td>
<td>com.code.test.ibnmsConfig.EnvListTest@47db9852</td></tr>
<tr>
<td title='com.code.test.ibnmsConfig.EnvListTest.operateEnv()'><b>operateEnv</b><br>Test class: com.code.test.ibnmsConfig.EnvListTest<br>Parameters: [Ljava.lang.String;@16334cb9</td>
<td></td>
<td>23</td>
<td>com.code.test.ibnmsConfig.EnvListTest@47db9852</td></tr>
<tr>
<td title='com.code.test.ibnmsConfig.EnvListTest.operateEnv()'><b>operateEnv</b><br>Test class: com.code.test.ibnmsConfig.EnvListTest<br>Parameters: [Ljava.lang.String;@1f21112</td>
<td></td>
<td>30</td>
<td>com.code.test.ibnmsConfig.EnvListTest@47db9852</td></tr>
<tr>
<td title='com.code.test.ibnmsConfig.EnvListTest.operateEnv()'><b>operateEnv</b><br>Test class: com.code.test.ibnmsConfig.EnvListTest<br>Parameters: [Ljava.lang.String;@3b3eb5bd</td>
<td></td>
<td>32</td>
<td>com.code.test.ibnmsConfig.EnvListTest@47db9852</td></tr>
<tr>
<td title='com.code.test.ibnmsConfig.KbpFrameTest.operateKBP()'><b>operateKBP</b><br>Test class: com.code.test.ibnmsConfig.KbpFrameTest<br>Parameters: [Ljava.lang.String;@120da9ae</td>
<td></td>
<td>14</td>
<td>com.code.test.ibnmsConfig.KbpFrameTest@2326a29c</td></tr>
<tr>
<td title='com.code.test.ibnmsConfig.KbpFrameTest.operateKBP()'><b>operateKBP</b><br>Test class: com.code.test.ibnmsConfig.KbpFrameTest<br>Parameters: [Ljava.lang.String;@3efee7c4</td>
<td></td>
<td>13</td>
<td>com.code.test.ibnmsConfig.KbpFrameTest@2326a29c</td></tr>
<tr>
<td title='com.code.test.ibnmsConfig.KbpFrameTest.operateKBP()'><b>operateKBP</b><br>Test class: com.code.test.ibnmsConfig.KbpFrameTest<br>Parameters: [Ljava.lang.String;@5122152b</td>
<td></td>
<td>6</td>
<td>com.code.test.ibnmsConfig.KbpFrameTest@2326a29c</td></tr>
<tr>
<td title='com.code.test.ibnmsConfig.KbpFrameTest.operateKBP()'><b>operateKBP</b><br>Test class: com.code.test.ibnmsConfig.KbpFrameTest<br>Parameters: [Ljava.lang.String;@149be3aa</td>
<td></td>
<td>27</td>
<td>com.code.test.ibnmsConfig.KbpFrameTest@2326a29c</td></tr>
<tr>
<td title='com.code.test.ibnmsConfig.KpiFrameTest.operateKPI()'><b>operateKPI</b><br>Test class: com.code.test.ibnmsConfig.KpiFrameTest<br>Parameters: [Ljava.lang.String;@67fb878</td>
<td></td>
<td>20</td>
<td>com.code.test.ibnmsConfig.KpiFrameTest@44023756</td></tr>
<tr>
<td title='com.code.test.ibnmsConfig.KpiFrameTest.operateKPI()'><b>operateKPI</b><br>Test class: com.code.test.ibnmsConfig.KpiFrameTest<br>Parameters: [Ljava.lang.String;@2b27d19d</td>
<td></td>
<td>19</td>
<td>com.code.test.ibnmsConfig.KpiFrameTest@44023756</td></tr>
<tr>
<td title='com.code.test.ibnmsConfig.KpiFrameTest.operateKPI()'><b>operateKPI</b><br>Test class: com.code.test.ibnmsConfig.KpiFrameTest<br>Parameters: [Ljava.lang.String;@4332b08d</td>
<td></td>
<td>7</td>
<td>com.code.test.ibnmsConfig.KpiFrameTest@44023756</td></tr>
<tr>
<td title='com.code.test.ibnmsConfig.KpiFrameTest.operateKPI()'><b>operateKPI</b><br>Test class: com.code.test.ibnmsConfig.KpiFrameTest<br>Parameters: [Ljava.lang.String;@34e51b72</td>
<td></td>
<td>27</td>
<td>com.code.test.ibnmsConfig.KpiFrameTest@44023756</td></tr>
<tr>
<td title='com.code.test.ibnmsConfig.MQListTest.operateMQ()'><b>operateMQ</b><br>Test class: com.code.test.ibnmsConfig.MQListTest<br>Parameters: [Ljava.lang.String;@2d6cf47f</td>
<td></td>
<td>37</td>
<td>com.code.test.ibnmsConfig.MQListTest@6f57b46f</td></tr>
<tr>
<td title='com.code.test.ibnmsConfig.MQListTest.operateMQ()'><b>operateMQ</b><br>Test class: com.code.test.ibnmsConfig.MQListTest<br>Parameters: [Ljava.lang.String;@4c27d525</td>
<td></td>
<td>28</td>
<td>com.code.test.ibnmsConfig.MQListTest@6f57b46f</td></tr>
<tr>
<td title='com.code.test.ibnmsConfig.MQListTest.operateMQ()'><b>operateMQ</b><br>Test class: com.code.test.ibnmsConfig.MQListTest<br>Parameters: [Ljava.lang.String;@4b1a9732</td>
<td></td>
<td>11</td>
<td>com.code.test.ibnmsConfig.MQListTest@6f57b46f</td></tr>
<tr>
<td title='com.code.test.ibnmsConfig.MQListTest.operateMQ()'><b>operateMQ</b><br>Test class: com.code.test.ibnmsConfig.MQListTest<br>Parameters: [Ljava.lang.String;@3ebc7a23</td>
<td></td>
<td>36</td>
<td>com.code.test.ibnmsConfig.MQListTest@6f57b46f</td></tr>
<tr>
<td title='com.code.test.ibnmsConfig.PmAlarmListTest.operatePA()'><b>operatePA</b><br>Test class: com.code.test.ibnmsConfig.PmAlarmListTest<br>Parameters: [Ljava.lang.String;@47f6b002</td>
<td></td>
<td>33</td>
<td>com.code.test.ibnmsConfig.PmAlarmListTest@15412e75</td></tr>
<tr>
<td title='com.code.test.ibnmsConfig.PmAlarmListTest.operatePA()'><b>operatePA</b><br>Test class: com.code.test.ibnmsConfig.PmAlarmListTest<br>Parameters: [Ljava.lang.String;@149d7837</td>
<td></td>
<td>15</td>
<td>com.code.test.ibnmsConfig.PmAlarmListTest@15412e75</td></tr>
<tr>
<td title='com.code.test.ibnmsConfig.PmAlarmListTest.operatePA()'><b>operatePA</b><br>Test class: com.code.test.ibnmsConfig.PmAlarmListTest<br>Parameters: [Ljava.lang.String;@6e3f6d73</td>
<td></td>
<td>29</td>
<td>com.code.test.ibnmsConfig.PmAlarmListTest@15412e75</td></tr>
<tr>
<td title='com.code.test.ibnmsConfig.PmAlarmListTest.operatePA()'><b>operatePA</b><br>Test class: com.code.test.ibnmsConfig.PmAlarmListTest<br>Parameters: [Ljava.lang.String;@62ad191</td>
<td></td>
<td>33</td>
<td>com.code.test.ibnmsConfig.PmAlarmListTest@15412e75</td></tr>
<tr>
<td title='com.code.test.ibnmsConfig.PFListTest.operatePF()'><b>operatePF</b><br>Test class: com.code.test.ibnmsConfig.PFListTest<br>Parameters: [Ljava.lang.String;@652489c0</td>
<td></td>
<td>43</td>
<td>com.code.test.ibnmsConfig.PFListTest@58e22f2b</td></tr>
<tr>
<td title='com.code.test.ibnmsConfig.PFListTest.operatePF()'><b>operatePF</b><br>Test class: com.code.test.ibnmsConfig.PFListTest<br>Parameters: [Ljava.lang.String;@41cfd020</td>
<td></td>
<td>27</td>
<td>com.code.test.ibnmsConfig.PFListTest@58e22f2b</td></tr>
<tr>
<td title='com.code.test.ibnmsConfig.PFListTest.operatePF()'><b>operatePF</b><br>Test class: com.code.test.ibnmsConfig.PFListTest<br>Parameters: [Ljava.lang.String;@326906a1</td>
<td></td>
<td>13</td>
<td>com.code.test.ibnmsConfig.PFListTest@58e22f2b</td></tr>
<tr>
<td title='com.code.test.ibnmsConfig.PFListTest.operatePF()'><b>operatePF</b><br>Test class: com.code.test.ibnmsConfig.PFListTest<br>Parameters: [Ljava.lang.String;@d324de2</td>
<td></td>
<td>41</td>
<td>com.code.test.ibnmsConfig.PFListTest@58e22f2b</td></tr>
<tr>
<td title='com.code.test.ibnmsConfig.ResFrameTest.operateRes()'><b>operateRes</b><br>Test class: com.code.test.ibnmsConfig.ResFrameTest<br>Parameters: [Ljava.lang.String;@61973732</td>
<td></td>
<td>12</td>
<td>com.code.test.ibnmsConfig.ResFrameTest@4cb533b8</td></tr>
<tr>
<td title='com.code.test.ibnmsConfig.ResFrameTest.operateRes()'><b>operateRes</b><br>Test class: com.code.test.ibnmsConfig.ResFrameTest<br>Parameters: [Ljava.lang.String;@ea8e5ac</td>
<td></td>
<td>16</td>
<td>com.code.test.ibnmsConfig.ResFrameTest@4cb533b8</td></tr>
<tr>
<td title='com.code.test.ibnmsConfig.ResFrameTest.operateRes()'><b>operateRes</b><br>Test class: com.code.test.ibnmsConfig.ResFrameTest<br>Parameters: [Ljava.lang.String;@727e86b8</td>
<td></td>
<td>12</td>
<td>com.code.test.ibnmsConfig.ResFrameTest@4cb533b8</td></tr>
<tr>
<td title='com.code.test.ibnmsConfig.ResFrameTest.operateRes()'><b>operateRes</b><br>Test class: com.code.test.ibnmsConfig.ResFrameTest<br>Parameters: [Ljava.lang.String;@50bed4c1</td>
<td></td>
<td>8</td>
<td>com.code.test.ibnmsConfig.ResFrameTest@4cb533b8</td></tr>
<tr>
<td title='com.code.test.ibnmsConfig.ResFrameTest.operateRes()'><b>operateRes</b><br>Test class: com.code.test.ibnmsConfig.ResFrameTest<br>Parameters: [Ljava.lang.String;@2081f451</td>
<td></td>
<td>28</td>
<td>com.code.test.ibnmsConfig.ResFrameTest@4cb533b8</td></tr>
<tr>
<td title='com.code.test.ibnmsConfig.ResFrameTest.operateRes()'><b>operateRes</b><br>Test class: com.code.test.ibnmsConfig.ResFrameTest<br>Parameters: [Ljava.lang.String;@33cf0283</td>
<td></td>
<td>11</td>
<td>com.code.test.ibnmsConfig.ResFrameTest@4cb533b8</td></tr>
<tr>
<td title='com.code.test.ibnmsConfig.ResFrameTest.operateRes()'><b>operateRes</b><br>Test class: com.code.test.ibnmsConfig.ResFrameTest<br>Parameters: [Ljava.lang.String;@5bae0107</td>
<td></td>
<td>14</td>
<td>com.code.test.ibnmsConfig.ResFrameTest@4cb533b8</td></tr>
<tr>
<td title='com.code.test.ibnmsConfig.WKlistTest.operateWK()'><b>operateWK</b><br>Test class: com.code.test.ibnmsConfig.WKlistTest<br>Parameters: [Ljava.lang.String;@7cc5a196</td>
<td></td>
<td>39</td>
<td>com.code.test.ibnmsConfig.WKlistTest@36afae4a</td></tr>
<tr>
<td title='com.code.test.ibnmsConfig.WKlistTest.operateWK()'><b>operateWK</b><br>Test class: com.code.test.ibnmsConfig.WKlistTest<br>Parameters: [Ljava.lang.String;@12f3bed9</td>
<td></td>
<td>21</td>
<td>com.code.test.ibnmsConfig.WKlistTest@36afae4a</td></tr>
<tr>
<td title='com.code.test.ibnmsConfig.WKlistTest.operateWK()'><b>operateWK</b><br>Test class: com.code.test.ibnmsConfig.WKlistTest<br>Parameters: [Ljava.lang.String;@4076a247</td>
<td></td>
<td>16</td>
<td>com.code.test.ibnmsConfig.WKlistTest@36afae4a</td></tr>
<tr>
<td title='com.code.test.ibnmsConfig.WKlistTest.operateWK()'><b>operateWK</b><br>Test class: com.code.test.ibnmsConfig.WKlistTest<br>Parameters: [Ljava.lang.String;@2c980461</td>
<td></td>
<td>38</td>
<td>com.code.test.ibnmsConfig.WKlistTest@36afae4a</td></tr>
<tr>
<td title='com.code.test.ibnmsConfig.EnvListTest.search()'><b>search</b><br>Test class: com.code.test.ibnmsConfig.EnvListTest<br>Parameters: [Ljava.lang.String;@30479326</td>
<td></td>
<td>2</td>
<td>com.code.test.ibnmsConfig.EnvListTest@47db9852</td></tr>
<tr>
<td title='com.code.test.ibnmsConfig.EnvListTest.search()'><b>search</b><br>Test class: com.code.test.ibnmsConfig.EnvListTest<br>Parameters: [Ljava.lang.String;@2b0dbc8d</td>
<td></td>
<td>2</td>
<td>com.code.test.ibnmsConfig.EnvListTest@47db9852</td></tr>
<tr>
<td title='com.code.test.ibnmsConfig.EnvListTest.search()'><b>search</b><br>Test class: com.code.test.ibnmsConfig.EnvListTest<br>Parameters: [Ljava.lang.String;@12d5e310</td>
<td></td>
<td>4</td>
<td>com.code.test.ibnmsConfig.EnvListTest@47db9852</td></tr>
<tr>
<td title='com.code.test.ibnmsConfig.EnvListTest.search()'><b>search</b><br>Test class: com.code.test.ibnmsConfig.EnvListTest<br>Parameters: [Ljava.lang.String;@182e3919</td>
<td></td>
<td>23</td>
<td>com.code.test.ibnmsConfig.EnvListTest@47db9852</td></tr>
<tr>
<td title='com.code.test.ibnmsConfig.AgListTest.searchAG()'><b>searchAG</b><br>Test class: com.code.test.ibnmsConfig.AgListTest<br>Parameters: [Ljava.lang.String;@2a6a4b6</td>
<td></td>
<td>4</td>
<td>com.code.test.ibnmsConfig.AgListTest@3a4c5b4</td></tr>
<tr>
<td title='com.code.test.ibnmsConfig.AgListTest.searchAG()'><b>searchAG</b><br>Test class: com.code.test.ibnmsConfig.AgListTest<br>Parameters: [Ljava.lang.String;@a87aa16</td>
<td></td>
<td>24</td>
<td>com.code.test.ibnmsConfig.AgListTest@3a4c5b4</td></tr>
<tr>
<td title='com.code.test.ibnmsConfig.AgListTest.searchAG()'><b>searchAG</b><br>Test class: com.code.test.ibnmsConfig.AgListTest<br>Parameters: [Ljava.lang.String;@50af8fc0</td>
<td></td>
<td>3</td>
<td>com.code.test.ibnmsConfig.AgListTest@3a4c5b4</td></tr>
<tr>
<td title='com.code.test.ibnmsConfig.AgListTest.searchAG()'><b>searchAG</b><br>Test class: com.code.test.ibnmsConfig.AgListTest<br>Parameters: [Ljava.lang.String;@3606afa2</td>
<td></td>
<td>6</td>
<td>com.code.test.ibnmsConfig.AgListTest@3a4c5b4</td></tr>
<tr>
<td title='com.code.test.ibnmsConfig.KbpFrameTest.searchKBP()'><b>searchKBP</b><br>Test class: com.code.test.ibnmsConfig.KbpFrameTest<br>Parameters: [Ljava.lang.String;@70f4d063</td>
<td></td>
<td>1</td>
<td>com.code.test.ibnmsConfig.KbpFrameTest@2326a29c</td></tr>
<tr>
<td title='com.code.test.ibnmsConfig.KbpFrameTest.searchKBP()'><b>searchKBP</b><br>Test class: com.code.test.ibnmsConfig.KbpFrameTest<br>Parameters: [Ljava.lang.String;@589d4d84</td>
<td></td>
<td>1</td>
<td>com.code.test.ibnmsConfig.KbpFrameTest@2326a29c</td></tr>
<tr>
<td title='com.code.test.ibnmsConfig.KbpFrameTest.searchKBP()'><b>searchKBP</b><br>Test class: com.code.test.ibnmsConfig.KbpFrameTest<br>Parameters: [Ljava.lang.String;@3f4c428f</td>
<td></td>
<td>1</td>
<td>com.code.test.ibnmsConfig.KbpFrameTest@2326a29c</td></tr>
<tr>
<td title='com.code.test.ibnmsConfig.KbpFrameTest.searchKBP()'><b>searchKBP</b><br>Test class: com.code.test.ibnmsConfig.KbpFrameTest<br>Parameters: [Ljava.lang.String;@27a5dac0</td>
<td></td>
<td>1</td>
<td>com.code.test.ibnmsConfig.KbpFrameTest@2326a29c</td></tr>
<tr>
<td title='com.code.test.ibnmsConfig.KbpFrameTest.searchKBP()'><b>searchKBP</b><br>Test class: com.code.test.ibnmsConfig.KbpFrameTest<br>Parameters: [Ljava.lang.String;@79bc8795</td>
<td></td>
<td>2</td>
<td>com.code.test.ibnmsConfig.KbpFrameTest@2326a29c</td></tr>
<tr>
<td title='com.code.test.ibnmsConfig.KbpFrameTest.searchKBPByTree()'><b>searchKBPByTree</b><br>Test class: com.code.test.ibnmsConfig.KbpFrameTest<br>Parameters: [Ljava.lang.String;@486985a3</td>
<td></td>
<td>7</td>
<td>com.code.test.ibnmsConfig.KbpFrameTest@2326a29c</td></tr>
<tr>
<td title='com.code.test.ibnmsConfig.KbpFrameTest.searchKBPByTree()'><b>searchKBPByTree</b><br>Test class: com.code.test.ibnmsConfig.KbpFrameTest<br>Parameters: [Ljava.lang.String;@7c4b579</td>
<td></td>
<td>7</td>
<td>com.code.test.ibnmsConfig.KbpFrameTest@2326a29c</td></tr>
<tr>
<td title='com.code.test.ibnmsConfig.KpiFrameTest.searchKPI()'><b>searchKPI</b><br>Test class: com.code.test.ibnmsConfig.KpiFrameTest<br>Parameters: [Ljava.lang.String;@3661eeb</td>
<td></td>
<td>1</td>
<td>com.code.test.ibnmsConfig.KpiFrameTest@44023756</td></tr>
<tr>
<td title='com.code.test.ibnmsConfig.KpiFrameTest.searchKPI()'><b>searchKPI</b><br>Test class: com.code.test.ibnmsConfig.KpiFrameTest<br>Parameters: [Ljava.lang.String;@2577d80b</td>
<td></td>
<td>1</td>
<td>com.code.test.ibnmsConfig.KpiFrameTest@44023756</td></tr>
<tr>
<td title='com.code.test.ibnmsConfig.KpiFrameTest.searchKPI()'><b>searchKPI</b><br>Test class: com.code.test.ibnmsConfig.KpiFrameTest<br>Parameters: [Ljava.lang.String;@5f08cd64</td>
<td></td>
<td>1</td>
<td>com.code.test.ibnmsConfig.KpiFrameTest@44023756</td></tr>
<tr>
<td title='com.code.test.ibnmsConfig.KpiFrameTest.searchKPI()'><b>searchKPI</b><br>Test class: com.code.test.ibnmsConfig.KpiFrameTest<br>Parameters: [Ljava.lang.String;@3ae490fa</td>
<td></td>
<td>2</td>
<td>com.code.test.ibnmsConfig.KpiFrameTest@44023756</td></tr>
<tr>
<td title='com.code.test.ibnmsConfig.KpiFrameTest.searchKPIByTree()'><b>searchKPIByTree</b><br>Test class: com.code.test.ibnmsConfig.KpiFrameTest<br>Parameters: [Ljava.lang.String;@73ea2b4a</td>
<td></td>
<td>28</td>
<td>com.code.test.ibnmsConfig.KpiFrameTest@44023756</td></tr>
<tr>
<td title='com.code.test.ibnmsConfig.KpiFrameTest.searchKPIByTree()'><b>searchKPIByTree</b><br>Test class: com.code.test.ibnmsConfig.KpiFrameTest<br>Parameters: [Ljava.lang.String;@12c042ba</td>
<td></td>
<td>8</td>
<td>com.code.test.ibnmsConfig.KpiFrameTest@44023756</td></tr>
<tr>
<td title='com.code.test.ibnmsConfig.ResFrameTest.searchRes()'><b>searchRes</b><br>Test class: com.code.test.ibnmsConfig.ResFrameTest<br>Parameters: [Ljava.lang.String;@c5ccaf4</td>
<td></td>
<td>2</td>
<td>com.code.test.ibnmsConfig.ResFrameTest@4cb533b8</td></tr>
<tr>
<td title='com.code.test.ibnmsConfig.ResFrameTest.searchRes()'><b>searchRes</b><br>Test class: com.code.test.ibnmsConfig.ResFrameTest<br>Parameters: [Ljava.lang.String;@20105f83</td>
<td></td>
<td>1</td>
<td>com.code.test.ibnmsConfig.ResFrameTest@4cb533b8</td></tr>
<tr>
<td title='com.code.test.ibnmsConfig.ResFrameTest.searchRes()'><b>searchRes</b><br>Test class: com.code.test.ibnmsConfig.ResFrameTest<br>Parameters: [Ljava.lang.String;@12eea1e7</td>
<td></td>
<td>1</td>
<td>com.code.test.ibnmsConfig.ResFrameTest@4cb533b8</td></tr>
<tr>
<td title='com.code.test.ibnmsConfig.ResFrameTest.searchRes()'><b>searchRes</b><br>Test class: com.code.test.ibnmsConfig.ResFrameTest<br>Parameters: [Ljava.lang.String;@70c74e66</td>
<td></td>
<td>1</td>
<td>com.code.test.ibnmsConfig.ResFrameTest@4cb533b8</td></tr>
<tr>
<td title='com.code.test.ibnmsConfig.ResFrameTest.searchRes()'><b>searchRes</b><br>Test class: com.code.test.ibnmsConfig.ResFrameTest<br>Parameters: [Ljava.lang.String;@2cec4462</td>
<td></td>
<td>2</td>
<td>com.code.test.ibnmsConfig.ResFrameTest@4cb533b8</td></tr>
<tr>
<td title='com.code.test.ibnmsConfig.ResFrameTest.searchRes()'><b>searchRes</b><br>Test class: com.code.test.ibnmsConfig.ResFrameTest<br>Parameters: [Ljava.lang.String;@4b7d94f8</td>
<td></td>
<td>24</td>
<td>com.code.test.ibnmsConfig.ResFrameTest@4cb533b8</td></tr>
<tr>
<td title='com.code.test.ibnmsConfig.ResFrameTest.searchResByTree()'><b>searchResByTree</b><br>Test class: com.code.test.ibnmsConfig.ResFrameTest<br>Parameters: [Ljava.lang.String;@21bf4c80</td>
<td></td>
<td>7</td>
<td>com.code.test.ibnmsConfig.ResFrameTest@4cb533b8</td></tr>
<tr>
<td title='com.code.test.ibnmsConfig.ResFrameTest.searchResByTree()'><b>searchResByTree</b><br>Test class: com.code.test.ibnmsConfig.ResFrameTest<br>Parameters: [Ljava.lang.String;@163778cf</td>
<td></td>
<td>7</td>
<td>com.code.test.ibnmsConfig.ResFrameTest@4cb533b8</td></tr>
</table><p>
</body>
</html>