<?xml version="1.0" encoding="UTF-8"?>
<!-- Generated by org.testng.reporters.JUnitXMLReporter -->
<testsuite hostname="Jin-PC" name="frame" tests="120" failures="38" timestamp="17 Aug 2014 14:54:20 GMT" time="2550.08" errors="0">
  <testcase name="login" time="6.009" classname="com.code.test.ibnmsConfig.LoginPageTest"/>
  <testcase name="searchKBP" time="1.822" classname="com.code.test.ibnmsConfig.KbpFrameTest"/>
  <testcase name="searchKBP" time="1.735" classname="com.code.test.ibnmsConfig.KbpFrameTest"/>
  <testcase name="searchKBP" time="1.621" classname="com.code.test.ibnmsConfig.KbpFrameTest"/>
  <testcase name="searchKBP" time="1.655" classname="com.code.test.ibnmsConfig.KbpFrameTest"/>
  <testcase name="searchKBP" time="2.679" classname="com.code.test.ibnmsConfig.KbpFrameTest"/>
  <testcase name="searchKBPByTree" time="7.253" classname="com.code.test.ibnmsConfig.KbpFrameTest"/>
  <testcase name="searchKBPByTree" time="7.633" classname="com.code.test.ibnmsConfig.KbpFrameTest"/>
  <testcase name="operateKBP" time="14.89" classname="com.code.test.ibnmsConfig.KbpFrameTest"/>
  <testcase name="operateKBP" time="13.376" classname="com.code.test.ibnmsConfig.KbpFrameTest"/>
  <testcase name="operateKBP" time="6.447" classname="com.code.test.ibnmsConfig.KbpFrameTest"/>
  <testcase name="operateKBP" time="27.798" classname="com.code.test.ibnmsConfig.KbpFrameTest"/>
  <testcase name="searchKPI" time="1.908" classname="com.code.test.ibnmsConfig.KpiFrameTest"/>
  <testcase name="searchKPI" time="1.632" classname="com.code.test.ibnmsConfig.KpiFrameTest"/>
  <testcase name="searchKPI" time="1.952" classname="com.code.test.ibnmsConfig.KpiFrameTest"/>
  <testcase name="searchKPI" time="2.54" classname="com.code.test.ibnmsConfig.KpiFrameTest"/>
  <testcase name="searchKPIByTree" time="28.506" classname="com.code.test.ibnmsConfig.KpiFrameTest"/>
  <testcase name="searchKPIByTree" time="8.663" classname="com.code.test.ibnmsConfig.KpiFrameTest"/>
  <testcase name="operateKPI" time="20.733" classname="com.code.test.ibnmsConfig.KpiFrameTest"/>
  <testcase name="operateKPI" time="19.913" classname="com.code.test.ibnmsConfig.KpiFrameTest"/>
  <testcase name="operateKPI" time="7.857" classname="com.code.test.ibnmsConfig.KpiFrameTest"/>
  <testcase name="operateKPI" time="27.21" classname="com.code.test.ibnmsConfig.KpiFrameTest"/>
  <testcase name="searchRes" time="2.333" classname="com.code.test.ibnmsConfig.ResFrameTest"/>
  <testcase name="searchRes" time="1.948" classname="com.code.test.ibnmsConfig.ResFrameTest"/>
  <testcase name="searchRes" time="1.617" classname="com.code.test.ibnmsConfig.ResFrameTest"/>
  <testcase name="searchRes" time="1.713" classname="com.code.test.ibnmsConfig.ResFrameTest"/>
  <testcase name="searchRes" time="2.306" classname="com.code.test.ibnmsConfig.ResFrameTest"/>
  <testcase name="searchRes" time="24.655" classname="com.code.test.ibnmsConfig.ResFrameTest"/>
  <testcase name="searchResByTree" time="7.145" classname="com.code.test.ibnmsConfig.ResFrameTest"/>
  <testcase name="searchResByTree" time="7.494" classname="com.code.test.ibnmsConfig.ResFrameTest"/>
  <testcase name="operateRes" time="12.24" classname="com.code.test.ibnmsConfig.ResFrameTest"/>
  <testcase name="operateRes" time="16.376" classname="com.code.test.ibnmsConfig.ResFrameTest"/>
  <testcase name="operateRes" time="12.21" classname="com.code.test.ibnmsConfig.ResFrameTest"/>
  <testcase name="operateRes" time="8.521" classname="com.code.test.ibnmsConfig.ResFrameTest"/>
  <testcase name="operateRes" time="28.261" classname="com.code.test.ibnmsConfig.ResFrameTest"/>
  <testcase name="operateRes" time="11.281" classname="com.code.test.ibnmsConfig.ResFrameTest"/>
  <testcase name="operateRes" time="14.832" classname="com.code.test.ibnmsConfig.ResFrameTest"/>
  <testcase name="search" time="2.696" classname="com.code.test.ibnmsConfig.EnvListTest"/>
  <testcase name="search" time="2.805" classname="com.code.test.ibnmsConfig.EnvListTest"/>
  <testcase name="search" time="4.071" classname="com.code.test.ibnmsConfig.EnvListTest"/>
  <testcase name="search" time="23.804" classname="com.code.test.ibnmsConfig.EnvListTest"/>
  <testcase name="operateEnv" time="33.176" classname="com.code.test.ibnmsConfig.EnvListTest"/>
  <testcase name="operateEnv" time="23.204" classname="com.code.test.ibnmsConfig.EnvListTest"/>
  <testcase name="operateEnv" time="30.728" classname="com.code.test.ibnmsConfig.EnvListTest"/>
  <testcase name="operateEnv" time="32.31" classname="com.code.test.ibnmsConfig.EnvListTest"/>
  <testcase name="operateMQ" time="37.665" classname="com.code.test.ibnmsConfig.MQListTest"/>
  <testcase name="operateMQ" time="28.931" classname="com.code.test.ibnmsConfig.MQListTest"/>
  <testcase name="operateMQ" time="11.408" classname="com.code.test.ibnmsConfig.MQListTest"/>
  <testcase name="operateMQ" time="36.466" classname="com.code.test.ibnmsConfig.MQListTest"/>
  <testcase name="deployMQ" time="36.931" classname="com.code.test.ibnmsConfig.MQListTest">
    <failure type="java.lang.AssertionError" message="{用例描述=部署MQ, 列表匹配数据=seleniumIBMMQ1, 操作类型=部署, 列表选择器=MQ名称, 期望值=已部署, 结束标记=结束, 用例编号=CASE1, 是否运行=是, 备注=, 状态字段=部署状态} expected [已部署] but found [未部署]">
      <![CDATA[java.lang.AssertionError: {用例描述=部署MQ, 列表匹配数据=seleniumIBMMQ1, 操作类型=部署, 列表选择器=MQ名称, 期望值=已部署, 结束标记=结束, 用例编号=CASE1, 是否运行=是, 备注=, 状态字段=部署状态} expected [已部署] but found [未部署]
	at com.code.common.Tools.assertEquals(Unknown Source)
	at com.code.test.ibnmsConfig.MQListTest.deployMQ(Unknown Source)
... Removed 26 stack frames]]>
    </failure>
  </testcase> <!-- deployMQ -->
  <testcase name="deployMQ" time="34.772" classname="com.code.test.ibnmsConfig.MQListTest">
    <failure type="java.lang.AssertionError" message="{用例描述=启动MQ, 列表匹配数据=seleniumIBMMQ1, 操作类型=启动, 列表选择器=MQ名称, 期望值=运行中, 结束标记=结束, 用例编号=CASE2, 是否运行=是, 备注=, 状态字段=运行状态} expected [运行中] but found [已停止]">
      <![CDATA[java.lang.AssertionError: {用例描述=启动MQ, 列表匹配数据=seleniumIBMMQ1, 操作类型=启动, 列表选择器=MQ名称, 期望值=运行中, 结束标记=结束, 用例编号=CASE2, 是否运行=是, 备注=, 状态字段=运行状态} expected [运行中] but found [已停止]
	at com.code.common.Tools.assertEquals(Unknown Source)
	at com.code.test.ibnmsConfig.MQListTest.deployMQ(Unknown Source)
... Removed 26 stack frames]]>
    </failure>
  </testcase> <!-- deployMQ -->
  <testcase name="deployMQ" time="39.781" classname="com.code.test.ibnmsConfig.MQListTest"/>
  <testcase name="deployMQ" time="39.947" classname="com.code.test.ibnmsConfig.MQListTest"/>
  <testcase name="deployMQ" time="26.005" classname="com.code.test.ibnmsConfig.MQListTest">
    <failure type="java.lang.AssertionError" message="{用例描述=部署可用MQ, 列表匹配数据=seleniumMQ, 操作类型=部署, 列表选择器=MQ名称, 期望值=已部署, 结束标记=结束, 用例编号=CASE5, 是否运行=是, 备注=, 状态字段=部署状态} expected [已部署] but found [未部署]">
      <![CDATA[java.lang.AssertionError: {用例描述=部署可用MQ, 列表匹配数据=seleniumMQ, 操作类型=部署, 列表选择器=MQ名称, 期望值=已部署, 结束标记=结束, 用例编号=CASE5, 是否运行=是, 备注=, 状态字段=部署状态} expected [已部署] but found [未部署]
	at com.code.common.Tools.assertEquals(Unknown Source)
	at com.code.test.ibnmsConfig.MQListTest.deployMQ(Unknown Source)
... Removed 26 stack frames]]>
    </failure>
  </testcase> <!-- deployMQ -->
  <testcase name="deployMQ" time="17.341" classname="com.code.test.ibnmsConfig.MQListTest">
    <failure type="java.lang.AssertionError" message="{用例描述=启动可用MQ, 列表匹配数据=seleniumMQ, 操作类型=启动, 列表选择器=MQ名称, 期望值=运行中, 结束标记=结束, 用例编号=CASE6, 是否运行=是, 备注=, 状态字段=运行状态} expected [运行中] but found [已停止]">
      <![CDATA[java.lang.AssertionError: {用例描述=启动可用MQ, 列表匹配数据=seleniumMQ, 操作类型=启动, 列表选择器=MQ名称, 期望值=运行中, 结束标记=结束, 用例编号=CASE6, 是否运行=是, 备注=, 状态字段=运行状态} expected [运行中] but found [已停止]
	at com.code.common.Tools.assertEquals(Unknown Source)
	at com.code.test.ibnmsConfig.MQListTest.deployMQ(Unknown Source)
... Removed 26 stack frames]]>
    </failure>
  </testcase> <!-- deployMQ -->
  <testcase name="deployMQ" time="20.286" classname="com.code.test.ibnmsConfig.MQListTest"/>
  <testcase name="deployMQ" time="20.246" classname="com.code.test.ibnmsConfig.MQListTest"/>
  <testcase name="deployMQ" time="26.133" classname="com.code.test.ibnmsConfig.MQListTest">
    <failure type="java.lang.AssertionError" message="{用例描述=部署可用MQ, 列表匹配数据=seleniumMQ, 操作类型=部署, 列表选择器=MQ名称, 期望值=已部署, 结束标记=结束, 用例编号=CASE5, 是否运行=是, 备注=, 状态字段=部署状态} expected [已部署] but found [未部署]">
      <![CDATA[java.lang.AssertionError: {用例描述=部署可用MQ, 列表匹配数据=seleniumMQ, 操作类型=部署, 列表选择器=MQ名称, 期望值=已部署, 结束标记=结束, 用例编号=CASE5, 是否运行=是, 备注=, 状态字段=部署状态} expected [已部署] but found [未部署]
	at com.code.common.Tools.assertEquals(Unknown Source)
	at com.code.test.ibnmsConfig.MQListTest.deployMQ(Unknown Source)
... Removed 26 stack frames]]>
    </failure>
  </testcase> <!-- deployMQ -->
  <testcase name="deployMQ" time="17.228" classname="com.code.test.ibnmsConfig.MQListTest">
    <failure type="java.lang.AssertionError" message="{用例描述=启动可用MQ, 列表匹配数据=seleniumMQ, 操作类型=启动, 列表选择器=MQ名称, 期望值=运行中, 结束标记=结束, 用例编号=CASE6, 是否运行=是, 备注=, 状态字段=运行状态} expected [运行中] but found [已停止]">
      <![CDATA[java.lang.AssertionError: {用例描述=启动可用MQ, 列表匹配数据=seleniumMQ, 操作类型=启动, 列表选择器=MQ名称, 期望值=运行中, 结束标记=结束, 用例编号=CASE6, 是否运行=是, 备注=, 状态字段=运行状态} expected [运行中] but found [已停止]
	at com.code.common.Tools.assertEquals(Unknown Source)
	at com.code.test.ibnmsConfig.MQListTest.deployMQ(Unknown Source)
... Removed 26 stack frames]]>
    </failure>
  </testcase> <!-- deployMQ -->
  <testcase name="operateWK" time="39.651" classname="com.code.test.ibnmsConfig.WKlistTest"/>
  <testcase name="operateWK" time="21.459" classname="com.code.test.ibnmsConfig.WKlistTest"/>
  <testcase name="operateWK" time="16.125" classname="com.code.test.ibnmsConfig.WKlistTest"/>
  <testcase name="operateWK" time="38.521" classname="com.code.test.ibnmsConfig.WKlistTest"/>
  <testcase name="deployWK" time="28.196" classname="com.code.test.ibnmsConfig.WKlistTest">
    <failure type="java.lang.AssertionError" message="{用例描述=部署MQ, 列表匹配数据=seleniumIBMWK1, 操作类型=部署, 列表选择器=名称, 期望值=已部署, 结束标记=结束, 用例编号=CASE1, 是否运行=是, 备注=, 状态字段=部署状态} expected [已部署] but found [未部署]">
      <![CDATA[java.lang.AssertionError: {用例描述=部署MQ, 列表匹配数据=seleniumIBMWK1, 操作类型=部署, 列表选择器=名称, 期望值=已部署, 结束标记=结束, 用例编号=CASE1, 是否运行=是, 备注=, 状态字段=部署状态} expected [已部署] but found [未部署]
	at com.code.common.Tools.assertEquals(Unknown Source)
	at com.code.test.ibnmsConfig.WKlistTest.deployWK(Unknown Source)
... Removed 26 stack frames]]>
    </failure>
  </testcase> <!-- deployWK -->
  <testcase name="deployWK" time="22.44" classname="com.code.test.ibnmsConfig.WKlistTest">
    <failure type="java.lang.AssertionError" message="{用例描述=启动MQ, 列表匹配数据=seleniumIBMWK1, 操作类型=启动, 列表选择器=名称, 期望值=运行中, 结束标记=结束, 用例编号=CASE2, 是否运行=是, 备注=, 状态字段=运行状态} expected [运行中] but found [已停止]">
      <![CDATA[java.lang.AssertionError: {用例描述=启动MQ, 列表匹配数据=seleniumIBMWK1, 操作类型=启动, 列表选择器=名称, 期望值=运行中, 结束标记=结束, 用例编号=CASE2, 是否运行=是, 备注=, 状态字段=运行状态} expected [运行中] but found [已停止]
	at com.code.common.Tools.assertEquals(Unknown Source)
	at com.code.test.ibnmsConfig.WKlistTest.deployWK(Unknown Source)
... Removed 26 stack frames]]>
    </failure>
  </testcase> <!-- deployWK -->
  <testcase name="deployWK" time="37.135" classname="com.code.test.ibnmsConfig.WKlistTest"/>
  <testcase name="deployWK" time="19.546" classname="com.code.test.ibnmsConfig.WKlistTest"/>
  <testcase name="deployWK" time="25.655" classname="com.code.test.ibnmsConfig.WKlistTest">
    <failure type="java.lang.AssertionError" message="{用例描述=部署可用MQ, 列表匹配数据=seleniumWK, 操作类型=部署, 列表选择器=名称, 期望值=已部署, 结束标记=结束, 用例编号=CASE5, 是否运行=是, 备注=, 状态字段=部署状态} expected [已部署] but found [未部署]">
      <![CDATA[java.lang.AssertionError: {用例描述=部署可用MQ, 列表匹配数据=seleniumWK, 操作类型=部署, 列表选择器=名称, 期望值=已部署, 结束标记=结束, 用例编号=CASE5, 是否运行=是, 备注=, 状态字段=部署状态} expected [已部署] but found [未部署]
	at com.code.common.Tools.assertEquals(Unknown Source)
	at com.code.test.ibnmsConfig.WKlistTest.deployWK(Unknown Source)
... Removed 26 stack frames]]>
    </failure>
  </testcase> <!-- deployWK -->
  <testcase name="deployWK" time="16.885" classname="com.code.test.ibnmsConfig.WKlistTest">
    <failure type="java.lang.AssertionError" message="{用例描述=启动可用MQ, 列表匹配数据=seleniumWK, 操作类型=启动, 列表选择器=名称, 期望值=运行中, 结束标记=结束, 用例编号=CASE6, 是否运行=是, 备注=, 状态字段=运行状态} expected [运行中] but found [已停止]">
      <![CDATA[java.lang.AssertionError: {用例描述=启动可用MQ, 列表匹配数据=seleniumWK, 操作类型=启动, 列表选择器=名称, 期望值=运行中, 结束标记=结束, 用例编号=CASE6, 是否运行=是, 备注=, 状态字段=运行状态} expected [运行中] but found [已停止]
	at com.code.common.Tools.assertEquals(Unknown Source)
	at com.code.test.ibnmsConfig.WKlistTest.deployWK(Unknown Source)
... Removed 26 stack frames]]>
    </failure>
  </testcase> <!-- deployWK -->
  <testcase name="deployWK" time="19.572" classname="com.code.test.ibnmsConfig.WKlistTest"/>
  <testcase name="deployWK" time="19.466" classname="com.code.test.ibnmsConfig.WKlistTest"/>
  <testcase name="deployWK" time="25.83" classname="com.code.test.ibnmsConfig.WKlistTest">
    <failure type="java.lang.AssertionError" message="{用例描述=部署可用MQ, 列表匹配数据=seleniumWK, 操作类型=部署, 列表选择器=名称, 期望值=已部署, 结束标记=结束, 用例编号=CASE5, 是否运行=是, 备注=, 状态字段=部署状态} expected [已部署] but found [未部署]">
      <![CDATA[java.lang.AssertionError: {用例描述=部署可用MQ, 列表匹配数据=seleniumWK, 操作类型=部署, 列表选择器=名称, 期望值=已部署, 结束标记=结束, 用例编号=CASE5, 是否运行=是, 备注=, 状态字段=部署状态} expected [已部署] but found [未部署]
	at com.code.common.Tools.assertEquals(Unknown Source)
	at com.code.test.ibnmsConfig.WKlistTest.deployWK(Unknown Source)
... Removed 26 stack frames]]>
    </failure>
  </testcase> <!-- deployWK -->
  <testcase name="deployWK" time="16.963" classname="com.code.test.ibnmsConfig.WKlistTest">
    <failure type="java.lang.AssertionError" message="{用例描述=启动可用MQ, 列表匹配数据=seleniumWK, 操作类型=启动, 列表选择器=名称, 期望值=运行中, 结束标记=结束, 用例编号=CASE6, 是否运行=是, 备注=, 状态字段=运行状态} expected [运行中] but found [已停止]">
      <![CDATA[java.lang.AssertionError: {用例描述=启动可用MQ, 列表匹配数据=seleniumWK, 操作类型=启动, 列表选择器=名称, 期望值=运行中, 结束标记=结束, 用例编号=CASE6, 是否运行=是, 备注=, 状态字段=运行状态} expected [运行中] but found [已停止]
	at com.code.common.Tools.assertEquals(Unknown Source)
	at com.code.test.ibnmsConfig.WKlistTest.deployWK(Unknown Source)
... Removed 26 stack frames]]>
    </failure>
  </testcase> <!-- deployWK -->
  <testcase name="operatePF" time="43.796" classname="com.code.test.ibnmsConfig.PFListTest"/>
  <testcase name="operatePF" time="27.865" classname="com.code.test.ibnmsConfig.PFListTest"/>
  <testcase name="operatePF" time="13.806" classname="com.code.test.ibnmsConfig.PFListTest"/>
  <testcase name="operatePF" time="41.806" classname="com.code.test.ibnmsConfig.PFListTest"/>
  <testcase name="deployPF" time="26.153" classname="com.code.test.ibnmsConfig.PFListTest">
    <failure type="java.lang.AssertionError" message="{用例描述=部署performance, 列表匹配数据=seleniumIBMPF1, 操作类型=部署, 列表选择器=Performance名称, 期望值=已部署, 结束标记=结束, 用例编号=CASE1, 是否运行=是, 备注=, 状态字段=部署状态} expected [已部署] but found [未部署]">
      <![CDATA[java.lang.AssertionError: {用例描述=部署performance, 列表匹配数据=seleniumIBMPF1, 操作类型=部署, 列表选择器=Performance名称, 期望值=已部署, 结束标记=结束, 用例编号=CASE1, 是否运行=是, 备注=, 状态字段=部署状态} expected [已部署] but found [未部署]
	at com.code.common.Tools.assertEquals(Unknown Source)
	at com.code.test.ibnmsConfig.PFListTest.deployPF(Unknown Source)
... Removed 26 stack frames]]>
    </failure>
  </testcase> <!-- deployPF -->
  <testcase name="deployPF" time="17.432" classname="com.code.test.ibnmsConfig.PFListTest">
    <failure type="java.lang.AssertionError" message="{用例描述=启动performance, 列表匹配数据=seleniumIBMPF1, 操作类型=启动, 列表选择器=Performance名称, 期望值=运行中, 结束标记=结束, 用例编号=CASE2, 是否运行=是, 备注=, 状态字段=运行状态} expected [运行中] but found [已停止]">
      <![CDATA[java.lang.AssertionError: {用例描述=启动performance, 列表匹配数据=seleniumIBMPF1, 操作类型=启动, 列表选择器=Performance名称, 期望值=运行中, 结束标记=结束, 用例编号=CASE2, 是否运行=是, 备注=, 状态字段=运行状态} expected [运行中] but found [已停止]
	at com.code.common.Tools.assertEquals(Unknown Source)
	at com.code.test.ibnmsConfig.PFListTest.deployPF(Unknown Source)
... Removed 26 stack frames]]>
    </failure>
  </testcase> <!-- deployPF -->
  <testcase name="deployPF" time="37.689" classname="com.code.test.ibnmsConfig.PFListTest"/>
  <testcase name="deployPF" time="27.812" classname="com.code.test.ibnmsConfig.PFListTest"/>
  <testcase name="deployPF" time="26.502" classname="com.code.test.ibnmsConfig.PFListTest">
    <failure type="java.lang.AssertionError" message="{用例描述=部署可用performance, 列表匹配数据=seleniumPF, 操作类型=部署, 列表选择器=Performance名称, 期望值=已部署, 结束标记=结束, 用例编号=CASE5, 是否运行=是, 备注=, 状态字段=部署状态} expected [已部署] but found [未部署]">
      <![CDATA[java.lang.AssertionError: {用例描述=部署可用performance, 列表匹配数据=seleniumPF, 操作类型=部署, 列表选择器=Performance名称, 期望值=已部署, 结束标记=结束, 用例编号=CASE5, 是否运行=是, 备注=, 状态字段=部署状态} expected [已部署] but found [未部署]
	at com.code.common.Tools.assertEquals(Unknown Source)
	at com.code.test.ibnmsConfig.PFListTest.deployPF(Unknown Source)
... Removed 26 stack frames]]>
    </failure>
  </testcase> <!-- deployPF -->
  <testcase name="deployPF" time="17.607" classname="com.code.test.ibnmsConfig.PFListTest">
    <failure type="java.lang.AssertionError" message="{用例描述=启动可用performance, 列表匹配数据=seleniumPF, 操作类型=启动, 列表选择器=Performance名称, 期望值=运行中, 结束标记=结束, 用例编号=CASE6, 是否运行=是, 备注=, 状态字段=运行状态} expected [运行中] but found [已停止]">
      <![CDATA[java.lang.AssertionError: {用例描述=启动可用performance, 列表匹配数据=seleniumPF, 操作类型=启动, 列表选择器=Performance名称, 期望值=运行中, 结束标记=结束, 用例编号=CASE6, 是否运行=是, 备注=, 状态字段=运行状态} expected [运行中] but found [已停止]
	at com.code.common.Tools.assertEquals(Unknown Source)
	at com.code.test.ibnmsConfig.PFListTest.deployPF(Unknown Source)
... Removed 26 stack frames]]>
    </failure>
  </testcase> <!-- deployPF -->
  <testcase name="deployPF" time="19.808" classname="com.code.test.ibnmsConfig.PFListTest"/>
  <testcase name="deployPF" time="19.834" classname="com.code.test.ibnmsConfig.PFListTest"/>
  <testcase name="deployPF" time="26.192" classname="com.code.test.ibnmsConfig.PFListTest">
    <failure type="java.lang.AssertionError" message="{用例描述=部署可用performance, 列表匹配数据=seleniumPF, 操作类型=部署, 列表选择器=Performance名称, 期望值=已部署, 结束标记=结束, 用例编号=CASE5, 是否运行=是, 备注=, 状态字段=部署状态} expected [已部署] but found [未部署]">
      <![CDATA[java.lang.AssertionError: {用例描述=部署可用performance, 列表匹配数据=seleniumPF, 操作类型=部署, 列表选择器=Performance名称, 期望值=已部署, 结束标记=结束, 用例编号=CASE5, 是否运行=是, 备注=, 状态字段=部署状态} expected [已部署] but found [未部署]
	at com.code.common.Tools.assertEquals(Unknown Source)
	at com.code.test.ibnmsConfig.PFListTest.deployPF(Unknown Source)
... Removed 26 stack frames]]>
    </failure>
  </testcase> <!-- deployPF -->
  <testcase name="deployPF" time="17.307" classname="com.code.test.ibnmsConfig.PFListTest">
    <failure type="java.lang.AssertionError" message="{用例描述=启动可用performance, 列表匹配数据=seleniumPF, 操作类型=启动, 列表选择器=Performance名称, 期望值=运行中, 结束标记=结束, 用例编号=CASE6, 是否运行=是, 备注=, 状态字段=运行状态} expected [运行中] but found [已停止]">
      <![CDATA[java.lang.AssertionError: {用例描述=启动可用performance, 列表匹配数据=seleniumPF, 操作类型=启动, 列表选择器=Performance名称, 期望值=运行中, 结束标记=结束, 用例编号=CASE6, 是否运行=是, 备注=, 状态字段=运行状态} expected [运行中] but found [已停止]
	at com.code.common.Tools.assertEquals(Unknown Source)
	at com.code.test.ibnmsConfig.PFListTest.deployPF(Unknown Source)
... Removed 26 stack frames]]>
    </failure>
  </testcase> <!-- deployPF -->
  <testcase name="searchAG" time="4.36" classname="com.code.test.ibnmsConfig.AgListTest"/>
  <testcase name="searchAG" time="24.738" classname="com.code.test.ibnmsConfig.AgListTest"/>
  <testcase name="searchAG" time="3.763" classname="com.code.test.ibnmsConfig.AgListTest"/>
  <testcase name="searchAG" time="6.012" classname="com.code.test.ibnmsConfig.AgListTest"/>
  <testcase name="operateAG" time="17.731" classname="com.code.test.ibnmsConfig.AgListTest"/>
  <testcase name="operateAG" time="36.297" classname="com.code.test.ibnmsConfig.AgListTest"/>
  <testcase name="operateAG" time="39.783" classname="com.code.test.ibnmsConfig.AgListTest"/>
  <testcase name="deployAG" time="27.543" classname="com.code.test.ibnmsConfig.AgListTest">
    <failure type="java.lang.AssertionError" message="{用例描述=部署agent, 操作类型=部署, 期望值=已部署, 结束标记=结束, 用例编号=CASE1, 是否运行=是, 备注=, 主机名称_AG=seleniumIBMName1, 状态字段=部署状态} expected [已部署] but found [未部署]">
      <![CDATA[java.lang.AssertionError: {用例描述=部署agent, 操作类型=部署, 期望值=已部署, 结束标记=结束, 用例编号=CASE1, 是否运行=是, 备注=, 主机名称_AG=seleniumIBMName1, 状态字段=部署状态} expected [已部署] but found [未部署]
	at com.code.common.Tools.assertEquals(Unknown Source)
	at com.code.test.ibnmsConfig.AgListTest.deployAG(Unknown Source)
... Removed 26 stack frames]]>
    </failure>
  </testcase> <!-- deployAG -->
  <testcase name="deployAG" time="39.352" classname="com.code.test.ibnmsConfig.AgListTest">
    <failure type="java.lang.AssertionError" message="{用例描述=启动agent, 操作类型=启动, 期望值=运行中, 结束标记=结束, 用例编号=CASE2, 是否运行=是, 备注=, 主机名称_AG=seleniumIBMName1, 状态字段=运行状态} expected [运行中] but found [已停止]">
      <![CDATA[java.lang.AssertionError: {用例描述=启动agent, 操作类型=启动, 期望值=运行中, 结束标记=结束, 用例编号=CASE2, 是否运行=是, 备注=, 主机名称_AG=seleniumIBMName1, 状态字段=运行状态} expected [运行中] but found [已停止]
	at com.code.common.Tools.assertEquals(Unknown Source)
	at com.code.test.ibnmsConfig.AgListTest.deployAG(Unknown Source)
... Removed 26 stack frames]]>
    </failure>
  </testcase> <!-- deployAG -->
  <testcase name="deployAG" time="41.879" classname="com.code.test.ibnmsConfig.AgListTest"/>
  <testcase name="deployAG" time="40.632" classname="com.code.test.ibnmsConfig.AgListTest">
    <failure type="java.lang.AssertionError" message="{用例描述=卸载agent, 操作类型=卸载, 期望值=未部署, 结束标记=结束, 用例编号=CASE4, 是否运行=是, 备注=, 主机名称_AG=seleniumIBMName1, 状态字段=部署状态} expected [未部署] but found [已部署]">
      <![CDATA[java.lang.AssertionError: {用例描述=卸载agent, 操作类型=卸载, 期望值=未部署, 结束标记=结束, 用例编号=CASE4, 是否运行=是, 备注=, 主机名称_AG=seleniumIBMName1, 状态字段=部署状态} expected [未部署] but found [已部署]
	at com.code.common.Tools.assertEquals(Unknown Source)
	at com.code.test.ibnmsConfig.AgListTest.deployAG(Unknown Source)
... Removed 26 stack frames]]>
    </failure>
  </testcase> <!-- deployAG -->
  <testcase name="deployAG" time="27.45" classname="com.code.test.ibnmsConfig.AgListTest">
    <failure type="java.lang.AssertionError" message="{用例描述=部署可用agent, 操作类型=部署, 期望值=已部署, 结束标记=结束, 用例编号=CASE5, 是否运行=是, 备注=, 主机名称_AG=31test_bnms, 状态字段=部署状态} expected [已部署] but found [未部署]">
      <![CDATA[java.lang.AssertionError: {用例描述=部署可用agent, 操作类型=部署, 期望值=已部署, 结束标记=结束, 用例编号=CASE5, 是否运行=是, 备注=, 主机名称_AG=31test_bnms, 状态字段=部署状态} expected [已部署] but found [未部署]
	at com.code.common.Tools.assertEquals(Unknown Source)
	at com.code.test.ibnmsConfig.AgListTest.deployAG(Unknown Source)
... Removed 26 stack frames]]>
    </failure>
  </testcase> <!-- deployAG -->
  <testcase name="deployAG" time="19.438" classname="com.code.test.ibnmsConfig.AgListTest">
    <failure type="java.lang.AssertionError" message="{用例描述=启动可用agent, 操作类型=启动, 期望值=运行中, 结束标记=结束, 用例编号=CASE6, 是否运行=是, 备注=, 主机名称_AG=31test_bnms, 状态字段=运行状态} expected [运行中] but found [已停止]">
      <![CDATA[java.lang.AssertionError: {用例描述=启动可用agent, 操作类型=启动, 期望值=运行中, 结束标记=结束, 用例编号=CASE6, 是否运行=是, 备注=, 主机名称_AG=31test_bnms, 状态字段=运行状态} expected [运行中] but found [已停止]
	at com.code.common.Tools.assertEquals(Unknown Source)
	at com.code.test.ibnmsConfig.AgListTest.deployAG(Unknown Source)
... Removed 26 stack frames]]>
    </failure>
  </testcase> <!-- deployAG -->
  <testcase name="deployAG" time="21.749" classname="com.code.test.ibnmsConfig.AgListTest"/>
  <testcase name="deployAG" time="22.695" classname="com.code.test.ibnmsConfig.AgListTest">
    <failure type="java.lang.AssertionError" message="{用例描述=卸载可用agent, 操作类型=卸载, 期望值=未部署, 结束标记=结束, 用例编号=CASE8, 是否运行=是, 备注=, 主机名称_AG=31test_bnms, 状态字段=部署状态} expected [未部署] but found [已部署]">
      <![CDATA[java.lang.AssertionError: {用例描述=卸载可用agent, 操作类型=卸载, 期望值=未部署, 结束标记=结束, 用例编号=CASE8, 是否运行=是, 备注=, 主机名称_AG=31test_bnms, 状态字段=部署状态} expected [未部署] but found [已部署]
	at com.code.common.Tools.assertEquals(Unknown Source)
	at com.code.test.ibnmsConfig.AgListTest.deployAG(Unknown Source)
... Removed 26 stack frames]]>
    </failure>
  </testcase> <!-- deployAG -->
  <testcase name="deployAG" time="26.727" classname="com.code.test.ibnmsConfig.AgListTest">
    <failure type="java.lang.AssertionError" message="{用例描述=部署可用agent, 操作类型=部署, 期望值=已部署, 结束标记=结束, 用例编号=CASE5, 是否运行=是, 备注=, 主机名称_AG=31test_bnms, 状态字段=部署状态} expected [已部署] but found [未部署]">
      <![CDATA[java.lang.AssertionError: {用例描述=部署可用agent, 操作类型=部署, 期望值=已部署, 结束标记=结束, 用例编号=CASE5, 是否运行=是, 备注=, 主机名称_AG=31test_bnms, 状态字段=部署状态} expected [已部署] but found [未部署]
	at com.code.common.Tools.assertEquals(Unknown Source)
	at com.code.test.ibnmsConfig.AgListTest.deployAG(Unknown Source)
... Removed 26 stack frames]]>
    </failure>
  </testcase> <!-- deployAG -->
  <testcase name="deployAG" time="18.677" classname="com.code.test.ibnmsConfig.AgListTest">
    <failure type="java.lang.AssertionError" message="{用例描述=启动可用agent, 操作类型=启动, 期望值=运行中, 结束标记=结束, 用例编号=CASE6, 是否运行=是, 备注=, 主机名称_AG=31test_bnms, 状态字段=运行状态} expected [运行中] but found [已停止]">
      <![CDATA[java.lang.AssertionError: {用例描述=启动可用agent, 操作类型=启动, 期望值=运行中, 结束标记=结束, 用例编号=CASE6, 是否运行=是, 备注=, 主机名称_AG=31test_bnms, 状态字段=运行状态} expected [运行中] but found [已停止]
	at com.code.common.Tools.assertEquals(Unknown Source)
	at com.code.test.ibnmsConfig.AgListTest.deployAG(Unknown Source)
... Removed 26 stack frames]]>
    </failure>
  </testcase> <!-- deployAG -->
  <testcase name="operatePA" time="33.884" classname="com.code.test.ibnmsConfig.PmAlarmListTest"/>
  <testcase name="operatePA" time="15.737" classname="com.code.test.ibnmsConfig.PmAlarmListTest"/>
  <testcase name="operatePA" time="29.906" classname="com.code.test.ibnmsConfig.PmAlarmListTest"/>
  <testcase name="operatePA" time="33.723" classname="com.code.test.ibnmsConfig.PmAlarmListTest"/>
  <testcase name="deployPA" time="47.774" classname="com.code.test.ibnmsConfig.PmAlarmListTest">
    <failure type="org.openqa.selenium.NoSuchElementException" message="Unable to find element with id == btn-startDeploy (WARNING: The server did not provide any stacktrace information)
Command duration or timeout: 10.11 seconds
For documentation on this error, please visit: http://seleniumhq.org/exceptions/no_such_element.html
Build info: version: &amp;apos;2.40.0&amp;apos;, revision: &amp;apos;fbe29a9&amp;apos;, time: &amp;apos;2014-02-19 20:55:11&amp;apos;
System info: host: &amp;apos;Jin-PC&amp;apos;, ip: &amp;apos;192.168.220.1&amp;apos;, os.name: &amp;apos;Windows 7&amp;apos;, os.arch: &amp;apos;amd64&amp;apos;, os.version: &amp;apos;6.1&amp;apos;, java.version: &amp;apos;1.6.0_39&amp;apos;
Session ID: 75458e4a-011c-443a-8659-3ed8c3566eb9
Driver info: org.openqa.selenium.ie.InternetExplorerDriver
Capabilities [{platform=WINDOWS, javascriptEnabled=true, elementScrollBehavior=0, enablePersistentHover=true, ignoreZoomSetting=false, ie.ensureCleanSession=false, browserName=internet explorer, enableElementCacheCleanup=true, unexpectedAlertBehaviour=dismiss, version=8, ie.usePerProcessProxy=false, cssSelectorsEnabled=true, ignoreProtectedModeSettings=true, requireWindowFocus=false, handlesAlerts=true, initialBrowserUrl=http://localhost:47959/, ie.forceCreateProcessApi=false, nativeEvents=true, browserAttachTimeout=0, ie.browserCommandLineSwitches=, takesScreenshot=true}]">
      <![CDATA[org.openqa.selenium.NoSuchElementException: Unable to find element with id == btn-startDeploy (WARNING: The server did not provide any stacktrace information)
Command duration or timeout: 10.11 seconds
For documentation on this error, please visit: http://seleniumhq.org/exceptions/no_such_element.html
Build info: version: '2.40.0', revision: 'fbe29a9', time: '2014-02-19 20:55:11'
System info: host: 'Jin-PC', ip: '192.168.220.1', os.name: 'Windows 7', os.arch: 'amd64', os.version: '6.1', java.version: '1.6.0_39'
Session ID: 75458e4a-011c-443a-8659-3ed8c3566eb9
Driver info: org.openqa.selenium.ie.InternetExplorerDriver
Capabilities [{platform=WINDOWS, javascriptEnabled=true, elementScrollBehavior=0, enablePersistentHover=true, ignoreZoomSetting=false, ie.ensureCleanSession=false, browserName=internet explorer, enableElementCacheCleanup=true, unexpectedAlertBehaviour=dismiss, version=8, ie.usePerProcessProxy=false, cssSelectorsEnabled=true, ignoreProtectedModeSettings=true, requireWindowFocus=false, handlesAlerts=true, initialBrowserUrl=http://localhost:47959/, ie.forceCreateProcessApi=false, nativeEvents=true, browserAttachTimeout=0, ie.browserCommandLineSwitches=, takesScreenshot=true}]
	at org.openqa.selenium.remote.ErrorHandler.createThrowable(ErrorHandler.java:193)
	at org.openqa.selenium.remote.ErrorHandler.throwIfResponseFailed(ErrorHandler.java:145)
	at org.openqa.selenium.remote.RemoteWebDriver.execute(RemoteWebDriver.java:573)
	at org.openqa.selenium.remote.RemoteWebDriver.findElement(RemoteWebDriver.java:326)
	at org.openqa.selenium.remote.RemoteWebDriver.findElementById(RemoteWebDriver.java:367)
	at org.openqa.selenium.By$ById.findElement(By.java:214)
	at org.openqa.selenium.remote.RemoteWebDriver.findElement(RemoteWebDriver.java:318)
	at org.openqa.selenium.support.events.EventFiringWebDriver$2.invoke(EventFiringWebDriver.java:101)
	at sun.proxy.$Proxy12.findElement(Unknown Source)
	at org.openqa.selenium.support.events.EventFiringWebDriver.findElement(EventFiringWebDriver.java:184)
	at org.openqa.selenium.support.pagefactory.DefaultElementLocator.findElement(DefaultElementLocator.java:59)
	at org.openqa.selenium.support.pagefactory.internal.LocatingElementHandler.invoke(LocatingElementHandler.java:34)
	at sun.proxy.$Proxy14.click(Unknown Source)
	at com.code.common.Tools.click(Unknown Source)
	at com.code.common.BtnPage.deploy(Unknown Source)
	at com.code.page.ibnmsConfig.pmalarmList.PmalarmListPage.deployPA(Unknown Source)
	at com.code.test.ibnmsConfig.PmAlarmListTest.deployPA(Unknown Source)
... Removed 30 stack frames]]>
    </failure>
  </testcase> <!-- deployPA -->
  <testcase name="deployPA" time="13.489" classname="com.code.test.ibnmsConfig.PmAlarmListTest">
    <failure type="java.lang.AssertionError" message="{用例描述=启动MQ, 列表匹配数据=seleniumPmAlarm, 操作类型=启动, 列表选择器=PmAlarm名称, 期望值=运行中, 结束标记=结束, 用例编号=CASE2, 是否运行=是, 备注=正确数据，未后续做准备, 状态字段=运行状态} expected [运行中] but found [已停止]">
      <![CDATA[java.lang.AssertionError: {用例描述=启动MQ, 列表匹配数据=seleniumPmAlarm, 操作类型=启动, 列表选择器=PmAlarm名称, 期望值=运行中, 结束标记=结束, 用例编号=CASE2, 是否运行=是, 备注=正确数据，未后续做准备, 状态字段=运行状态} expected [运行中] but found [已停止]
	at com.code.common.Tools.assertEquals(Unknown Source)
	at com.code.test.ibnmsConfig.PmAlarmListTest.deployPA(Unknown Source)
... Removed 26 stack frames]]>
    </failure>
  </testcase> <!-- deployPA -->
  <testcase name="deployPA" time="7.193" classname="com.code.test.ibnmsConfig.PmAlarmListTest">
    <failure type="org.openqa.selenium.NoAlertPresentException" message="No alert is active (WARNING: The server did not provide any stacktrace information)
Command duration or timeout: 102 milliseconds
Build info: version: &amp;apos;2.40.0&amp;apos;, revision: &amp;apos;fbe29a9&amp;apos;, time: &amp;apos;2014-02-19 20:55:11&amp;apos;
System info: host: &amp;apos;Jin-PC&amp;apos;, ip: &amp;apos;192.168.220.1&amp;apos;, os.name: &amp;apos;Windows 7&amp;apos;, os.arch: &amp;apos;amd64&amp;apos;, os.version: &amp;apos;6.1&amp;apos;, java.version: &amp;apos;1.6.0_39&amp;apos;
Session ID: 75458e4a-011c-443a-8659-3ed8c3566eb9
Driver info: org.openqa.selenium.ie.InternetExplorerDriver
Capabilities [{platform=WINDOWS, javascriptEnabled=true, elementScrollBehavior=0, enablePersistentHover=true, ignoreZoomSetting=false, ie.ensureCleanSession=false, browserName=internet explorer, enableElementCacheCleanup=true, unexpectedAlertBehaviour=dismiss, version=8, ie.usePerProcessProxy=false, cssSelectorsEnabled=true, ignoreProtectedModeSettings=true, requireWindowFocus=false, handlesAlerts=true, initialBrowserUrl=http://localhost:47959/, ie.forceCreateProcessApi=false, nativeEvents=true, browserAttachTimeout=0, ie.browserCommandLineSwitches=, takesScreenshot=true}]">
      <![CDATA[org.openqa.selenium.NoAlertPresentException: No alert is active (WARNING: The server did not provide any stacktrace information)
Command duration or timeout: 102 milliseconds
Build info: version: '2.40.0', revision: 'fbe29a9', time: '2014-02-19 20:55:11'
System info: host: 'Jin-PC', ip: '192.168.220.1', os.name: 'Windows 7', os.arch: 'amd64', os.version: '6.1', java.version: '1.6.0_39'
Session ID: 75458e4a-011c-443a-8659-3ed8c3566eb9
Driver info: org.openqa.selenium.ie.InternetExplorerDriver
Capabilities [{platform=WINDOWS, javascriptEnabled=true, elementScrollBehavior=0, enablePersistentHover=true, ignoreZoomSetting=false, ie.ensureCleanSession=false, browserName=internet explorer, enableElementCacheCleanup=true, unexpectedAlertBehaviour=dismiss, version=8, ie.usePerProcessProxy=false, cssSelectorsEnabled=true, ignoreProtectedModeSettings=true, requireWindowFocus=false, handlesAlerts=true, initialBrowserUrl=http://localhost:47959/, ie.forceCreateProcessApi=false, nativeEvents=true, browserAttachTimeout=0, ie.browserCommandLineSwitches=, takesScreenshot=true}]
	at org.openqa.selenium.remote.ErrorHandler.createThrowable(ErrorHandler.java:193)
	at org.openqa.selenium.remote.ErrorHandler.throwIfResponseFailed(ErrorHandler.java:145)
	at org.openqa.selenium.remote.RemoteWebDriver.execute(RemoteWebDriver.java:573)
	at org.openqa.selenium.remote.RemoteWebDriver.execute(RemoteWebDriver.java:588)
	at org.openqa.selenium.remote.RemoteWebDriver$RemoteTargetLocator.alert(RemoteWebDriver.java:868)
	at org.openqa.selenium.support.events.EventFiringWebDriver$EventFiringTargetLocator.alert(EventFiringWebDriver.java:597)
	at com.code.common.Tools.alertAccept(Unknown Source)
	at com.code.common.BtnPage.shutdown(Unknown Source)
	at com.code.page.ibnmsConfig.pmalarmList.PmalarmListPage.deployPA(Unknown Source)
	at com.code.test.ibnmsConfig.PmAlarmListTest.deployPA(Unknown Source)
... Removed 27 stack frames]]>
    </failure>
  </testcase> <!-- deployPA -->
  <testcase name="deployPA" time="7.455" classname="com.code.test.ibnmsConfig.PmAlarmListTest">
    <failure type="org.openqa.selenium.NoAlertPresentException" message="No alert is active (WARNING: The server did not provide any stacktrace information)
Command duration or timeout: 101 milliseconds
Build info: version: &amp;apos;2.40.0&amp;apos;, revision: &amp;apos;fbe29a9&amp;apos;, time: &amp;apos;2014-02-19 20:55:11&amp;apos;
System info: host: &amp;apos;Jin-PC&amp;apos;, ip: &amp;apos;192.168.220.1&amp;apos;, os.name: &amp;apos;Windows 7&amp;apos;, os.arch: &amp;apos;amd64&amp;apos;, os.version: &amp;apos;6.1&amp;apos;, java.version: &amp;apos;1.6.0_39&amp;apos;
Session ID: 75458e4a-011c-443a-8659-3ed8c3566eb9
Driver info: org.openqa.selenium.ie.InternetExplorerDriver
Capabilities [{platform=WINDOWS, javascriptEnabled=true, elementScrollBehavior=0, enablePersistentHover=true, ignoreZoomSetting=false, ie.ensureCleanSession=false, browserName=internet explorer, enableElementCacheCleanup=true, unexpectedAlertBehaviour=dismiss, version=8, ie.usePerProcessProxy=false, cssSelectorsEnabled=true, ignoreProtectedModeSettings=true, requireWindowFocus=false, handlesAlerts=true, initialBrowserUrl=http://localhost:47959/, ie.forceCreateProcessApi=false, nativeEvents=true, browserAttachTimeout=0, ie.browserCommandLineSwitches=, takesScreenshot=true}]">
      <![CDATA[org.openqa.selenium.NoAlertPresentException: No alert is active (WARNING: The server did not provide any stacktrace information)
Command duration or timeout: 101 milliseconds
Build info: version: '2.40.0', revision: 'fbe29a9', time: '2014-02-19 20:55:11'
System info: host: 'Jin-PC', ip: '192.168.220.1', os.name: 'Windows 7', os.arch: 'amd64', os.version: '6.1', java.version: '1.6.0_39'
Session ID: 75458e4a-011c-443a-8659-3ed8c3566eb9
Driver info: org.openqa.selenium.ie.InternetExplorerDriver
Capabilities [{platform=WINDOWS, javascriptEnabled=true, elementScrollBehavior=0, enablePersistentHover=true, ignoreZoomSetting=false, ie.ensureCleanSession=false, browserName=internet explorer, enableElementCacheCleanup=true, unexpectedAlertBehaviour=dismiss, version=8, ie.usePerProcessProxy=false, cssSelectorsEnabled=true, ignoreProtectedModeSettings=true, requireWindowFocus=false, handlesAlerts=true, initialBrowserUrl=http://localhost:47959/, ie.forceCreateProcessApi=false, nativeEvents=true, browserAttachTimeout=0, ie.browserCommandLineSwitches=, takesScreenshot=true}]
	at org.openqa.selenium.remote.ErrorHandler.createThrowable(ErrorHandler.java:193)
	at org.openqa.selenium.remote.ErrorHandler.throwIfResponseFailed(ErrorHandler.java:145)
	at org.openqa.selenium.remote.RemoteWebDriver.execute(RemoteWebDriver.java:573)
	at org.openqa.selenium.remote.RemoteWebDriver.execute(RemoteWebDriver.java:588)
	at org.openqa.selenium.remote.RemoteWebDriver$RemoteTargetLocator.alert(RemoteWebDriver.java:868)
	at org.openqa.selenium.support.events.EventFiringWebDriver$EventFiringTargetLocator.alert(EventFiringWebDriver.java:597)
	at com.code.common.Tools.alertAccept(Unknown Source)
	at com.code.common.BtnPage.remove(Unknown Source)
	at com.code.page.ibnmsConfig.pmalarmList.PmalarmListPage.deployPA(Unknown Source)
	at com.code.test.ibnmsConfig.PmAlarmListTest.deployPA(Unknown Source)
... Removed 27 stack frames]]>
    </failure>
  </testcase> <!-- deployPA -->
  <testcase name="deployPA" time="47.36" classname="com.code.test.ibnmsConfig.PmAlarmListTest">
    <failure type="org.openqa.selenium.NoSuchElementException" message="Unable to find element with id == btn-startDeploy (WARNING: The server did not provide any stacktrace information)
Command duration or timeout: 10.13 seconds
For documentation on this error, please visit: http://seleniumhq.org/exceptions/no_such_element.html
Build info: version: &amp;apos;2.40.0&amp;apos;, revision: &amp;apos;fbe29a9&amp;apos;, time: &amp;apos;2014-02-19 20:55:11&amp;apos;
System info: host: &amp;apos;Jin-PC&amp;apos;, ip: &amp;apos;192.168.220.1&amp;apos;, os.name: &amp;apos;Windows 7&amp;apos;, os.arch: &amp;apos;amd64&amp;apos;, os.version: &amp;apos;6.1&amp;apos;, java.version: &amp;apos;1.6.0_39&amp;apos;
Session ID: 75458e4a-011c-443a-8659-3ed8c3566eb9
Driver info: org.openqa.selenium.ie.InternetExplorerDriver
Capabilities [{platform=WINDOWS, javascriptEnabled=true, elementScrollBehavior=0, enablePersistentHover=true, ignoreZoomSetting=false, ie.ensureCleanSession=false, browserName=internet explorer, enableElementCacheCleanup=true, unexpectedAlertBehaviour=dismiss, version=8, ie.usePerProcessProxy=false, cssSelectorsEnabled=true, ignoreProtectedModeSettings=true, requireWindowFocus=false, handlesAlerts=true, initialBrowserUrl=http://localhost:47959/, ie.forceCreateProcessApi=false, nativeEvents=true, browserAttachTimeout=0, ie.browserCommandLineSwitches=, takesScreenshot=true}]">
      <![CDATA[org.openqa.selenium.NoSuchElementException: Unable to find element with id == btn-startDeploy (WARNING: The server did not provide any stacktrace information)
Command duration or timeout: 10.13 seconds
For documentation on this error, please visit: http://seleniumhq.org/exceptions/no_such_element.html
Build info: version: '2.40.0', revision: 'fbe29a9', time: '2014-02-19 20:55:11'
System info: host: 'Jin-PC', ip: '192.168.220.1', os.name: 'Windows 7', os.arch: 'amd64', os.version: '6.1', java.version: '1.6.0_39'
Session ID: 75458e4a-011c-443a-8659-3ed8c3566eb9
Driver info: org.openqa.selenium.ie.InternetExplorerDriver
Capabilities [{platform=WINDOWS, javascriptEnabled=true, elementScrollBehavior=0, enablePersistentHover=true, ignoreZoomSetting=false, ie.ensureCleanSession=false, browserName=internet explorer, enableElementCacheCleanup=true, unexpectedAlertBehaviour=dismiss, version=8, ie.usePerProcessProxy=false, cssSelectorsEnabled=true, ignoreProtectedModeSettings=true, requireWindowFocus=false, handlesAlerts=true, initialBrowserUrl=http://localhost:47959/, ie.forceCreateProcessApi=false, nativeEvents=true, browserAttachTimeout=0, ie.browserCommandLineSwitches=, takesScreenshot=true}]
	at org.openqa.selenium.remote.ErrorHandler.createThrowable(ErrorHandler.java:193)
	at org.openqa.selenium.remote.ErrorHandler.throwIfResponseFailed(ErrorHandler.java:145)
	at org.openqa.selenium.remote.RemoteWebDriver.execute(RemoteWebDriver.java:573)
	at org.openqa.selenium.remote.RemoteWebDriver.findElement(RemoteWebDriver.java:326)
	at org.openqa.selenium.remote.RemoteWebDriver.findElementById(RemoteWebDriver.java:367)
	at org.openqa.selenium.By$ById.findElement(By.java:214)
	at org.openqa.selenium.remote.RemoteWebDriver.findElement(RemoteWebDriver.java:318)
	at org.openqa.selenium.support.events.EventFiringWebDriver$2.invoke(EventFiringWebDriver.java:101)
	at sun.proxy.$Proxy12.findElement(Unknown Source)
	at org.openqa.selenium.support.events.EventFiringWebDriver.findElement(EventFiringWebDriver.java:184)
	at org.openqa.selenium.support.pagefactory.DefaultElementLocator.findElement(DefaultElementLocator.java:59)
	at org.openqa.selenium.support.pagefactory.internal.LocatingElementHandler.invoke(LocatingElementHandler.java:34)
	at sun.proxy.$Proxy14.click(Unknown Source)
	at com.code.common.Tools.click(Unknown Source)
	at com.code.common.BtnPage.deploy(Unknown Source)
	at com.code.page.ibnmsConfig.pmalarmList.PmalarmListPage.deployPA(Unknown Source)
	at com.code.test.ibnmsConfig.PmAlarmListTest.deployPA(Unknown Source)
... Removed 29 stack frames]]>
    </failure>
  </testcase> <!-- deployPA -->
  <testcase name="deployPA" time="13.031" classname="com.code.test.ibnmsConfig.PmAlarmListTest">
    <failure type="java.lang.AssertionError" message="{用例描述=启动MQ, 列表匹配数据=seleniumPmAlarm, 操作类型=启动, 列表选择器=PmAlarm名称, 期望值=运行中, 结束标记=结束, 用例编号=CASE2, 是否运行=是, 备注=正确数据，未后续做准备, 状态字段=运行状态} expected [运行中] but found [已停止]">
      <![CDATA[java.lang.AssertionError: {用例描述=启动MQ, 列表匹配数据=seleniumPmAlarm, 操作类型=启动, 列表选择器=PmAlarm名称, 期望值=运行中, 结束标记=结束, 用例编号=CASE2, 是否运行=是, 备注=正确数据，未后续做准备, 状态字段=运行状态} expected [运行中] but found [已停止]
	at com.code.common.Tools.assertEquals(Unknown Source)
	at com.code.test.ibnmsConfig.PmAlarmListTest.deployPA(Unknown Source)
... Removed 26 stack frames]]>
    </failure>
  </testcase> <!-- deployPA -->
  <testcase name="operateAPP" time="36.015" classname="com.code.test.ibnmsConfig.AppServerListTest">
    <failure type="java.lang.AssertionError" message="{主机名称_ENV=seleniumIBMName1, 列表匹配数据=seleniumIBMBMC, 操作类型=增加, 部署主机=seleniumIBMName1, 组建类型=BmcServer, 期望值=1, 列表选择器=应用名称, 结束标记=结束, 用例编号=CASE1, 应用名称=seleniumIBMBMC, 安装路径=/selenium, 用例描述=增加BmcServer, 进程关键字=seleniumIBMBMCPID, 是否运行=是, 备注=, BmcServer类型=监控, 扫描频率 =} expected [1] but found [0]">
      <![CDATA[java.lang.AssertionError: {主机名称_ENV=seleniumIBMName1, 列表匹配数据=seleniumIBMBMC, 操作类型=增加, 部署主机=seleniumIBMName1, 组建类型=BmcServer, 期望值=1, 列表选择器=应用名称, 结束标记=结束, 用例编号=CASE1, 应用名称=seleniumIBMBMC, 安装路径=/selenium, 用例描述=增加BmcServer, 进程关键字=seleniumIBMBMCPID, 是否运行=是, 备注=, BmcServer类型=监控, 扫描频率 =} expected [1] but found [0]
	at com.code.common.Tools.assertEquals(Unknown Source)
	at com.code.test.ibnmsConfig.AppServerListTest.operateAPP(Unknown Source)
... Removed 26 stack frames]]>
    </failure>
  </testcase> <!-- operateAPP -->
  <testcase name="operateAPP" time="28.731" classname="com.code.test.ibnmsConfig.AppServerListTest">
    <failure type="org.openqa.selenium.NoSuchElementException" message="Unable to find element with id == subsmit_save (WARNING: The server did not provide any stacktrace information)
Command duration or timeout: 10.07 seconds
For documentation on this error, please visit: http://seleniumhq.org/exceptions/no_such_element.html
Build info: version: &amp;apos;2.40.0&amp;apos;, revision: &amp;apos;fbe29a9&amp;apos;, time: &amp;apos;2014-02-19 20:55:11&amp;apos;
System info: host: &amp;apos;Jin-PC&amp;apos;, ip: &amp;apos;192.168.220.1&amp;apos;, os.name: &amp;apos;Windows 7&amp;apos;, os.arch: &amp;apos;amd64&amp;apos;, os.version: &amp;apos;6.1&amp;apos;, java.version: &amp;apos;1.6.0_39&amp;apos;
Session ID: 75458e4a-011c-443a-8659-3ed8c3566eb9
Driver info: org.openqa.selenium.ie.InternetExplorerDriver
Capabilities [{platform=WINDOWS, javascriptEnabled=true, elementScrollBehavior=0, enablePersistentHover=true, ignoreZoomSetting=false, ie.ensureCleanSession=false, browserName=internet explorer, enableElementCacheCleanup=true, unexpectedAlertBehaviour=dismiss, version=8, ie.usePerProcessProxy=false, cssSelectorsEnabled=true, ignoreProtectedModeSettings=true, requireWindowFocus=false, handlesAlerts=true, initialBrowserUrl=http://localhost:47959/, ie.forceCreateProcessApi=false, nativeEvents=true, browserAttachTimeout=0, ie.browserCommandLineSwitches=, takesScreenshot=true}]">
      <![CDATA[org.openqa.selenium.NoSuchElementException: Unable to find element with id == subsmit_save (WARNING: The server did not provide any stacktrace information)
Command duration or timeout: 10.07 seconds
For documentation on this error, please visit: http://seleniumhq.org/exceptions/no_such_element.html
Build info: version: '2.40.0', revision: 'fbe29a9', time: '2014-02-19 20:55:11'
System info: host: 'Jin-PC', ip: '192.168.220.1', os.name: 'Windows 7', os.arch: 'amd64', os.version: '6.1', java.version: '1.6.0_39'
Session ID: 75458e4a-011c-443a-8659-3ed8c3566eb9
Driver info: org.openqa.selenium.ie.InternetExplorerDriver
Capabilities [{platform=WINDOWS, javascriptEnabled=true, elementScrollBehavior=0, enablePersistentHover=true, ignoreZoomSetting=false, ie.ensureCleanSession=false, browserName=internet explorer, enableElementCacheCleanup=true, unexpectedAlertBehaviour=dismiss, version=8, ie.usePerProcessProxy=false, cssSelectorsEnabled=true, ignoreProtectedModeSettings=true, requireWindowFocus=false, handlesAlerts=true, initialBrowserUrl=http://localhost:47959/, ie.forceCreateProcessApi=false, nativeEvents=true, browserAttachTimeout=0, ie.browserCommandLineSwitches=, takesScreenshot=true}]
	at org.openqa.selenium.remote.ErrorHandler.createThrowable(ErrorHandler.java:193)
	at org.openqa.selenium.remote.ErrorHandler.throwIfResponseFailed(ErrorHandler.java:145)
	at org.openqa.selenium.remote.RemoteWebDriver.execute(RemoteWebDriver.java:573)
	at org.openqa.selenium.remote.RemoteWebDriver.findElement(RemoteWebDriver.java:326)
	at org.openqa.selenium.remote.RemoteWebDriver.findElementById(RemoteWebDriver.java:367)
	at org.openqa.selenium.By$ById.findElement(By.java:214)
	at org.openqa.selenium.remote.RemoteWebDriver.findElement(RemoteWebDriver.java:318)
	at org.openqa.selenium.support.events.EventFiringWebDriver$2.invoke(EventFiringWebDriver.java:101)
	at sun.proxy.$Proxy12.findElement(Unknown Source)
	at org.openqa.selenium.support.events.EventFiringWebDriver.findElement(EventFiringWebDriver.java:184)
	at org.openqa.selenium.support.pagefactory.DefaultElementLocator.findElement(DefaultElementLocator.java:59)
	at org.openqa.selenium.support.pagefactory.internal.LocatingElementHandler.invoke(LocatingElementHandler.java:34)
	at sun.proxy.$Proxy14.click(Unknown Source)
	at com.code.common.Tools.click(Unknown Source)
	at com.code.page.ibnmsConfig.appServer.page.AppFormPage.inputForm(Unknown Source)
	at com.code.page.ibnmsConfig.appServer.page.AppFormPage.operateApp(Unknown Source)
	at com.code.page.ibnmsConfig.appServer.AppServerListPage.operateApp(Unknown Source)
	at com.code.test.ibnmsConfig.AppServerListTest.operateAPP(Unknown Source)
... Removed 29 stack frames]]>
    </failure>
  </testcase> <!-- operateAPP -->
  <testcase name="operateAPP" time="5.734" classname="com.code.test.ibnmsConfig.AppServerListTest">
    <failure type="org.openqa.selenium.NoAlertPresentException" message="No alert is active (WARNING: The server did not provide any stacktrace information)
Command duration or timeout: 103 milliseconds
Build info: version: &amp;apos;2.40.0&amp;apos;, revision: &amp;apos;fbe29a9&amp;apos;, time: &amp;apos;2014-02-19 20:55:11&amp;apos;
System info: host: &amp;apos;Jin-PC&amp;apos;, ip: &amp;apos;192.168.220.1&amp;apos;, os.name: &amp;apos;Windows 7&amp;apos;, os.arch: &amp;apos;amd64&amp;apos;, os.version: &amp;apos;6.1&amp;apos;, java.version: &amp;apos;1.6.0_39&amp;apos;
Session ID: 75458e4a-011c-443a-8659-3ed8c3566eb9
Driver info: org.openqa.selenium.ie.InternetExplorerDriver
Capabilities [{platform=WINDOWS, javascriptEnabled=true, elementScrollBehavior=0, enablePersistentHover=true, ignoreZoomSetting=false, ie.ensureCleanSession=false, browserName=internet explorer, enableElementCacheCleanup=true, unexpectedAlertBehaviour=dismiss, version=8, ie.usePerProcessProxy=false, cssSelectorsEnabled=true, ignoreProtectedModeSettings=true, requireWindowFocus=false, handlesAlerts=true, initialBrowserUrl=http://localhost:47959/, ie.forceCreateProcessApi=false, nativeEvents=true, browserAttachTimeout=0, ie.browserCommandLineSwitches=, takesScreenshot=true}]">
      <![CDATA[org.openqa.selenium.NoAlertPresentException: No alert is active (WARNING: The server did not provide any stacktrace information)
Command duration or timeout: 103 milliseconds
Build info: version: '2.40.0', revision: 'fbe29a9', time: '2014-02-19 20:55:11'
System info: host: 'Jin-PC', ip: '192.168.220.1', os.name: 'Windows 7', os.arch: 'amd64', os.version: '6.1', java.version: '1.6.0_39'
Session ID: 75458e4a-011c-443a-8659-3ed8c3566eb9
Driver info: org.openqa.selenium.ie.InternetExplorerDriver
Capabilities [{platform=WINDOWS, javascriptEnabled=true, elementScrollBehavior=0, enablePersistentHover=true, ignoreZoomSetting=false, ie.ensureCleanSession=false, browserName=internet explorer, enableElementCacheCleanup=true, unexpectedAlertBehaviour=dismiss, version=8, ie.usePerProcessProxy=false, cssSelectorsEnabled=true, ignoreProtectedModeSettings=true, requireWindowFocus=false, handlesAlerts=true, initialBrowserUrl=http://localhost:47959/, ie.forceCreateProcessApi=false, nativeEvents=true, browserAttachTimeout=0, ie.browserCommandLineSwitches=, takesScreenshot=true}]
	at org.openqa.selenium.remote.ErrorHandler.createThrowable(ErrorHandler.java:193)
	at org.openqa.selenium.remote.ErrorHandler.throwIfResponseFailed(ErrorHandler.java:145)
	at org.openqa.selenium.remote.RemoteWebDriver.execute(RemoteWebDriver.java:573)
	at org.openqa.selenium.remote.RemoteWebDriver.execute(RemoteWebDriver.java:588)
	at org.openqa.selenium.remote.RemoteWebDriver$RemoteTargetLocator.alert(RemoteWebDriver.java:868)
	at org.openqa.selenium.support.events.EventFiringWebDriver$EventFiringTargetLocator.alert(EventFiringWebDriver.java:597)
	at com.code.common.Tools.alertAccept(Unknown Source)
	at com.code.common.BtnPage.delete(Unknown Source)
	at com.code.page.ibnmsConfig.appServer.AppServerListPage.operateApp(Unknown Source)
	at com.code.test.ibnmsConfig.AppServerListTest.operateAPP(Unknown Source)
... Removed 27 stack frames]]>
    </failure>
  </testcase> <!-- operateAPP -->
  <testcase name="operateAPP" time="36.054" classname="com.code.test.ibnmsConfig.AppServerListTest">
    <failure type="java.lang.AssertionError" message="{主机名称_ENV=seleniumIBMName1, 列表匹配数据=seleniumIBMMSG, 操作类型=增加, 部署主机=seleniumIBMName1, 组建类型=短信订阅, 期望值=1, 列表选择器=应用名称, 结束标记=结束, 用例编号=CASE4, 应用名称=seleniumIBMMSG, 安装路径=/selenium, 用例描述=增加短信订阅, 进程关键字=seleniumIBMMSGPID, 是否运行=是, 备注=, BmcServer类型=, 扫描频率 =60} expected [1] but found [0]">
      <![CDATA[java.lang.AssertionError: {主机名称_ENV=seleniumIBMName1, 列表匹配数据=seleniumIBMMSG, 操作类型=增加, 部署主机=seleniumIBMName1, 组建类型=短信订阅, 期望值=1, 列表选择器=应用名称, 结束标记=结束, 用例编号=CASE4, 应用名称=seleniumIBMMSG, 安装路径=/selenium, 用例描述=增加短信订阅, 进程关键字=seleniumIBMMSGPID, 是否运行=是, 备注=, BmcServer类型=, 扫描频率 =60} expected [1] but found [0]
	at com.code.common.Tools.assertEquals(Unknown Source)
	at com.code.test.ibnmsConfig.AppServerListTest.operateAPP(Unknown Source)
... Removed 26 stack frames]]>
    </failure>
  </testcase> <!-- operateAPP -->
  <testcase name="operateAPP" time="36.843" classname="com.code.test.ibnmsConfig.AppServerListTest">
    <failure type="java.lang.AssertionError" message="{主机名称_ENV=31test_bnms, 列表匹配数据=seleniumBMCServer, 操作类型=增加, 部署主机=31test_bnms, 组建类型=BmcServer, 期望值=1, 列表选择器=应用名称, 结束标记=结束, 用例编号=CASE5, 应用名称=seleniumBMCServer, 安装路径=/test-bnms/chtest/selenium, 用例描述=增加可用的BmcServer, 进程关键字=seleniumBMCServerPID, 是否运行=是, 备注=, BmcServer类型=监控, 扫描频率 =} expected [1] but found [0]">
      <![CDATA[java.lang.AssertionError: {主机名称_ENV=31test_bnms, 列表匹配数据=seleniumBMCServer, 操作类型=增加, 部署主机=31test_bnms, 组建类型=BmcServer, 期望值=1, 列表选择器=应用名称, 结束标记=结束, 用例编号=CASE5, 应用名称=seleniumBMCServer, 安装路径=/test-bnms/chtest/selenium, 用例描述=增加可用的BmcServer, 进程关键字=seleniumBMCServerPID, 是否运行=是, 备注=, BmcServer类型=监控, 扫描频率 =} expected [1] but found [0]
	at com.code.common.Tools.assertEquals(Unknown Source)
	at com.code.test.ibnmsConfig.AppServerListTest.operateAPP(Unknown Source)
... Removed 26 stack frames]]>
    </failure>
  </testcase> <!-- operateAPP -->
  <testcase name="operateAPP" time="37.156" classname="com.code.test.ibnmsConfig.AppServerListTest">
    <failure type="java.lang.AssertionError" message="{主机名称_ENV=31test_bnms, 列表匹配数据=seleniumMSGapp, 操作类型=增加, 部署主机=31test_bnms, 组建类型=短信订阅, 期望值=1, 列表选择器=应用名称, 结束标记=结束, 用例编号=CASE6, 应用名称=seleniumMSGapp, 安装路径=/test-bnms/chtest/selenium, 用例描述=增加可用的短信订阅, 进程关键字=seleniumMSGappPID, 是否运行=是, 备注=, BmcServer类型=, 扫描频率 =60} expected [1] but found [0]">
      <![CDATA[java.lang.AssertionError: {主机名称_ENV=31test_bnms, 列表匹配数据=seleniumMSGapp, 操作类型=增加, 部署主机=31test_bnms, 组建类型=短信订阅, 期望值=1, 列表选择器=应用名称, 结束标记=结束, 用例编号=CASE6, 应用名称=seleniumMSGapp, 安装路径=/test-bnms/chtest/selenium, 用例描述=增加可用的短信订阅, 进程关键字=seleniumMSGappPID, 是否运行=是, 备注=, BmcServer类型=, 扫描频率 =60} expected [1] but found [0]
	at com.code.common.Tools.assertEquals(Unknown Source)
	at com.code.test.ibnmsConfig.AppServerListTest.operateAPP(Unknown Source)
... Removed 26 stack frames]]>
    </failure>
  </testcase> <!-- operateAPP -->
</testsuite> <!-- frame -->
