<?xml version="1.0" encoding="UTF-8"?>
<!-- Generated by org.testng.reporters.JUnitReportReporter -->
<testsuite hostname="Jin-PC" name="com.code.test.ibnmsConfig.WKlistTest" tests="14" failures="0" timestamp="17 Aug 2014 14:54:24 GMT" time="354.763" errors="6">
  <testcase name="operateWK" time="40.127" classname="com.code.test.ibnmsConfig.WKlistTest"/>
  <testcase name="deployWK" time="19.959" classname="com.code.test.ibnmsConfig.WKlistTest"/>
  <testcase name="deployWK" time="23.075" classname="com.code.test.ibnmsConfig.WKlistTest">
    <error type="java.lang.AssertionError" message="{用例描述=启动MQ, 列表匹配数据=seleniumIBMWK1, 操作类型=启动, 列表选择器=名称, 期望值=运行中, 结束标记=结束, 用例编号=CASE2, 是否运行=是, 备注=, 状态字段=运行状态} expected [运行中] but found [已停止]">
      <![CDATA[java.lang.AssertionError: {用例描述=启动MQ, 列表匹配数据=seleniumIBMWK1, 操作类型=启动, 列表选择器=名称, 期望值=运行中, 结束标记=结束, 用例编号=CASE2, 是否运行=是, 备注=, 状态字段=运行状态} expected [运行中] but found [已停止]
	at org.testng.Assert.fail(Assert.java:94)
	at org.testng.Assert.failNotEquals(Assert.java:494)
	at org.testng.Assert.assertEquals(Assert.java:123)
	at com.code.common.Tools.assertEquals(Unknown Source)
	at com.code.test.ibnmsConfig.WKlistTest.deployWK(Unknown Source)
	at sun.reflect.NativeMethodAccessorImpl.invoke0(Native Method)
	at sun.reflect.NativeMethodAccessorImpl.invoke(NativeMethodAccessorImpl.java:39)
	at sun.reflect.DelegatingMethodAccessorImpl.invoke(DelegatingMethodAccessorImpl.java:25)
	at java.lang.reflect.Method.invoke(Method.java:597)
	at org.testng.internal.MethodInvocationHelper.invokeMethod(MethodInvocationHelper.java:84)
	at org.testng.internal.Invoker.invokeMethod(Invoker.java:714)
	at org.testng.internal.Invoker.invokeTestMethod(Invoker.java:901)
	at org.testng.internal.Invoker.invokeTestMethods(Invoker.java:1231)
	at org.testng.internal.TestMethodWorker.invokeTestMethods(TestMethodWorker.java:127)
	at org.testng.internal.TestMethodWorker.run(TestMethodWorker.java:111)
	at org.testng.TestRunner.privateRun(TestRunner.java:767)
	at org.testng.TestRunner.run(TestRunner.java:617)
	at org.testng.SuiteRunner.runTest(SuiteRunner.java:334)
	at org.testng.SuiteRunner.runSequentially(SuiteRunner.java:329)
	at org.testng.SuiteRunner.privateRun(SuiteRunner.java:291)
	at org.testng.SuiteRunner.run(SuiteRunner.java:240)
	at org.testng.SuiteRunnerWorker.runSuite(SuiteRunnerWorker.java:52)
	at org.testng.SuiteRunnerWorker.run(SuiteRunnerWorker.java:86)
	at org.testng.TestNG.runSuitesSequentially(TestNG.java:1224)
	at org.testng.TestNG.runSuitesLocally(TestNG.java:1149)
	at org.testng.TestNG.run(TestNG.java:1057)
	at org.testng.TestNG.privateMain(TestNG.java:1364)
	at org.testng.TestNG.main(TestNG.java:1333)
]]>
    </error>
  </testcase> <!-- deployWK -->
  <testcase name="deployWK" time="17.378" classname="com.code.test.ibnmsConfig.WKlistTest">
    <error type="java.lang.AssertionError" message="{用例描述=启动可用MQ, 列表匹配数据=seleniumWK, 操作类型=启动, 列表选择器=名称, 期望值=运行中, 结束标记=结束, 用例编号=CASE6, 是否运行=是, 备注=, 状态字段=运行状态} expected [运行中] but found [已停止]">
      <![CDATA[java.lang.AssertionError: {用例描述=启动可用MQ, 列表匹配数据=seleniumWK, 操作类型=启动, 列表选择器=名称, 期望值=运行中, 结束标记=结束, 用例编号=CASE6, 是否运行=是, 备注=, 状态字段=运行状态} expected [运行中] but found [已停止]
	at org.testng.Assert.fail(Assert.java:94)
	at org.testng.Assert.failNotEquals(Assert.java:494)
	at org.testng.Assert.assertEquals(Assert.java:123)
	at com.code.common.Tools.assertEquals(Unknown Source)
	at com.code.test.ibnmsConfig.WKlistTest.deployWK(Unknown Source)
	at sun.reflect.NativeMethodAccessorImpl.invoke0(Native Method)
	at sun.reflect.NativeMethodAccessorImpl.invoke(NativeMethodAccessorImpl.java:39)
	at sun.reflect.DelegatingMethodAccessorImpl.invoke(DelegatingMethodAccessorImpl.java:25)
	at java.lang.reflect.Method.invoke(Method.java:597)
	at org.testng.internal.MethodInvocationHelper.invokeMethod(MethodInvocationHelper.java:84)
	at org.testng.internal.Invoker.invokeMethod(Invoker.java:714)
	at org.testng.internal.Invoker.invokeTestMethod(Invoker.java:901)
	at org.testng.internal.Invoker.invokeTestMethods(Invoker.java:1231)
	at org.testng.internal.TestMethodWorker.invokeTestMethods(TestMethodWorker.java:127)
	at org.testng.internal.TestMethodWorker.run(TestMethodWorker.java:111)
	at org.testng.TestRunner.privateRun(TestRunner.java:767)
	at org.testng.TestRunner.run(TestRunner.java:617)
	at org.testng.SuiteRunner.runTest(SuiteRunner.java:334)
	at org.testng.SuiteRunner.runSequentially(SuiteRunner.java:329)
	at org.testng.SuiteRunner.privateRun(SuiteRunner.java:291)
	at org.testng.SuiteRunner.run(SuiteRunner.java:240)
	at org.testng.SuiteRunnerWorker.runSuite(SuiteRunnerWorker.java:52)
	at org.testng.SuiteRunnerWorker.run(SuiteRunnerWorker.java:86)
	at org.testng.TestNG.runSuitesSequentially(TestNG.java:1224)
	at org.testng.TestNG.runSuitesLocally(TestNG.java:1149)
	at org.testng.TestNG.run(TestNG.java:1057)
	at org.testng.TestNG.privateMain(TestNG.java:1364)
	at org.testng.TestNG.main(TestNG.java:1333)
]]>
    </error>
  </testcase> <!-- deployWK -->
  <testcase name="operateWK" time="22.075" classname="com.code.test.ibnmsConfig.WKlistTest"/>
  <testcase name="operateWK" time="16.630" classname="com.code.test.ibnmsConfig.WKlistTest"/>
  <testcase name="deployWK" time="17.460" classname="com.code.test.ibnmsConfig.WKlistTest">
    <error type="java.lang.AssertionError" message="{用例描述=启动可用MQ, 列表匹配数据=seleniumWK, 操作类型=启动, 列表选择器=名称, 期望值=运行中, 结束标记=结束, 用例编号=CASE6, 是否运行=是, 备注=, 状态字段=运行状态} expected [运行中] but found [已停止]">
      <![CDATA[java.lang.AssertionError: {用例描述=启动可用MQ, 列表匹配数据=seleniumWK, 操作类型=启动, 列表选择器=名称, 期望值=运行中, 结束标记=结束, 用例编号=CASE6, 是否运行=是, 备注=, 状态字段=运行状态} expected [运行中] but found [已停止]
	at org.testng.Assert.fail(Assert.java:94)
	at org.testng.Assert.failNotEquals(Assert.java:494)
	at org.testng.Assert.assertEquals(Assert.java:123)
	at com.code.common.Tools.assertEquals(Unknown Source)
	at com.code.test.ibnmsConfig.WKlistTest.deployWK(Unknown Source)
	at sun.reflect.NativeMethodAccessorImpl.invoke0(Native Method)
	at sun.reflect.NativeMethodAccessorImpl.invoke(NativeMethodAccessorImpl.java:39)
	at sun.reflect.DelegatingMethodAccessorImpl.invoke(DelegatingMethodAccessorImpl.java:25)
	at java.lang.reflect.Method.invoke(Method.java:597)
	at org.testng.internal.MethodInvocationHelper.invokeMethod(MethodInvocationHelper.java:84)
	at org.testng.internal.Invoker.invokeMethod(Invoker.java:714)
	at org.testng.internal.Invoker.invokeTestMethod(Invoker.java:901)
	at org.testng.internal.Invoker.invokeTestMethods(Invoker.java:1231)
	at org.testng.internal.TestMethodWorker.invokeTestMethods(TestMethodWorker.java:127)
	at org.testng.internal.TestMethodWorker.run(TestMethodWorker.java:111)
	at org.testng.TestRunner.privateRun(TestRunner.java:767)
	at org.testng.TestRunner.run(TestRunner.java:617)
	at org.testng.SuiteRunner.runTest(SuiteRunner.java:334)
	at org.testng.SuiteRunner.runSequentially(SuiteRunner.java:329)
	at org.testng.SuiteRunner.privateRun(SuiteRunner.java:291)
	at org.testng.SuiteRunner.run(SuiteRunner.java:240)
	at org.testng.SuiteRunnerWorker.runSuite(SuiteRunnerWorker.java:52)
	at org.testng.SuiteRunnerWorker.run(SuiteRunnerWorker.java:86)
	at org.testng.TestNG.runSuitesSequentially(TestNG.java:1224)
	at org.testng.TestNG.runSuitesLocally(TestNG.java:1149)
	at org.testng.TestNG.run(TestNG.java:1057)
	at org.testng.TestNG.privateMain(TestNG.java:1364)
	at org.testng.TestNG.main(TestNG.java:1333)
]]>
    </error>
  </testcase> <!-- deployWK -->
  <testcase name="deployWK" time="20.076" classname="com.code.test.ibnmsConfig.WKlistTest"/>
  <testcase name="deployWK" time="26.148" classname="com.code.test.ibnmsConfig.WKlistTest">
    <error type="java.lang.AssertionError" message="{用例描述=部署可用MQ, 列表匹配数据=seleniumWK, 操作类型=部署, 列表选择器=名称, 期望值=已部署, 结束标记=结束, 用例编号=CASE5, 是否运行=是, 备注=, 状态字段=部署状态} expected [已部署] but found [未部署]">
      <![CDATA[java.lang.AssertionError: {用例描述=部署可用MQ, 列表匹配数据=seleniumWK, 操作类型=部署, 列表选择器=名称, 期望值=已部署, 结束标记=结束, 用例编号=CASE5, 是否运行=是, 备注=, 状态字段=部署状态} expected [已部署] but found [未部署]
	at org.testng.Assert.fail(Assert.java:94)
	at org.testng.Assert.failNotEquals(Assert.java:494)
	at org.testng.Assert.assertEquals(Assert.java:123)
	at com.code.common.Tools.assertEquals(Unknown Source)
	at com.code.test.ibnmsConfig.WKlistTest.deployWK(Unknown Source)
	at sun.reflect.NativeMethodAccessorImpl.invoke0(Native Method)
	at sun.reflect.NativeMethodAccessorImpl.invoke(NativeMethodAccessorImpl.java:39)
	at sun.reflect.DelegatingMethodAccessorImpl.invoke(DelegatingMethodAccessorImpl.java:25)
	at java.lang.reflect.Method.invoke(Method.java:597)
	at org.testng.internal.MethodInvocationHelper.invokeMethod(MethodInvocationHelper.java:84)
	at org.testng.internal.Invoker.invokeMethod(Invoker.java:714)
	at org.testng.internal.Invoker.invokeTestMethod(Invoker.java:901)
	at org.testng.internal.Invoker.invokeTestMethods(Invoker.java:1231)
	at org.testng.internal.TestMethodWorker.invokeTestMethods(TestMethodWorker.java:127)
	at org.testng.internal.TestMethodWorker.run(TestMethodWorker.java:111)
	at org.testng.TestRunner.privateRun(TestRunner.java:767)
	at org.testng.TestRunner.run(TestRunner.java:617)
	at org.testng.SuiteRunner.runTest(SuiteRunner.java:334)
	at org.testng.SuiteRunner.runSequentially(SuiteRunner.java:329)
	at org.testng.SuiteRunner.privateRun(SuiteRunner.java:291)
	at org.testng.SuiteRunner.run(SuiteRunner.java:240)
	at org.testng.SuiteRunnerWorker.runSuite(SuiteRunnerWorker.java:52)
	at org.testng.SuiteRunnerWorker.run(SuiteRunnerWorker.java:86)
	at org.testng.TestNG.runSuitesSequentially(TestNG.java:1224)
	at org.testng.TestNG.runSuitesLocally(TestNG.java:1149)
	at org.testng.TestNG.run(TestNG.java:1057)
	at org.testng.TestNG.privateMain(TestNG.java:1364)
	at org.testng.TestNG.main(TestNG.java:1333)
]]>
    </error>
  </testcase> <!-- deployWK -->
  <testcase name="deployWK" time="26.341" classname="com.code.test.ibnmsConfig.WKlistTest">
    <error type="java.lang.AssertionError" message="{用例描述=部署可用MQ, 列表匹配数据=seleniumWK, 操作类型=部署, 列表选择器=名称, 期望值=已部署, 结束标记=结束, 用例编号=CASE5, 是否运行=是, 备注=, 状态字段=部署状态} expected [已部署] but found [未部署]">
      <![CDATA[java.lang.AssertionError: {用例描述=部署可用MQ, 列表匹配数据=seleniumWK, 操作类型=部署, 列表选择器=名称, 期望值=已部署, 结束标记=结束, 用例编号=CASE5, 是否运行=是, 备注=, 状态字段=部署状态} expected [已部署] but found [未部署]
	at org.testng.Assert.fail(Assert.java:94)
	at org.testng.Assert.failNotEquals(Assert.java:494)
	at org.testng.Assert.assertEquals(Assert.java:123)
	at com.code.common.Tools.assertEquals(Unknown Source)
	at com.code.test.ibnmsConfig.WKlistTest.deployWK(Unknown Source)
	at sun.reflect.NativeMethodAccessorImpl.invoke0(Native Method)
	at sun.reflect.NativeMethodAccessorImpl.invoke(NativeMethodAccessorImpl.java:39)
	at sun.reflect.DelegatingMethodAccessorImpl.invoke(DelegatingMethodAccessorImpl.java:25)
	at java.lang.reflect.Method.invoke(Method.java:597)
	at org.testng.internal.MethodInvocationHelper.invokeMethod(MethodInvocationHelper.java:84)
	at org.testng.internal.Invoker.invokeMethod(Invoker.java:714)
	at org.testng.internal.Invoker.invokeTestMethod(Invoker.java:901)
	at org.testng.internal.Invoker.invokeTestMethods(Invoker.java:1231)
	at org.testng.internal.TestMethodWorker.invokeTestMethods(TestMethodWorker.java:127)
	at org.testng.internal.TestMethodWorker.run(TestMethodWorker.java:111)
	at org.testng.TestRunner.privateRun(TestRunner.java:767)
	at org.testng.TestRunner.run(TestRunner.java:617)
	at org.testng.SuiteRunner.runTest(SuiteRunner.java:334)
	at org.testng.SuiteRunner.runSequentially(SuiteRunner.java:329)
	at org.testng.SuiteRunner.privateRun(SuiteRunner.java:291)
	at org.testng.SuiteRunner.run(SuiteRunner.java:240)
	at org.testng.SuiteRunnerWorker.runSuite(SuiteRunnerWorker.java:52)
	at org.testng.SuiteRunnerWorker.run(SuiteRunnerWorker.java:86)
	at org.testng.TestNG.runSuitesSequentially(TestNG.java:1224)
	at org.testng.TestNG.runSuitesLocally(TestNG.java:1149)
	at org.testng.TestNG.run(TestNG.java:1057)
	at org.testng.TestNG.privateMain(TestNG.java:1364)
	at org.testng.TestNG.main(TestNG.java:1333)
]]>
    </error>
  </testcase> <!-- deployWK -->
  <testcase name="operateWK" time="38.993" classname="com.code.test.ibnmsConfig.WKlistTest"/>
  <testcase name="deployWK" time="28.745" classname="com.code.test.ibnmsConfig.WKlistTest">
    <error type="java.lang.AssertionError" message="{用例描述=部署MQ, 列表匹配数据=seleniumIBMWK1, 操作类型=部署, 列表选择器=名称, 期望值=已部署, 结束标记=结束, 用例编号=CASE1, 是否运行=是, 备注=, 状态字段=部署状态} expected [已部署] but found [未部署]">
      <![CDATA[java.lang.AssertionError: {用例描述=部署MQ, 列表匹配数据=seleniumIBMWK1, 操作类型=部署, 列表选择器=名称, 期望值=已部署, 结束标记=结束, 用例编号=CASE1, 是否运行=是, 备注=, 状态字段=部署状态} expected [已部署] but found [未部署]
	at org.testng.Assert.fail(Assert.java:94)
	at org.testng.Assert.failNotEquals(Assert.java:494)
	at org.testng.Assert.assertEquals(Assert.java:123)
	at com.code.common.Tools.assertEquals(Unknown Source)
	at com.code.test.ibnmsConfig.WKlistTest.deployWK(Unknown Source)
	at sun.reflect.NativeMethodAccessorImpl.invoke0(Native Method)
	at sun.reflect.NativeMethodAccessorImpl.invoke(NativeMethodAccessorImpl.java:39)
	at sun.reflect.DelegatingMethodAccessorImpl.invoke(DelegatingMethodAccessorImpl.java:25)
	at java.lang.reflect.Method.invoke(Method.java:597)
	at org.testng.internal.MethodInvocationHelper.invokeMethod(MethodInvocationHelper.java:84)
	at org.testng.internal.Invoker.invokeMethod(Invoker.java:714)
	at org.testng.internal.Invoker.invokeTestMethod(Invoker.java:901)
	at org.testng.internal.Invoker.invokeTestMethods(Invoker.java:1231)
	at org.testng.internal.TestMethodWorker.invokeTestMethods(TestMethodWorker.java:127)
	at org.testng.internal.TestMethodWorker.run(TestMethodWorker.java:111)
	at org.testng.TestRunner.privateRun(TestRunner.java:767)
	at org.testng.TestRunner.run(TestRunner.java:617)
	at org.testng.SuiteRunner.runTest(SuiteRunner.java:334)
	at org.testng.SuiteRunner.runSequentially(SuiteRunner.java:329)
	at org.testng.SuiteRunner.privateRun(SuiteRunner.java:291)
	at org.testng.SuiteRunner.run(SuiteRunner.java:240)
	at org.testng.SuiteRunnerWorker.runSuite(SuiteRunnerWorker.java:52)
	at org.testng.SuiteRunnerWorker.run(SuiteRunnerWorker.java:86)
	at org.testng.TestNG.runSuitesSequentially(TestNG.java:1224)
	at org.testng.TestNG.runSuitesLocally(TestNG.java:1149)
	at org.testng.TestNG.run(TestNG.java:1057)
	at org.testng.TestNG.privateMain(TestNG.java:1364)
	at org.testng.TestNG.main(TestNG.java:1333)
]]>
    </error>
  </testcase> <!-- deployWK -->
  <testcase name="deployWK" time="20.052" classname="com.code.test.ibnmsConfig.WKlistTest"/>
  <testcase name="deployWK" time="37.704" classname="com.code.test.ibnmsConfig.WKlistTest"/>
</testsuite> <!-- com.code.test.ibnmsConfig.WKlistTest -->
